MPASM  5.51                         LEDS8.ASM   9-15-2021  12:08:28         PAGE  1


LOC  OBJECT CODE     LINE SOURCE TEXT
  VALUE

2007   3FF1           00001         __CONFIG _CP_OFF&_WDT_OFF&_PWRTE_ON&_XT_OSC
                      00002                 LIST    P=16F84A
                      00003                 INCLUDE <P16F84A.INC>
                      00001         LIST
                      00002 
                      00003 ;==========================================================================
                      00004 ;  MPASM PIC16F84A processor include
                      00005 ; 
                      00006 ;  (c) Copyright 1999-2013 Microchip Technology, All rights reserved
                      00007 ;==========================================================================
                      00008 
                      00208         LIST
  00000055            00004 Constante       EQU b'01010101'
  0000000C            00005 PDel0   EQU     0C
  0000000D            00006 PDel1   EQU 0D  
                      00007 
0000                  00008                 ORG     0
0000                  00009 Inicio
0000   1683           00010                 bsf     STATUS,RP0
Message[302]: Register in operand not in bank 0.  Ensure that bank bits are correct.
0001   0186           00011                 clrf    TRISB
0002   1283           00012                 bcf             STATUS,RP0
0003                  00013 Principal
0003   3055           00014                 movlw   Constante
0004   0086           00015             movwf       PORTB
0005   200D           00016             call        pausa
0006   0086           00017             movwf       PORTB
0007   200D           00018             call        pausa
0008   0086           00019                 movwf   PORTB
0009   200D           00020             call        pausa
000A   0086           00021                 movwf   PORTB
000B   200D           00022             call        pausa
000C   2803           00023             goto        Principal
000D                  00024 pausa
000D   3098           00025                 movlw   .152
000E   008C           00026                 movwf   PDel0
000F   3096           00027 PLoop1  movlw   .150
0010   008D           00028                 movwf   PDel1
0011   0064           00029 PLoop2  clrwdt
0012   2813           00030 PDelL1  goto PDelL2
0013   2814           00031 PDelL2  goto PDelL3
0014   0064           00032 PDelL3  clrwdt
0015   0B8D           00033                 decfsz  PDel1,1
0016   2811           00034                 goto    PLoop2
0017   0B8C           00035                 decfsz  PDel0,1
0018   280F           00036                 goto    PLoop1
0019   281A           00037 PDelL4  goto PDelL5
001A   281B           00038 PDelL5  goto PDelL6
001B   281C           00039 PDelL6  goto PDelL7
001C   0064           00040 PDelL7  clrwdt
001D   0008           00041                 return
                      00042                 END
MPASM  5.51                         LEDS8.ASM   9-15-2021  12:08:28         PAGE  2


SYMBOL TABLE
  LABEL                             VALUE 

C                                 00000000
Constante                         00000055
DC                                00000001
EEADR                             00000009
EECON1                            00000088
EECON2                            00000089
EEDATA                            00000008
EEIE                              00000006
EEIF                              00000004
F                                 00000001
FSR                               00000004
GIE                               00000007
INDF                              00000000
INTCON                            0000000B
INTE                              00000004
INTEDG                            00000006
INTF                              00000001
IRP                               00000007
Inicio                            00000000
NOT_PD                            00000003
NOT_RBPU                          00000007
NOT_TO                            00000004
OPTION_REG                        00000081
PCL                               00000002
PCLATH                            0000000A
PDel0                             0000000C
PDel1                             0000000D
PDelL1                            00000012
PDelL2                            00000013
PDelL3                            00000014
PDelL4                            00000019
PDelL5                            0000001A
PDelL6                            0000001B
PDelL7                            0000001C
PLoop1                            0000000F
PLoop2                            00000011
PORTA                             00000005
PORTB                             00000006
PS0                               00000000
PS1                               00000001
PS2                               00000002
PSA                               00000003
Principal                         00000003
RA0                               00000000
RA1                               00000001
RA2                               00000002
RA3                               00000003
RA4                               00000004
RB0                               00000000
RB1                               00000001
RB2                               00000002
RB3                               00000003
RB4                               00000004
MPASM  5.51                         LEDS8.ASM   9-15-2021  12:08:28         PAGE  3


SYMBOL TABLE
  LABEL                             VALUE 

RB5                               00000005
RB6                               00000006
RB7                               00000007
RBIE                              00000003
RBIF                              00000000
RD                                00000000
RP0                               00000005
RP1                               00000006
STATUS                            00000003
T0CS                              00000005
T0IE                              00000005
T0IF                              00000002
T0SE                              00000004
TMR0                              00000001
TMR0IE                            00000005
TMR0IF                            00000002
TRISA                             00000085
TRISA0                            00000000
TRISA1                            00000001
TRISA2                            00000002
TRISA3                            00000003
TRISA4                            00000004
TRISB                             00000086
TRISB0                            00000000
TRISB1                            00000001
TRISB2                            00000002
TRISB3                            00000003
TRISB4                            00000004
TRISB5                            00000005
TRISB6                            00000006
TRISB7                            00000007
W                                 00000000
WR                                00000001
WREN                              00000002
WRERR                             00000003
Z                                 00000002
_CONFIG                           00002007
_CP_OFF                           00003FFF
_CP_ON                            0000000F
_DEVID1                           00002006
_FOSC_EXTRC                       00003FFF
_FOSC_HS                          00003FFE
_FOSC_LP                          00003FFC
_FOSC_XT                          00003FFD
_HS_OSC                           00003FFE
_IDLOC0                           00002000
_IDLOC1                           00002001
_IDLOC2                           00002002
_IDLOC3                           00002003
_LP_OSC                           00003FFC
_PWRTE_OFF                        00003FFF
_PWRTE_ON                         00003FF7
_RC_OSC                           00003FFF
MPASM  5.51                         LEDS8.ASM   9-15-2021  12:08:28         PAGE  4


SYMBOL TABLE
  LABEL                             VALUE 

_WDTE_OFF                         00003FFB
_WDTE_ON                          00003FFF
_WDT_OFF                          00003FFB
_WDT_ON                           00003FFF
_XT_OSC                           00003FFD
__16F84A                          00000001
pausa                             0000000D


MEMORY USAGE MAP ('X' = Used,  '-' = Unused)

0000 : XXXXXXXXXXXXXXXX XXXXXXXXXXXXXX-- ---------------- ----------------
2000 : -------X-------- ---------------- ---------------- ----------------

All other memory blocks unused.

Program Memory Words Used:    30
Program Memory Words Free:   994


Errors   :     0
Warnings :     0 reported,     0 suppressed
Messages :     1 reported,     0 suppressed

