;  LST file generated by mikroListExporter - v.2.0 
; Date/Time: 27/10/2021 01:10:17
;----------------------------------------------

;Address Opcode 	ASM
0x0000	0x2891      	GOTO       145
_____DoICP:
;__Lib_System.c,6 :: 		
;__Lib_System.c,9 :: 		
0x0003	0x1283      	BCF        STATUS, 5
0x0004	0x1303      	BCF        STATUS, 6
0x0005	0x0823      	MOVF       ___DoICPAddr+1, 0
0x0006	0x008A      	MOVWF      PCLATH
;__Lib_System.c,10 :: 		
0x0007	0x0822      	MOVF       ___DoICPAddr, 0
0x0008	0x0082      	MOVWF      PCL
;__Lib_System.c,12 :: 		
L_end_____DoICP:
0x0009	0x0008      	RETURN
; end of _____DoICP
___CC2DW:
;__Lib_System.c,134 :: 		
;__Lib_System.c,137 :: 		
_CC2D_Loop1:
;__Lib_System.c,139 :: 		
0x000A	0x2003      	CALL       _____DoICP
0x000B	0x118A      	BCF        PCLATH, 3
0x000C	0x120A      	BCF        PCLATH, 4
;__Lib_System.c,141 :: 		
0x000D	0x0080      	MOVWF      INDF
;__Lib_System.c,142 :: 		
0x000E	0x0A84      	INCF       FSR, 1
;__Lib_System.c,143 :: 		
0x000F	0x0AA2      	INCF       ___DoICPAddr, 1
;__Lib_System.c,145 :: 		
0x0010	0x1903      	BTFSC      STATUS, 2
;__Lib_System.c,146 :: 		
0x0011	0x0AA3      	INCF       ___DoICPAddr+1, 1
;__Lib_System.c,147 :: 		
0x0012	0x03F0      	DECF       R0, 1
;__Lib_System.c,149 :: 		
0x0013	0x1D03      	BTFSS      STATUS, 2
;__Lib_System.c,150 :: 		
0x0014	0x280A      	GOTO       _CC2D_Loop1
;__Lib_System.c,152 :: 		
L_end___CC2DW:
0x0015	0x0008      	RETURN
; end of ___CC2DW
_BIN_a_BCD:
;Mikro_subrutina_01_877A.c,2 :: 		int BIN_a_BCD (int *num1, int *num2){
;Mikro_subrutina_01_877A.c,3 :: 		int Millares=0, Centenas=0, Decenas=0, Unidades=0;
0x0016	0x1283      	BCF        STATUS, 5
0x0017	0x1303      	BCF        STATUS, 6
0x0018	0x01AA      	CLRF       BIN_a_BCD_Millares_L0
0x0019	0x01AB      	CLRF       BIN_a_BCD_Millares_L0+1
0x001A	0x01AC      	CLRF       BIN_a_BCD_Centenas_L0
0x001B	0x01AD      	CLRF       BIN_a_BCD_Centenas_L0+1
0x001C	0x01AE      	CLRF       BIN_a_BCD_Decenas_L0
0x001D	0x01AF      	CLRF       BIN_a_BCD_Decenas_L0+1
0x001E	0x01B0      	CLRF       BIN_a_BCD_Unidades_L0
0x001F	0x01B1      	CLRF       BIN_a_BCD_Unidades_L0+1
;Mikro_subrutina_01_877A.c,5 :: 		Unidades=*num1;
0x0020	0x0828      	MOVF       FARG_BIN_a_BCD_num1, 0
0x0021	0x0084      	MOVWF      FSR
0x0022	0x0800      	MOVF       INDF, 0
0x0023	0x00B0      	MOVWF      BIN_a_BCD_Unidades_L0
0x0024	0x0A84      	INCF       FSR, 1
0x0025	0x0800      	MOVF       INDF, 0
0x0026	0x00B1      	MOVWF      BIN_a_BCD_Unidades_L0+1
;Mikro_subrutina_01_877A.c,6 :: 		while(Unidades>=10){
L_BIN_a_BCD0:
0x0027	0x3080      	MOVLW      128
0x0028	0x0631      	XORWF      BIN_a_BCD_Unidades_L0+1, 0
0x0029	0x00F0      	MOVWF      R0
0x002A	0x3080      	MOVLW      128
0x002B	0x0270      	SUBWF      R0, 0
0x002C	0x1D03      	BTFSS      STATUS, 2
0x002D	0x2830      	GOTO       L__BIN_a_BCD8
0x002E	0x300A      	MOVLW      10
0x002F	0x0230      	SUBWF      BIN_a_BCD_Unidades_L0, 0
L__BIN_a_BCD8:
0x0030	0x1C03      	BTFSS      STATUS, 0
0x0031	0x285A      	GOTO       L_BIN_a_BCD1
;Mikro_subrutina_01_877A.c,7 :: 		Unidades=Unidades-10;
0x0032	0x300A      	MOVLW      10
0x0033	0x02B0      	SUBWF      BIN_a_BCD_Unidades_L0, 1
0x0034	0x1C03      	BTFSS      STATUS, 0
0x0035	0x03B1      	DECF       BIN_a_BCD_Unidades_L0+1, 1
;Mikro_subrutina_01_877A.c,8 :: 		Decenas++;
0x0036	0x0AAE      	INCF       BIN_a_BCD_Decenas_L0, 1
0x0037	0x1903      	BTFSC      STATUS, 2
0x0038	0x0AAF      	INCF       BIN_a_BCD_Decenas_L0+1, 1
;Mikro_subrutina_01_877A.c,9 :: 		if(Decenas>=10){
0x0039	0x3080      	MOVLW      128
0x003A	0x062F      	XORWF      BIN_a_BCD_Decenas_L0+1, 0
0x003B	0x00F0      	MOVWF      R0
0x003C	0x3080      	MOVLW      128
0x003D	0x0270      	SUBWF      R0, 0
0x003E	0x1D03      	BTFSS      STATUS, 2
0x003F	0x2842      	GOTO       L__BIN_a_BCD9
0x0040	0x300A      	MOVLW      10
0x0041	0x022E      	SUBWF      BIN_a_BCD_Decenas_L0, 0
L__BIN_a_BCD9:
0x0042	0x1C03      	BTFSS      STATUS, 0
0x0043	0x2849      	GOTO       L_BIN_a_BCD2
;Mikro_subrutina_01_877A.c,10 :: 		Decenas=0;
0x0044	0x01AE      	CLRF       BIN_a_BCD_Decenas_L0
0x0045	0x01AF      	CLRF       BIN_a_BCD_Decenas_L0+1
;Mikro_subrutina_01_877A.c,11 :: 		Centenas++;
0x0046	0x0AAC      	INCF       BIN_a_BCD_Centenas_L0, 1
0x0047	0x1903      	BTFSC      STATUS, 2
0x0048	0x0AAD      	INCF       BIN_a_BCD_Centenas_L0+1, 1
;Mikro_subrutina_01_877A.c,12 :: 		}
L_BIN_a_BCD2:
;Mikro_subrutina_01_877A.c,13 :: 		if(Centenas>=10){
0x0049	0x3080      	MOVLW      128
0x004A	0x062D      	XORWF      BIN_a_BCD_Centenas_L0+1, 0
0x004B	0x00F0      	MOVWF      R0
0x004C	0x3080      	MOVLW      128
0x004D	0x0270      	SUBWF      R0, 0
0x004E	0x1D03      	BTFSS      STATUS, 2
0x004F	0x2852      	GOTO       L__BIN_a_BCD10
0x0050	0x300A      	MOVLW      10
0x0051	0x022C      	SUBWF      BIN_a_BCD_Centenas_L0, 0
L__BIN_a_BCD10:
0x0052	0x1C03      	BTFSS      STATUS, 0
0x0053	0x2859      	GOTO       L_BIN_a_BCD3
;Mikro_subrutina_01_877A.c,14 :: 		Centenas=0;
0x0054	0x01AC      	CLRF       BIN_a_BCD_Centenas_L0
0x0055	0x01AD      	CLRF       BIN_a_BCD_Centenas_L0+1
;Mikro_subrutina_01_877A.c,15 :: 		Millares++;
0x0056	0x0AAA      	INCF       BIN_a_BCD_Millares_L0, 1
0x0057	0x1903      	BTFSC      STATUS, 2
0x0058	0x0AAB      	INCF       BIN_a_BCD_Millares_L0+1, 1
;Mikro_subrutina_01_877A.c,16 :: 		}
L_BIN_a_BCD3:
;Mikro_subrutina_01_877A.c,17 :: 		}
0x0059	0x2827      	GOTO       L_BIN_a_BCD0
L_BIN_a_BCD1:
;Mikro_subrutina_01_877A.c,19 :: 		aux1=Millares<<4;
0x005A	0x3004      	MOVLW      4
0x005B	0x00F2      	MOVWF      R2
0x005C	0x082A      	MOVF       BIN_a_BCD_Millares_L0, 0
0x005D	0x00F0      	MOVWF      R0
0x005E	0x082B      	MOVF       BIN_a_BCD_Millares_L0+1, 0
0x005F	0x00F1      	MOVWF      R0+1
0x0060	0x0872      	MOVF       R2, 0
L__BIN_a_BCD11:
0x0061	0x1903      	BTFSC      STATUS, 2
0x0062	0x2868      	GOTO       L__BIN_a_BCD12
0x0063	0x0DF0      	RLF        R0, 1
0x0064	0x0DF1      	RLF        R0+1, 1
0x0065	0x1070      	BCF        R0, 0
0x0066	0x3EFF      	ADDLW      255
0x0067	0x2861      	GOTO       L__BIN_a_BCD11
L__BIN_a_BCD12:
;Mikro_subrutina_01_877A.c,20 :: 		aux1=aux1+Centenas;
0x0068	0x082C      	MOVF       BIN_a_BCD_Centenas_L0, 0
0x0069	0x07F0      	ADDWF      R0, 1
0x006A	0x082D      	MOVF       BIN_a_BCD_Centenas_L0+1, 0
0x006B	0x1803      	BTFSC      STATUS, 0
0x006C	0x3E01      	ADDLW      1
0x006D	0x07F1      	ADDWF      R0+1, 1
;Mikro_subrutina_01_877A.c,21 :: 		*num2=aux1;
0x006E	0x0829      	MOVF       FARG_BIN_a_BCD_num2, 0
0x006F	0x0084      	MOVWF      FSR
0x0070	0x0870      	MOVF       R0, 0
0x0071	0x0080      	MOVWF      INDF
0x0072	0x0871      	MOVF       R0+1, 0
0x0073	0x0A84      	INCF       FSR, 1
0x0074	0x0080      	MOVWF      INDF
;Mikro_subrutina_01_877A.c,23 :: 		aux2=Decenas<<4;
0x0075	0x3004      	MOVLW      4
0x0076	0x00F2      	MOVWF      R2
0x0077	0x082E      	MOVF       BIN_a_BCD_Decenas_L0, 0
0x0078	0x00F0      	MOVWF      R0
0x0079	0x082F      	MOVF       BIN_a_BCD_Decenas_L0+1, 0
0x007A	0x00F1      	MOVWF      R0+1
0x007B	0x0872      	MOVF       R2, 0
L__BIN_a_BCD13:
0x007C	0x1903      	BTFSC      STATUS, 2
0x007D	0x2883      	GOTO       L__BIN_a_BCD14
0x007E	0x0DF0      	RLF        R0, 1
0x007F	0x0DF1      	RLF        R0+1, 1
0x0080	0x1070      	BCF        R0, 0
0x0081	0x3EFF      	ADDLW      255
0x0082	0x287C      	GOTO       L__BIN_a_BCD13
L__BIN_a_BCD14:
;Mikro_subrutina_01_877A.c,24 :: 		aux2=aux2+Unidades;
0x0083	0x0830      	MOVF       BIN_a_BCD_Unidades_L0, 0
0x0084	0x07F0      	ADDWF      R0, 1
0x0085	0x0831      	MOVF       BIN_a_BCD_Unidades_L0+1, 0
0x0086	0x1803      	BTFSC      STATUS, 0
0x0087	0x3E01      	ADDLW      1
0x0088	0x07F1      	ADDWF      R0+1, 1
;Mikro_subrutina_01_877A.c,25 :: 		*num1=aux2;
0x0089	0x0828      	MOVF       FARG_BIN_a_BCD_num1, 0
0x008A	0x0084      	MOVWF      FSR
0x008B	0x0870      	MOVF       R0, 0
0x008C	0x0080      	MOVWF      INDF
0x008D	0x0871      	MOVF       R0+1, 0
0x008E	0x0A84      	INCF       FSR, 1
0x008F	0x0080      	MOVWF      INDF
;Mikro_subrutina_01_877A.c,26 :: 		}
L_end_BIN_a_BCD:
0x0090	0x0008      	RETURN
; end of _BIN_a_BCD
_main:
0x0091	0x30D9      	MOVLW      217
0x0092	0x1283      	BCF        STATUS, 5
0x0093	0x1303      	BCF        STATUS, 6
0x0094	0x00A0      	MOVWF      _Numero
0x0095	0x3022      	MOVLW      34
0x0096	0x00A1      	MOVWF      33
;Mikro_subrutina_01_877A.c,28 :: 		void main() {
;Mikro_subrutina_01_877A.c,29 :: 		int pc=0, pd;
0x0097	0x01A6      	CLRF       main_pc_L0
0x0098	0x01A7      	CLRF       main_pc_L0+1
;Mikro_subrutina_01_877A.c,30 :: 		TRISC=0;
0x0099	0x1683      	BSF        STATUS, 5
0x009A	0x0187      	CLRF       TRISC
;Mikro_subrutina_01_877A.c,31 :: 		TRISD=0;
0x009B	0x0188      	CLRF       TRISD
;Mikro_subrutina_01_877A.c,32 :: 		do{
L_main4:
;Mikro_subrutina_01_877A.c,33 :: 		pc=Numero;
0x009C	0x1283      	BCF        STATUS, 5
0x009D	0x0820      	MOVF       _Numero, 0
0x009E	0x00A6      	MOVWF      main_pc_L0
0x009F	0x0821      	MOVF       _Numero+1, 0
0x00A0	0x00A7      	MOVWF      main_pc_L0+1
;Mikro_subrutina_01_877A.c,34 :: 		BIN_a_BCD (&pc,&pd);
0x00A1	0x3026      	MOVLW      main_pc_L0
0x00A2	0x00A8      	MOVWF      FARG_BIN_a_BCD_num1
0x00A3	0x3024      	MOVLW      main_pd_L0
0x00A4	0x00A9      	MOVWF      FARG_BIN_a_BCD_num2
0x00A5	0x2016      	CALL       _BIN_a_BCD
;Mikro_subrutina_01_877A.c,35 :: 		PORTC=pc;//&0b0000000011111111;
0x00A6	0x0826      	MOVF       main_pc_L0, 0
0x00A7	0x0087      	MOVWF      PORTC
;Mikro_subrutina_01_877A.c,36 :: 		PORTD=pd;//&0b1111111100000000;
0x00A8	0x0824      	MOVF       main_pd_L0, 0
0x00A9	0x0088      	MOVWF      PORTD
;Mikro_subrutina_01_877A.c,37 :: 		}while (1);
0x00AA	0x289C      	GOTO       L_main4
;Mikro_subrutina_01_877A.c,38 :: 		}
L_end_main:
0x00AB	0x28AB      	GOTO       $+0
; end of _main
Symbol List:
//** Routines locations **
//ADDRESS    SIZE    PROCEDURE
//----------------------------------------------
0x0003       [7]    _____DoICP
0x000A      [12]    ___CC2DW
0x0016     [123]    _BIN_a_BCD
0x0091      [27]    _main
//** Variables locations ** 
//ADDRESS    SIZE    VARIABLE
//----------------------------------------------
0x0000       [1]    INDF
0x0002       [1]    PCL
0x0003       [1]    STATUS
0x0004       [1]    FSR
0x0007       [1]    PORTC
0x0008       [1]    PORTD
0x000A       [1]    PCLATH
0x0020       [2]    _Numero
0x0022       [2]    ___DoICPAddr
0x0024       [2]    main_pd_L0
0x0026       [2]    main_pc_L0
0x0028       [1]    FARG_BIN_a_BCD_num1
0x0029       [1]    FARG_BIN_a_BCD_num2
0x002A       [2]    BIN_a_BCD_Millares_L0
0x002C       [2]    BIN_a_BCD_Centenas_L0
0x002E       [2]    BIN_a_BCD_Decenas_L0
0x0030       [2]    BIN_a_BCD_Unidades_L0
0x0070       [1]    R0
0x0071       [1]    R1
0x0072       [1]    R2
0x0073       [1]    R3
0x0074       [1]    R4
0x0075       [1]    R5
0x0076       [1]    R6
0x0077       [1]    R7
0x0078       [1]    R8
0x0079       [1]    R9
0x007A       [1]    R10
0x007B       [1]    R11
0x007C       [1]    R12
0x007D       [1]    R13
0x007E       [1]    R14
0x007F       [1]    R15
0x0087       [1]    TRISC
0x0088       [1]    TRISD
//** Label List: ** 
//----------------------------------------------
  L_BIN_a_BCD0
  L_BIN_a_BCD1
  L_BIN_a_BCD2
  L_BIN_a_BCD3
  L_main4
  L_main5
  L_main6
  L_end_BIN_a_BCD
  _BIN_a_BCD
  L__BIN_a_BCD8
  L__BIN_a_BCD9
  L__BIN_a_BCD10
  L__BIN_a_BCD11
  L__BIN_a_BCD12
  L__BIN_a_BCD13
  L__BIN_a_BCD14
  L_end_main
  _main
  L_loopCA2AWs
  L_CA2AWend
  _CCA2AW_Loop1
  L_loopCS2Ss
  L_CS2Send
  _CCS2S_Loop1
  L_CCS2Send
  L_loopFZinSWs
  L_FZinSend
  _CC2D_Loop1
  L_end_____DoICP
  _____DoICP
  L_end_____DoIFC
  _____DoIFC
  L_end___CA2AW
  ___CA2AW
  L_end___CCA2AW
  ___CCA2AW
  L_end___CS2S
  ___CS2S
  L_end___CCS2S
  ___CCS2S
  L_end___FZinS
  ___FZinS
  L_end___CC2DW
  ___CC2DW
  L_end_Swap
  _Swap
