;  LST file generated by mikroListExporter - v.2.0 
; Date/Time: 27/10/2021 13:02:06
;----------------------------------------------

;Address Opcode 	ASM
0x0000	0x2856      	GOTO       86
_____DoICP:
;__Lib_System.c,6 :: 		
;__Lib_System.c,9 :: 		
0x0003	0x1283      	BCF        STATUS, 5
0x0004	0x080E      	MOVF       ___DoICPAddr+1, 0
0x0005	0x008A      	MOVWF      PCLATH
;__Lib_System.c,10 :: 		
0x0006	0x080D      	MOVF       ___DoICPAddr, 0
0x0007	0x0082      	MOVWF      PCL
;__Lib_System.c,12 :: 		
L_end_____DoICP:
0x0008	0x0008      	RETURN
; end of _____DoICP
___CC2DW:
;__Lib_System.c,134 :: 		
;__Lib_System.c,137 :: 		
_CC2D_Loop1:
;__Lib_System.c,139 :: 		
0x0009	0x2003      	CALL       _____DoICP
0x000A	0x118A      	BCF        PCLATH, 3
0x000B	0x120A      	BCF        PCLATH, 4
;__Lib_System.c,141 :: 		
0x000C	0x0080      	MOVWF      INDF
;__Lib_System.c,142 :: 		
0x000D	0x0A84      	INCF       FSR, 1
;__Lib_System.c,143 :: 		
0x000E	0x0A8D      	INCF       ___DoICPAddr, 1
;__Lib_System.c,145 :: 		
0x000F	0x1903      	BTFSC      STATUS, 2
;__Lib_System.c,146 :: 		
0x0010	0x0A8E      	INCF       ___DoICPAddr+1, 1
;__Lib_System.c,147 :: 		
0x0011	0x03C0      	DECF       R0, 1
;__Lib_System.c,149 :: 		
0x0012	0x1D03      	BTFSS      STATUS, 2
;__Lib_System.c,150 :: 		
0x0013	0x2809      	GOTO       _CC2D_Loop1
;__Lib_System.c,152 :: 		
L_end___CC2DW:
0x0014	0x0008      	RETURN
; end of ___CC2DW
_ascii_a_7segmentos:
;display_7s.h,1 :: 		char ascii_a_7segmentos (char car) {
;display_7s.h,5 :: 		0x3F,0x73,0x67,0x50,0x6D,0x78,0x1C,0x3E,0x1D,0x70,0x6E,0x49};
0x0015	0x3073      	MOVLW      ?ICSascii_a_7segmentos_dato_L0
0x0016	0x1283      	BCF        STATUS, 5
0x0017	0x008D      	MOVWF      ___DoICPAddr
0x0018	0x3000      	MOVLW      hi_addr(?ICSascii_a_7segmentos_dato_L0)
0x0019	0x008E      	MOVWF      ___DoICPAddr+1
0x001A	0x3010      	MOVLW      ascii_a_7segmentos_dato_L0
0x001B	0x0084      	MOVWF      FSR
0x001C	0x3030      	MOVLW      48
0x001D	0x00C0      	MOVWF      R0
0x001E	0x2009      	CALL       ___CC2DW
;display_7s.h,6 :: 		if (car>='+' && car<='Z'){
0x001F	0x302B      	MOVLW      43
0x0020	0x020F      	SUBWF      FARG_ascii_a_7segmentos_car, 0
0x0021	0x1C03      	BTFSS      STATUS, 0
0x0022	0x2833      	GOTO       L_ascii_a_7segmentos2
0x0023	0x080F      	MOVF       FARG_ascii_a_7segmentos_car, 0
0x0024	0x3C5A      	SUBLW      90
0x0025	0x1C03      	BTFSS      STATUS, 0
0x0026	0x2833      	GOTO       L_ascii_a_7segmentos2
L__ascii_a_7segmentos16:
;display_7s.h,7 :: 		return dato[car-43];
0x0027	0x302B      	MOVLW      43
0x0028	0x020F      	SUBWF      FARG_ascii_a_7segmentos_car, 0
0x0029	0x00C0      	MOVWF      R0
0x002A	0x01C1      	CLRF       R0+1
0x002B	0x1C03      	BTFSS      STATUS, 0
0x002C	0x03C1      	DECF       R0+1, 1
0x002D	0x0840      	MOVF       R0, 0
0x002E	0x3E10      	ADDLW      ascii_a_7segmentos_dato_L0
0x002F	0x0084      	MOVWF      FSR
0x0030	0x0800      	MOVF       INDF, 0
0x0031	0x00C0      	MOVWF      R0
0x0032	0x2842      	GOTO       L_end_ascii_a_7segmentos
;display_7s.h,8 :: 		}
L_ascii_a_7segmentos2:
;display_7s.h,10 :: 		if (car=='Ñ')
0x0033	0x080F      	MOVF       FARG_ascii_a_7segmentos_car, 0
0x0034	0x3AD1      	XORLW      209
0x0035	0x1D03      	BTFSS      STATUS, 2
0x0036	0x283A      	GOTO       L_ascii_a_7segmentos4
;display_7s.h,11 :: 		return 0x55;
0x0037	0x3055      	MOVLW      85
0x0038	0x00C0      	MOVWF      R0
0x0039	0x2842      	GOTO       L_end_ascii_a_7segmentos
L_ascii_a_7segmentos4:
;display_7s.h,13 :: 		if (car=='°')
0x003A	0x080F      	MOVF       FARG_ascii_a_7segmentos_car, 0
0x003B	0x3AB0      	XORLW      176
0x003C	0x1D03      	BTFSS      STATUS, 2
0x003D	0x2841      	GOTO       L_ascii_a_7segmentos6
;display_7s.h,14 :: 		return 0x63;
0x003E	0x3063      	MOVLW      99
0x003F	0x00C0      	MOVWF      R0
0x0040	0x2842      	GOTO       L_end_ascii_a_7segmentos
L_ascii_a_7segmentos6:
;display_7s.h,16 :: 		return 0x00;
0x0041	0x01C0      	CLRF       R0
;display_7s.h,17 :: 		}
L_end_ascii_a_7segmentos:
0x0042	0x0008      	RETURN
; end of _ascii_a_7segmentos
_InicializaContador:
;Mikro_Pulsador01_84A.c,3 :: 		void InicializaContador(void){
;Mikro_Pulsador01_84A.c,4 :: 		Contador=0;
0x0043	0x1283      	BCF        STATUS, 5
0x0044	0x018C      	CLRF       _Contador
;Mikro_Pulsador01_84A.c,5 :: 		}
L_end_InicializaContador:
0x0045	0x0008      	RETURN
; end of _InicializaContador
_Visualiza:
;Mikro_Pulsador01_84A.c,6 :: 		void Visualiza (void){
;Mikro_Pulsador01_84A.c,7 :: 		PORTB=ascii_a_7segmentos(Contador);
0x0046	0x1283      	BCF        STATUS, 5
0x0047	0x080C      	MOVF       _Contador, 0
0x0048	0x008F      	MOVWF      FARG_ascii_a_7segmentos_car
0x0049	0x2015      	CALL       _ascii_a_7segmentos
0x004A	0x0840      	MOVF       R0, 0
0x004B	0x0086      	MOVWF      PORTB
;Mikro_Pulsador01_84A.c,8 :: 		}
L_end_Visualiza:
0x004C	0x0008      	RETURN
; end of _Visualiza
_IncrementaVisualiza:
;Mikro_Pulsador01_84A.c,9 :: 		void IncrementaVisualiza(){
;Mikro_Pulsador01_84A.c,10 :: 		Contador++;
0x004D	0x1283      	BCF        STATUS, 5
0x004E	0x0A8C      	INCF       _Contador, 1
;Mikro_Pulsador01_84A.c,11 :: 		if(Contador>9)
0x004F	0x080C      	MOVF       _Contador, 0
0x0050	0x3C09      	SUBLW      9
0x0051	0x1803      	BTFSC      STATUS, 0
0x0052	0x2854      	GOTO       L_IncrementaVisualiza8
;Mikro_Pulsador01_84A.c,12 :: 		InicializaContador();
0x0053	0x2043      	CALL       _InicializaContador
L_IncrementaVisualiza8:
;Mikro_Pulsador01_84A.c,13 :: 		Visualiza();
0x0054	0x2046      	CALL       _Visualiza
;Mikro_Pulsador01_84A.c,14 :: 		}
L_end_IncrementaVisualiza:
0x0055	0x0008      	RETURN
; end of _IncrementaVisualiza
_main:
0x0056	0x1283      	BCF        STATUS, 5
0x0057	0x018C      	CLRF       _Contador
;Mikro_Pulsador01_84A.c,16 :: 		void main() {
;Mikro_Pulsador01_84A.c,17 :: 		TRISA=0b00011111;
0x0058	0x301F      	MOVLW      31
0x0059	0x1683      	BSF        STATUS, 5
0x005A	0x0085      	MOVWF      TRISA
;Mikro_Pulsador01_84A.c,18 :: 		TRISB=0;
0x005B	0x0186      	CLRF       TRISB
;Mikro_Pulsador01_84A.c,19 :: 		InicializaContador();
0x005C	0x2043      	CALL       _InicializaContador
;Mikro_Pulsador01_84A.c,20 :: 		visualiza();
0x005D	0x2046      	CALL       _Visualiza
;Mikro_Pulsador01_84A.c,21 :: 		do{
L_main9:
;Mikro_Pulsador01_84A.c,22 :: 		if(PORTA==1){
0x005E	0x0805      	MOVF       PORTA, 0
0x005F	0x3A01      	XORLW      1
0x0060	0x1D03      	BTFSS      STATUS, 2
0x0061	0x2871      	GOTO       L_main12
;Mikro_Pulsador01_84A.c,23 :: 		Delay_ms (20);
0x0062	0x301A      	MOVLW      26
0x0063	0x00CC      	MOVWF      R12
0x0064	0x30F8      	MOVLW      248
0x0065	0x00CD      	MOVWF      R13
L_main13:
0x0066	0x0BCD      	DECFSZ     R13, 1
0x0067	0x2866      	GOTO       L_main13
0x0068	0x0BCC      	DECFSZ     R12, 1
0x0069	0x2866      	GOTO       L_main13
0x006A	0x0000      	NOP
;Mikro_Pulsador01_84A.c,25 :: 		IncrementaVisualiza();
0x006B	0x204D      	CALL       _IncrementaVisualiza
;Mikro_Pulsador01_84A.c,26 :: 		while (PORTA==1);
L_main14:
0x006C	0x0805      	MOVF       PORTA, 0
0x006D	0x3A01      	XORLW      1
0x006E	0x1D03      	BTFSS      STATUS, 2
0x006F	0x2871      	GOTO       L_main15
0x0070	0x286C      	GOTO       L_main14
L_main15:
;Mikro_Pulsador01_84A.c,28 :: 		}
L_main12:
;Mikro_Pulsador01_84A.c,29 :: 		}while(1);
0x0071	0x285E      	GOTO       L_main9
;Mikro_Pulsador01_84A.c,30 :: 		}
L_end_main:
0x0072	0x2872      	GOTO       $+0
; end of _main
;Mikro_Pulsador01_84A.c,0 :: ?ICSascii_a_7segmentos_dato_L0
0x0073	0x3446 ;?ICSascii_a_7segmentos_dato_L0+0
0x0074	0x3404 ;?ICSascii_a_7segmentos_dato_L0+1
0x0075	0x3440 ;?ICSascii_a_7segmentos_dato_L0+2
0x0076	0x3480 ;?ICSascii_a_7segmentos_dato_L0+3
0x0077	0x3400 ;?ICSascii_a_7segmentos_dato_L0+4
0x0078	0x343F ;?ICSascii_a_7segmentos_dato_L0+5
0x0079	0x3406 ;?ICSascii_a_7segmentos_dato_L0+6
0x007A	0x345B ;?ICSascii_a_7segmentos_dato_L0+7
0x007B	0x344F ;?ICSascii_a_7segmentos_dato_L0+8
0x007C	0x3466 ;?ICSascii_a_7segmentos_dato_L0+9
0x007D	0x346D ;?ICSascii_a_7segmentos_dato_L0+10
0x007E	0x347D ;?ICSascii_a_7segmentos_dato_L0+11
0x007F	0x3407 ;?ICSascii_a_7segmentos_dato_L0+12
0x0080	0x347F ;?ICSascii_a_7segmentos_dato_L0+13
0x0081	0x3467 ;?ICSascii_a_7segmentos_dato_L0+14
0x0082	0x3441 ;?ICSascii_a_7segmentos_dato_L0+15
0x0083	0x3488 ;?ICSascii_a_7segmentos_dato_L0+16
0x0084	0x3400 ;?ICSascii_a_7segmentos_dato_L0+17
0x0085	0x3448 ;?ICSascii_a_7segmentos_dato_L0+18
0x0086	0x3400 ;?ICSascii_a_7segmentos_dato_L0+19
0x0087	0x3400 ;?ICSascii_a_7segmentos_dato_L0+20
0x0088	0x3400 ;?ICSascii_a_7segmentos_dato_L0+21
0x0089	0x3477 ;?ICSascii_a_7segmentos_dato_L0+22
0x008A	0x347C ;?ICSascii_a_7segmentos_dato_L0+23
0x008B	0x3439 ;?ICSascii_a_7segmentos_dato_L0+24
0x008C	0x345E ;?ICSascii_a_7segmentos_dato_L0+25
0x008D	0x3479 ;?ICSascii_a_7segmentos_dato_L0+26
0x008E	0x3471 ;?ICSascii_a_7segmentos_dato_L0+27
0x008F	0x346F ;?ICSascii_a_7segmentos_dato_L0+28
0x0090	0x3476 ;?ICSascii_a_7segmentos_dato_L0+29
0x0091	0x3419 ;?ICSascii_a_7segmentos_dato_L0+30
0x0092	0x341E ;?ICSascii_a_7segmentos_dato_L0+31
0x0093	0x347A ;?ICSascii_a_7segmentos_dato_L0+32
0x0094	0x3438 ;?ICSascii_a_7segmentos_dato_L0+33
0x0095	0x3437 ;?ICSascii_a_7segmentos_dato_L0+34
0x0096	0x3454 ;?ICSascii_a_7segmentos_dato_L0+35
0x0097	0x343F ;?ICSascii_a_7segmentos_dato_L0+36
0x0098	0x3473 ;?ICSascii_a_7segmentos_dato_L0+37
0x0099	0x3467 ;?ICSascii_a_7segmentos_dato_L0+38
0x009A	0x3450 ;?ICSascii_a_7segmentos_dato_L0+39
0x009B	0x346D ;?ICSascii_a_7segmentos_dato_L0+40
0x009C	0x3478 ;?ICSascii_a_7segmentos_dato_L0+41
0x009D	0x341C ;?ICSascii_a_7segmentos_dato_L0+42
0x009E	0x343E ;?ICSascii_a_7segmentos_dato_L0+43
0x009F	0x341D ;?ICSascii_a_7segmentos_dato_L0+44
0x00A0	0x3470 ;?ICSascii_a_7segmentos_dato_L0+45
0x00A1	0x346E ;?ICSascii_a_7segmentos_dato_L0+46
0x00A2	0x3449 ;?ICSascii_a_7segmentos_dato_L0+47
; end of ?ICSascii_a_7segmentos_dato_L0
Symbol List:
//** Routines locations **
//ADDRESS    SIZE    PROCEDURE
//----------------------------------------------
0x0003       [6]    _____DoICP
0x0009      [12]    ___CC2DW
0x0015      [46]    _ascii_a_7segmentos
0x0043       [3]    _InicializaContador
0x0046       [7]    _Visualiza
0x004D       [9]    _IncrementaVisualiza
0x0056      [29]    _main
//** Variables locations ** 
//ADDRESS    SIZE    VARIABLE
//----------------------------------------------
0x0000       [1]    INDF
0x0002       [1]    PCL
0x0003       [1]    STATUS
0x0004       [1]    FSR
0x0005       [1]    PORTA
0x0006       [1]    PORTB
0x000A       [1]    PCLATH
0x000C       [1]    _Contador
0x000D       [2]    ___DoICPAddr
0x000F       [1]    FARG_ascii_a_7segmentos_car
0x0010      [48]    ascii_a_7segmentos_dato_L0
0x0040       [1]    R0
0x0041       [1]    R1
0x0042       [1]    R2
0x0043       [1]    R3
0x0044       [1]    R4
0x0045       [1]    R5
0x0046       [1]    R6
0x0047       [1]    R7
0x0048       [1]    R8
0x0049       [1]    R9
0x004A       [1]    R10
0x004B       [1]    R11
0x004C       [1]    R12
0x004D       [1]    R13
0x004E       [1]    R14
0x004F       [1]    R15
0x0085       [1]    TRISA
0x0086       [1]    TRISB
//** Constants locations ** 
//ADDRESS    SIZE    CONSTANT
//----------------------------------------------
0x0073      [48]    ?ICSascii_a_7segmentos_dato_L0
//** Label List: ** 
//----------------------------------------------
  L_ascii_a_7segmentos0
  L_ascii_a_7segmentos1
  L_ascii_a_7segmentos2
  L_ascii_a_7segmentos3
  L_ascii_a_7segmentos4
  L_ascii_a_7segmentos5
  L_ascii_a_7segmentos6
  L_ascii_a_7segmentos7
  L_IncrementaVisualiza8
  L_main9
  L_main10
  L_main11
  L_main12
  L_main13
  L_main14
  L_main15
  L__ascii_a_7segmentos16
  L_end_ascii_a_7segmentos
  _ascii_a_7segmentos
  L_end_InicializaContador
  _InicializaContador
  L_end_Visualiza
  _Visualiza
  L_end_IncrementaVisualiza
  _IncrementaVisualiza
  L_end_main
  _main
  L_loopCA2AWs
  L_CA2AWend
  _CCA2AW_Loop1
  L_loopCS2Ss
  L_CS2Send
  _CCS2S_Loop1
  L_CCS2Send
  L_loopFZinSWs
  L_FZinSend
  _CC2D_Loop1
  L_end_____DoICP
  _____DoICP
  L_end_____DoIFC
  _____DoIFC
  L_end___CA2AW
  ___CA2AW
  L_end___CCA2AW
  ___CCA2AW
  L_end___CS2S
  ___CS2S
  L_end___CCS2S
  ___CCS2S
  L_end___FZinS
  ___FZinS
  L_end___CC2DW
  ___CC2DW
  L_end_Swap
  _Swap
