;  LST file generated by mikroListExporter - v.2.0 
; Date/Time: 3/11/2021 11:27:48
;----------------------------------------------

;Address Opcode 	ASM
0x0000	0x2844      	GOTO       68
_numero_a_7segmentos:
;display_7s.h,1 :: 		int numero_a_7segmentos (char n){
;display_7s.h,2 :: 		char dn[]={0x3F,0x06,0x5B,0x4F,0x66,0x6D,0x7D,0x07,0x7F,0x67};
0x0003	0x303F      	MOVLW      63
0x0004	0x1283      	BCF        STATUS, 5
0x0005	0x0090      	MOVWF      numero_a_7segmentos_dn_L0
0x0006	0x3006      	MOVLW      6
0x0007	0x0091      	MOVWF      numero_a_7segmentos_dn_L0+1
0x0008	0x305B      	MOVLW      91
0x0009	0x0092      	MOVWF      numero_a_7segmentos_dn_L0+2
0x000A	0x304F      	MOVLW      79
0x000B	0x0093      	MOVWF      numero_a_7segmentos_dn_L0+3
0x000C	0x3066      	MOVLW      102
0x000D	0x0094      	MOVWF      numero_a_7segmentos_dn_L0+4
0x000E	0x306D      	MOVLW      109
0x000F	0x0095      	MOVWF      numero_a_7segmentos_dn_L0+5
0x0010	0x307D      	MOVLW      125
0x0011	0x0096      	MOVWF      numero_a_7segmentos_dn_L0+6
0x0012	0x3007      	MOVLW      7
0x0013	0x0097      	MOVWF      numero_a_7segmentos_dn_L0+7
0x0014	0x307F      	MOVLW      127
0x0015	0x0098      	MOVWF      numero_a_7segmentos_dn_L0+8
0x0016	0x3067      	MOVLW      103
0x0017	0x0099      	MOVWF      numero_a_7segmentos_dn_L0+9
;display_7s.h,3 :: 		return dn[n];
0x0018	0x080F      	MOVF       FARG_numero_a_7segmentos_n, 0
0x0019	0x3E10      	ADDLW      numero_a_7segmentos_dn_L0
0x001A	0x0084      	MOVWF      FSR
0x001B	0x0800      	MOVF       INDF, 0
0x001C	0x00C0      	MOVWF      R0
0x001D	0x01C1      	CLRF       R0+1
;display_7s.h,4 :: 		}
L_end_numero_a_7segmentos:
0x001E	0x0008      	RETURN
; end of _numero_a_7segmentos
_Visualiza:
;Mikro_Pulsador_01_84A.c,4 :: 		void Visualiza(){
;Mikro_Pulsador_01_84A.c,5 :: 		PORTB = numero_a_7Segmentos(Contador);
0x001F	0x1283      	BCF        STATUS, 5
0x0020	0x080C      	MOVF       _Contador, 0
0x0021	0x008F      	MOVWF      FARG_numero_a_7segmentos_n
0x0022	0x2003      	CALL       _numero_a_7segmentos
0x0023	0x0840      	MOVF       R0, 0
0x0024	0x0086      	MOVWF      PORTB
;Mikro_Pulsador_01_84A.c,6 :: 		}
L_end_Visualiza:
0x0025	0x0008      	RETURN
; end of _Visualiza
_____DoICP:
;__Lib_System.c,6 :: 		
;__Lib_System.c,9 :: 		
0x0026	0x1283      	BCF        STATUS, 5
0x0027	0x080E      	MOVF       ___DoICPAddr+1, 0
0x0028	0x008A      	MOVWF      PCLATH
;__Lib_System.c,10 :: 		
0x0029	0x080D      	MOVF       ___DoICPAddr, 0
0x002A	0x0082      	MOVWF      PCL
;__Lib_System.c,12 :: 		
L_end_____DoICP:
0x002B	0x0008      	RETURN
; end of _____DoICP
_InicializaContador:
;Mikro_Pulsador_01_84A.c,8 :: 		void InicializaContador(void){
;Mikro_Pulsador_01_84A.c,9 :: 		Contador =0;
0x002C	0x1283      	BCF        STATUS, 5
0x002D	0x018C      	CLRF       _Contador
;Mikro_Pulsador_01_84A.c,10 :: 		}
L_end_InicializaContador:
0x002E	0x0008      	RETURN
; end of _InicializaContador
___CC2DW:
;__Lib_System.c,134 :: 		
;__Lib_System.c,137 :: 		
_CC2D_Loop1:
;__Lib_System.c,139 :: 		
0x002F	0x2026      	CALL       _____DoICP
0x0030	0x118A      	BCF        PCLATH, 3
0x0031	0x120A      	BCF        PCLATH, 4
;__Lib_System.c,141 :: 		
0x0032	0x0080      	MOVWF      INDF
;__Lib_System.c,142 :: 		
0x0033	0x0A84      	INCF       FSR, 1
;__Lib_System.c,143 :: 		
0x0034	0x0A8D      	INCF       ___DoICPAddr, 1
;__Lib_System.c,145 :: 		
0x0035	0x1903      	BTFSC      STATUS, 2
;__Lib_System.c,146 :: 		
0x0036	0x0A8E      	INCF       ___DoICPAddr+1, 1
;__Lib_System.c,147 :: 		
0x0037	0x03C0      	DECF       R0, 1
;__Lib_System.c,149 :: 		
0x0038	0x1D03      	BTFSS      STATUS, 2
;__Lib_System.c,150 :: 		
0x0039	0x282F      	GOTO       _CC2D_Loop1
;__Lib_System.c,152 :: 		
L_end___CC2DW:
0x003A	0x0008      	RETURN
; end of ___CC2DW
_IncrementaVisualiza:
;Mikro_Pulsador_01_84A.c,12 :: 		void IncrementaVisualiza () {
;Mikro_Pulsador_01_84A.c,13 :: 		Contador++;
0x003B	0x1283      	BCF        STATUS, 5
0x003C	0x0A8C      	INCF       _Contador, 1
;Mikro_Pulsador_01_84A.c,14 :: 		if (Contador>9){
0x003D	0x080C      	MOVF       _Contador, 0
0x003E	0x3C09      	SUBLW      9
0x003F	0x1803      	BTFSC      STATUS, 0
0x0040	0x2842      	GOTO       L_IncrementaVisualiza8
;Mikro_Pulsador_01_84A.c,15 :: 		InicializaContador();
0x0041	0x202C      	CALL       _InicializaContador
;Mikro_Pulsador_01_84A.c,16 :: 		}
L_IncrementaVisualiza8:
;Mikro_Pulsador_01_84A.c,17 :: 		Visualiza();
0x0042	0x201F      	CALL       _Visualiza
;Mikro_Pulsador_01_84A.c,18 :: 		}
L_end_IncrementaVisualiza:
0x0043	0x0008      	RETURN
; end of _IncrementaVisualiza
_main:
;Mikro_Pulsador_01_84A.c,20 :: 		void main() {
;Mikro_Pulsador_01_84A.c,21 :: 		TRISA=0b00010000;
0x0044	0x3010      	MOVLW      16
0x0045	0x1683      	BSF        STATUS, 5
0x0046	0x0085      	MOVWF      TRISA
;Mikro_Pulsador_01_84A.c,22 :: 		TRISB=0;
0x0047	0x0186      	CLRF       TRISB
;Mikro_Pulsador_01_84A.c,23 :: 		InicializaContador();
0x0048	0x202C      	CALL       _InicializaContador
;Mikro_Pulsador_01_84A.c,24 :: 		Visualiza();
0x0049	0x201F      	CALL       _Visualiza
;Mikro_Pulsador_01_84A.c,25 :: 		do{
L_main9:
;Mikro_Pulsador_01_84A.c,26 :: 		if(PORTA.B4 == 1){
0x004A	0x1E05      	BTFSS      PORTA, 4
0x004B	0x2859      	GOTO       L_main12
;Mikro_Pulsador_01_84A.c,27 :: 		Delay_ms(20);
0x004C	0x301A      	MOVLW      26
0x004D	0x00CC      	MOVWF      R12
0x004E	0x30F8      	MOVLW      248
0x004F	0x00CD      	MOVWF      R13
L_main13:
0x0050	0x0BCD      	DECFSZ     R13, 1
0x0051	0x2850      	GOTO       L_main13
0x0052	0x0BCC      	DECFSZ     R12, 1
0x0053	0x2850      	GOTO       L_main13
0x0054	0x0000      	NOP
;Mikro_Pulsador_01_84A.c,28 :: 		IncrementaVisualiza();
0x0055	0x203B      	CALL       _IncrementaVisualiza
;Mikro_Pulsador_01_84A.c,29 :: 		while(PORTA.B4 == 1);
L_main14:
0x0056	0x1E05      	BTFSS      PORTA, 4
0x0057	0x2859      	GOTO       L_main15
0x0058	0x2856      	GOTO       L_main14
L_main15:
;Mikro_Pulsador_01_84A.c,30 :: 		}
L_main12:
;Mikro_Pulsador_01_84A.c,31 :: 		}while(1);
0x0059	0x284A      	GOTO       L_main9
;Mikro_Pulsador_01_84A.c,32 :: 		}
L_end_main:
0x005A	0x285A      	GOTO       $+0
; end of _main
Symbol List:
//** Routines locations **
//ADDRESS    SIZE    PROCEDURE
//----------------------------------------------
0x0003      [28]    _numero_a_7segmentos
0x001F       [7]    _Visualiza
0x0026       [6]    _____DoICP
0x002C       [3]    _InicializaContador
0x002F      [12]    ___CC2DW
0x003B       [9]    _IncrementaVisualiza
0x0044      [23]    _main
//** Variables locations ** 
//ADDRESS    SIZE    VARIABLE
//----------------------------------------------
0x0000       [1]    INDF
0x0002       [1]    PCL
0x0003       [1]    STATUS
0x0004       [1]    FSR
0x0005       [1]    PORTA
0x0006       [1]    PORTB
0x000A       [1]    PCLATH
0x000C       [1]    _Contador
0x000D       [2]    ___DoICPAddr
0x000F       [1]    FARG_numero_a_7segmentos_n
0x0010      [10]    numero_a_7segmentos_dn_L0
0x0040       [1]    R0
0x0041       [1]    R1
0x0042       [1]    R2
0x0043       [1]    R3
0x0044       [1]    R4
0x0045       [1]    R5
0x0046       [1]    R6
0x0047       [1]    R7
0x0048       [1]    R8
0x0049       [1]    R9
0x004A       [1]    R10
0x004B       [1]    R11
0x004C       [1]    R12
0x004D       [1]    R13
0x004E       [1]    R14
0x004F       [1]    R15
0x0085       [1]    TRISA
0x0086       [1]    TRISB
//** Label List: ** 
//----------------------------------------------
  L_ASCII_a_7Segmentos0
  L_ASCII_a_7Segmentos1
  L_ASCII_a_7Segmentos2
  L_ASCII_a_7Segmentos3
  L_ASCII_a_7Segmentos4
  L_ASCII_a_7Segmentos5
  L_ASCII_a_7Segmentos6
  L_ASCII_a_7Segmentos7
  L_IncrementaVisualiza8
  L_main9
  L_main10
  L_main11
  L_main12
  L_main13
  L_main14
  L_main15
  L__ASCII_a_7Segmentos16
  L_end_numero_a_7segmentos
  _numero_a_7segmentos
  L_end_ASCII_a_7Segmentos
  _ASCII_a_7Segmentos
  L_end_Visualiza
  _Visualiza
  L_end_InicializaContador
  _InicializaContador
  L_end_IncrementaVisualiza
  _IncrementaVisualiza
  L_end_main
  _main
  L_loopCA2AWs
  L_CA2AWend
  _CCA2AW_Loop1
  L_loopCS2Ss
  L_CS2Send
  _CCS2S_Loop1
  L_CCS2Send
  L_loopFZinSWs
  L_FZinSend
  _CC2D_Loop1
  L_end_____DoICP
  _____DoICP
  L_end_____DoIFC
  _____DoIFC
  L_end___CA2AW
  ___CA2AW
  L_end___CCA2AW
  ___CCA2AW
  L_end___CS2S
  ___CS2S
  L_end___CCS2S
  ___CCS2S
  L_end___FZinS
  ___FZinS
  L_end___CC2DW
  ___CC2DW
  L_end_Swap
  _Swap
