;  LST file generated by mikroListExporter - v.2.0 
; Date/Time: 3/11/2021 12:36:27
;----------------------------------------------

;Address Opcode 	ASM
0x0000	0x2967      	GOTO       359
_Delay_50us:
;__Lib_Delays.c,19 :: 		void Delay_50us() {
;__Lib_Delays.c,20 :: 		Delay_us(50);
0x0003	0x3010      	MOVLW      16
0x0004	0x1283      	BCF        STATUS, 5
0x0005	0x00CD      	MOVWF      R13
L_Delay_50us2:
0x0006	0x0BCD      	DECFSZ     R13, 1
0x0007	0x2806      	GOTO       L_Delay_50us2
0x0008	0x0000      	NOP
;__Lib_Delays.c,21 :: 		}
L_end_Delay_50us:
0x0009	0x0008      	RETURN
; end of _Delay_50us
_Delay_1us:
;__Lib_Delays.c,7 :: 		void Delay_1us() {
;__Lib_Delays.c,8 :: 		Delay_us(1);
0x000A	0x0000      	NOP
;__Lib_Delays.c,9 :: 		}
L_end_Delay_1us:
0x000B	0x0008      	RETURN
; end of _Delay_1us
_Delay_5500us:
;__Lib_Delays.c,31 :: 		void Delay_5500us() {
;__Lib_Delays.c,32 :: 		Delay_us(5500);
0x000C	0x3008      	MOVLW      8
0x000D	0x1283      	BCF        STATUS, 5
0x000E	0x00CC      	MOVWF      R12
0x000F	0x3023      	MOVLW      35
0x0010	0x00CD      	MOVWF      R13
L_Delay_5500us5:
0x0011	0x0BCD      	DECFSZ     R13, 1
0x0012	0x2811      	GOTO       L_Delay_5500us5
0x0013	0x0BCC      	DECFSZ     R12, 1
0x0014	0x2811      	GOTO       L_Delay_5500us5
;__Lib_Delays.c,33 :: 		}
L_end_Delay_5500us:
0x0015	0x0008      	RETURN
; end of _Delay_5500us
_Lcd_Cmd:
;__Lib_Lcd.c,18 :: 		
;__Lib_Lcd.c,20 :: 		
0x0016	0x1283      	BCF        STATUS, 5
0x0017	0x1B9F      	BTFSC      FARG_Lcd_Cmd_out_char, 7
0x0018	0x281B      	GOTO       L__Lcd_Cmd21
0x0019	0x1386      	BCF        LCD_D7, BitPos(LCD_D7+0)
0x001A	0x281C      	GOTO       L__Lcd_Cmd22
L__Lcd_Cmd21:
0x001B	0x1786      	BSF        LCD_D7, BitPos(LCD_D7+0)
L__Lcd_Cmd22:
;__Lib_Lcd.c,21 :: 		
0x001C	0x1B1F      	BTFSC      FARG_Lcd_Cmd_out_char, 6
0x001D	0x2820      	GOTO       L__Lcd_Cmd23
0x001E	0x1306      	BCF        LCD_D6, BitPos(LCD_D6+0)
0x001F	0x2821      	GOTO       L__Lcd_Cmd24
L__Lcd_Cmd23:
0x0020	0x1706      	BSF        LCD_D6, BitPos(LCD_D6+0)
L__Lcd_Cmd24:
;__Lib_Lcd.c,22 :: 		
0x0021	0x1A9F      	BTFSC      FARG_Lcd_Cmd_out_char, 5
0x0022	0x2825      	GOTO       L__Lcd_Cmd25
0x0023	0x1286      	BCF        LCD_D5, BitPos(LCD_D5+0)
0x0024	0x2826      	GOTO       L__Lcd_Cmd26
L__Lcd_Cmd25:
0x0025	0x1686      	BSF        LCD_D5, BitPos(LCD_D5+0)
L__Lcd_Cmd26:
;__Lib_Lcd.c,23 :: 		
0x0026	0x1A1F      	BTFSC      FARG_Lcd_Cmd_out_char, 4
0x0027	0x282A      	GOTO       L__Lcd_Cmd27
0x0028	0x1206      	BCF        LCD_D4, BitPos(LCD_D4+0)
0x0029	0x282B      	GOTO       L__Lcd_Cmd28
L__Lcd_Cmd27:
0x002A	0x1606      	BSF        LCD_D4, BitPos(LCD_D4+0)
L__Lcd_Cmd28:
;__Lib_Lcd.c,25 :: 		
0x002B	0x180C      	BTFSC      __Lib_Lcd_cmd_status, BitPos(__Lib_Lcd_cmd_status+0)
0x002C	0x282F      	GOTO       L__Lcd_Cmd29
0x002D	0x1405      	BSF        LCD_RS, BitPos(LCD_RS+0)
0x002E	0x2830      	GOTO       L__Lcd_Cmd30
L__Lcd_Cmd29:
0x002F	0x1005      	BCF        LCD_RS, BitPos(LCD_RS+0)
L__Lcd_Cmd30:
;__Lib_Lcd.c,28 :: 		
0x0030	0x1505      	BSF        LCD_EN, BitPos(LCD_EN+0)
;__Lib_Lcd.c,29 :: 		
0x0031	0x200A      	CALL       _Delay_1us
;__Lib_Lcd.c,30 :: 		
0x0032	0x1105      	BCF        LCD_EN, BitPos(LCD_EN+0)
;__Lib_Lcd.c,33 :: 		
0x0033	0x199F      	BTFSC      FARG_Lcd_Cmd_out_char, 3
0x0034	0x2837      	GOTO       L__Lcd_Cmd31
0x0035	0x1386      	BCF        LCD_D7, BitPos(LCD_D7+0)
0x0036	0x2838      	GOTO       L__Lcd_Cmd32
L__Lcd_Cmd31:
0x0037	0x1786      	BSF        LCD_D7, BitPos(LCD_D7+0)
L__Lcd_Cmd32:
;__Lib_Lcd.c,34 :: 		
0x0038	0x191F      	BTFSC      FARG_Lcd_Cmd_out_char, 2
0x0039	0x283C      	GOTO       L__Lcd_Cmd33
0x003A	0x1306      	BCF        LCD_D6, BitPos(LCD_D6+0)
0x003B	0x283D      	GOTO       L__Lcd_Cmd34
L__Lcd_Cmd33:
0x003C	0x1706      	BSF        LCD_D6, BitPos(LCD_D6+0)
L__Lcd_Cmd34:
;__Lib_Lcd.c,35 :: 		
0x003D	0x189F      	BTFSC      FARG_Lcd_Cmd_out_char, 1
0x003E	0x2841      	GOTO       L__Lcd_Cmd35
0x003F	0x1286      	BCF        LCD_D5, BitPos(LCD_D5+0)
0x0040	0x2842      	GOTO       L__Lcd_Cmd36
L__Lcd_Cmd35:
0x0041	0x1686      	BSF        LCD_D5, BitPos(LCD_D5+0)
L__Lcd_Cmd36:
;__Lib_Lcd.c,36 :: 		
0x0042	0x181F      	BTFSC      FARG_Lcd_Cmd_out_char, 0
0x0043	0x2846      	GOTO       L__Lcd_Cmd37
0x0044	0x1206      	BCF        LCD_D4, BitPos(LCD_D4+0)
0x0045	0x2847      	GOTO       L__Lcd_Cmd38
L__Lcd_Cmd37:
0x0046	0x1606      	BSF        LCD_D4, BitPos(LCD_D4+0)
L__Lcd_Cmd38:
;__Lib_Lcd.c,38 :: 		
0x0047	0x180C      	BTFSC      __Lib_Lcd_cmd_status, BitPos(__Lib_Lcd_cmd_status+0)
0x0048	0x284B      	GOTO       L__Lcd_Cmd39
0x0049	0x1405      	BSF        LCD_RS, BitPos(LCD_RS+0)
0x004A	0x284C      	GOTO       L__Lcd_Cmd40
L__Lcd_Cmd39:
0x004B	0x1005      	BCF        LCD_RS, BitPos(LCD_RS+0)
L__Lcd_Cmd40:
;__Lib_Lcd.c,40 :: 		
0x004C	0x1505      	BSF        LCD_EN, BitPos(LCD_EN+0)
;__Lib_Lcd.c,41 :: 		
0x004D	0x200A      	CALL       _Delay_1us
;__Lib_Lcd.c,42 :: 		
0x004E	0x1105      	BCF        LCD_EN, BitPos(LCD_EN+0)
;__Lib_Lcd.c,44 :: 		
0x004F	0x1C0C      	BTFSS      __Lib_Lcd_cmd_status, BitPos(__Lib_Lcd_cmd_status+0)
0x0050	0x2853      	GOTO       L_Lcd_Cmd0
;__Lib_Lcd.c,45 :: 		
0x0051	0x200C      	CALL       _Delay_5500us
0x0052	0x2854      	GOTO       L_Lcd_Cmd1
L_Lcd_Cmd0:
;__Lib_Lcd.c,47 :: 		
0x0053	0x2003      	CALL       _Delay_50us
L_Lcd_Cmd1:
;__Lib_Lcd.c,48 :: 		
L_end_Lcd_Cmd:
0x0054	0x0008      	RETURN
; end of _Lcd_Cmd
_Lcd_Chr_CP:
;__Lib_Lcd.c,50 :: 		
;__Lib_Lcd.c,52 :: 		
0x0055	0x1283      	BCF        STATUS, 5
0x0056	0x100C      	BCF        __Lib_Lcd_cmd_status, BitPos(__Lib_Lcd_cmd_status+0)
;__Lib_Lcd.c,53 :: 		
0x0057	0x081E      	MOVF       FARG_Lcd_Chr_CP_out_char, 0
0x0058	0x009F      	MOVWF      FARG_Lcd_Cmd_out_char
0x0059	0x2016      	CALL       _Lcd_Cmd
;__Lib_Lcd.c,54 :: 		
0x005A	0x140C      	BSF        __Lib_Lcd_cmd_status, BitPos(__Lib_Lcd_cmd_status+0)
;__Lib_Lcd.c,55 :: 		
L_end_Lcd_Chr_CP:
0x005B	0x0008      	RETURN
; end of _Lcd_Chr_CP
_____DoICP:
;__Lib_System.c,6 :: 		
;__Lib_System.c,9 :: 		
0x005C	0x1283      	BCF        STATUS, 5
0x005D	0x080E      	MOVF       ___DoICPAddr+1, 0
0x005E	0x008A      	MOVWF      PCLATH
;__Lib_System.c,10 :: 		
0x005F	0x080D      	MOVF       ___DoICPAddr, 0
0x0060	0x0082      	MOVWF      PCL
;__Lib_System.c,12 :: 		
L_end_____DoICP:
0x0061	0x0008      	RETURN
; end of _____DoICP
_Lcd_Chr:
;__Lib_Lcd.c,65 :: 		
;__Lib_Lcd.c,66 :: 		
0x0062	0x2873      	GOTO       L_Lcd_Chr4
;__Lib_Lcd.c,67 :: 		
L_Lcd_Chr6:
0x0063	0x3080      	MOVLW      128
0x0064	0x1283      	BCF        STATUS, 5
0x0065	0x009A      	MOVWF      FARG_Lcd_Chr_row
0x0066	0x2884      	GOTO       L_Lcd_Chr5
;__Lib_Lcd.c,68 :: 		
L_Lcd_Chr7:
0x0067	0x30C0      	MOVLW      192
0x0068	0x009A      	MOVWF      FARG_Lcd_Chr_row
0x0069	0x2884      	GOTO       L_Lcd_Chr5
;__Lib_Lcd.c,69 :: 		
L_Lcd_Chr8:
0x006A	0x3094      	MOVLW      148
0x006B	0x009A      	MOVWF      FARG_Lcd_Chr_row
0x006C	0x2884      	GOTO       L_Lcd_Chr5
;__Lib_Lcd.c,70 :: 		
L_Lcd_Chr9:
0x006D	0x30D4      	MOVLW      212
0x006E	0x009A      	MOVWF      FARG_Lcd_Chr_row
0x006F	0x2884      	GOTO       L_Lcd_Chr5
;__Lib_Lcd.c,71 :: 		
L_Lcd_Chr10:
0x0070	0x3080      	MOVLW      128
0x0071	0x009A      	MOVWF      FARG_Lcd_Chr_row
;__Lib_Lcd.c,72 :: 		
0x0072	0x2884      	GOTO       L_Lcd_Chr5
L_Lcd_Chr4:
0x0073	0x081A      	MOVF       FARG_Lcd_Chr_row, 0
0x0074	0x3A01      	XORLW      1
0x0075	0x1903      	BTFSC      STATUS, 2
0x0076	0x2863      	GOTO       L_Lcd_Chr6
0x0077	0x081A      	MOVF       FARG_Lcd_Chr_row, 0
0x0078	0x3A02      	XORLW      2
0x0079	0x1903      	BTFSC      STATUS, 2
0x007A	0x2867      	GOTO       L_Lcd_Chr7
0x007B	0x081A      	MOVF       FARG_Lcd_Chr_row, 0
0x007C	0x3A03      	XORLW      3
0x007D	0x1903      	BTFSC      STATUS, 2
0x007E	0x286A      	GOTO       L_Lcd_Chr8
0x007F	0x081A      	MOVF       FARG_Lcd_Chr_row, 0
0x0080	0x3A04      	XORLW      4
0x0081	0x1903      	BTFSC      STATUS, 2
0x0082	0x286D      	GOTO       L_Lcd_Chr9
0x0083	0x2870      	GOTO       L_Lcd_Chr10
L_Lcd_Chr5:
;__Lib_Lcd.c,74 :: 		
0x0084	0x031B      	DECF       FARG_Lcd_Chr_column, 0
0x0085	0x00C0      	MOVWF      R0
0x0086	0x081A      	MOVF       FARG_Lcd_Chr_row, 0
0x0087	0x07C0      	ADDWF      R0, 1
0x0088	0x0840      	MOVF       R0, 0
0x0089	0x009A      	MOVWF      FARG_Lcd_Chr_row
;__Lib_Lcd.c,76 :: 		
0x008A	0x140C      	BSF        __Lib_Lcd_cmd_status, BitPos(__Lib_Lcd_cmd_status+0)
;__Lib_Lcd.c,77 :: 		
0x008B	0x0840      	MOVF       R0, 0
0x008C	0x009F      	MOVWF      FARG_Lcd_Cmd_out_char
0x008D	0x2016      	CALL       _Lcd_Cmd
;__Lib_Lcd.c,79 :: 		
0x008E	0x100C      	BCF        __Lib_Lcd_cmd_status, BitPos(__Lib_Lcd_cmd_status+0)
;__Lib_Lcd.c,80 :: 		
0x008F	0x081C      	MOVF       FARG_Lcd_Chr_out_char, 0
0x0090	0x009F      	MOVWF      FARG_Lcd_Cmd_out_char
0x0091	0x2016      	CALL       _Lcd_Cmd
;__Lib_Lcd.c,81 :: 		
0x0092	0x140C      	BSF        __Lib_Lcd_cmd_status, BitPos(__Lib_Lcd_cmd_status+0)
;__Lib_Lcd.c,82 :: 		
L_end_Lcd_Chr:
0x0093	0x0008      	RETURN
; end of _Lcd_Chr
_Lcd_Out:
;__Lib_Lcd.c,184 :: 		
;__Lib_Lcd.c,187 :: 		
0x0094	0x28A5      	GOTO       L_Lcd_Out11
;__Lib_Lcd.c,188 :: 		
L_Lcd_Out13:
0x0095	0x3080      	MOVLW      128
0x0096	0x1283      	BCF        STATUS, 5
0x0097	0x009A      	MOVWF      FARG_Lcd_Out_row
0x0098	0x28B6      	GOTO       L_Lcd_Out12
;__Lib_Lcd.c,189 :: 		
L_Lcd_Out14:
0x0099	0x30C0      	MOVLW      192
0x009A	0x009A      	MOVWF      FARG_Lcd_Out_row
0x009B	0x28B6      	GOTO       L_Lcd_Out12
;__Lib_Lcd.c,190 :: 		
L_Lcd_Out15:
0x009C	0x3094      	MOVLW      148
0x009D	0x009A      	MOVWF      FARG_Lcd_Out_row
0x009E	0x28B6      	GOTO       L_Lcd_Out12
;__Lib_Lcd.c,191 :: 		
L_Lcd_Out16:
0x009F	0x30D4      	MOVLW      212
0x00A0	0x009A      	MOVWF      FARG_Lcd_Out_row
0x00A1	0x28B6      	GOTO       L_Lcd_Out12
;__Lib_Lcd.c,192 :: 		
L_Lcd_Out17:
0x00A2	0x3080      	MOVLW      128
0x00A3	0x009A      	MOVWF      FARG_Lcd_Out_row
;__Lib_Lcd.c,193 :: 		
0x00A4	0x28B6      	GOTO       L_Lcd_Out12
L_Lcd_Out11:
0x00A5	0x081A      	MOVF       FARG_Lcd_Out_row, 0
0x00A6	0x3A01      	XORLW      1
0x00A7	0x1903      	BTFSC      STATUS, 2
0x00A8	0x2895      	GOTO       L_Lcd_Out13
0x00A9	0x081A      	MOVF       FARG_Lcd_Out_row, 0
0x00AA	0x3A02      	XORLW      2
0x00AB	0x1903      	BTFSC      STATUS, 2
0x00AC	0x2899      	GOTO       L_Lcd_Out14
0x00AD	0x081A      	MOVF       FARG_Lcd_Out_row, 0
0x00AE	0x3A03      	XORLW      3
0x00AF	0x1903      	BTFSC      STATUS, 2
0x00B0	0x289C      	GOTO       L_Lcd_Out15
0x00B1	0x081A      	MOVF       FARG_Lcd_Out_row, 0
0x00B2	0x3A04      	XORLW      4
0x00B3	0x1903      	BTFSC      STATUS, 2
0x00B4	0x289F      	GOTO       L_Lcd_Out16
0x00B5	0x28A2      	GOTO       L_Lcd_Out17
L_Lcd_Out12:
;__Lib_Lcd.c,194 :: 		
0x00B6	0x031B      	DECF       FARG_Lcd_Out_column, 0
0x00B7	0x00C0      	MOVWF      R0
0x00B8	0x081A      	MOVF       FARG_Lcd_Out_row, 0
0x00B9	0x07C0      	ADDWF      R0, 1
0x00BA	0x0840      	MOVF       R0, 0
0x00BB	0x009A      	MOVWF      FARG_Lcd_Out_row
;__Lib_Lcd.c,196 :: 		
0x00BC	0x0840      	MOVF       R0, 0
0x00BD	0x009F      	MOVWF      FARG_Lcd_Cmd_out_char
0x00BE	0x2016      	CALL       _Lcd_Cmd
;__Lib_Lcd.c,197 :: 		
0x00BF	0x100C      	BCF        __Lib_Lcd_cmd_status, BitPos(__Lib_Lcd_cmd_status+0)
;__Lib_Lcd.c,198 :: 		
0x00C0	0x019D      	CLRF       Lcd_Out_i_L0
;__Lib_Lcd.c,199 :: 		
L_Lcd_Out18:
0x00C1	0x081D      	MOVF       Lcd_Out_i_L0, 0
0x00C2	0x071C      	ADDWF      FARG_Lcd_Out_text, 0
0x00C3	0x0084      	MOVWF      FSR
0x00C4	0x0800      	MOVF       INDF, 0
0x00C5	0x1903      	BTFSC      STATUS, 2
0x00C6	0x28CF      	GOTO       L_Lcd_Out19
;__Lib_Lcd.c,200 :: 		
0x00C7	0x081D      	MOVF       Lcd_Out_i_L0, 0
0x00C8	0x071C      	ADDWF      FARG_Lcd_Out_text, 0
0x00C9	0x0084      	MOVWF      FSR
0x00CA	0x0800      	MOVF       INDF, 0
0x00CB	0x009E      	MOVWF      FARG_Lcd_Chr_CP_out_char
0x00CC	0x2055      	CALL       _Lcd_Chr_CP
0x00CD	0x0A9D      	INCF       Lcd_Out_i_L0, 1
0x00CE	0x28C1      	GOTO       L_Lcd_Out18
L_Lcd_Out19:
;__Lib_Lcd.c,201 :: 		
0x00CF	0x140C      	BSF        __Lib_Lcd_cmd_status, BitPos(__Lib_Lcd_cmd_status+0)
;__Lib_Lcd.c,202 :: 		
L_end_Lcd_Out:
0x00D0	0x0008      	RETURN
; end of _Lcd_Out
___CC2DW:
;__Lib_System.c,134 :: 		
;__Lib_System.c,137 :: 		
_CC2D_Loop1:
;__Lib_System.c,139 :: 		
0x00D1	0x205C      	CALL       _____DoICP
0x00D2	0x118A      	BCF        PCLATH, 3
0x00D3	0x120A      	BCF        PCLATH, 4
;__Lib_System.c,141 :: 		
0x00D4	0x0080      	MOVWF      INDF
;__Lib_System.c,142 :: 		
0x00D5	0x0A84      	INCF       FSR, 1
;__Lib_System.c,143 :: 		
0x00D6	0x0A8D      	INCF       ___DoICPAddr, 1
;__Lib_System.c,145 :: 		
0x00D7	0x1903      	BTFSC      STATUS, 2
;__Lib_System.c,146 :: 		
0x00D8	0x0A8E      	INCF       ___DoICPAddr+1, 1
;__Lib_System.c,147 :: 		
0x00D9	0x03C0      	DECF       R0, 1
;__Lib_System.c,149 :: 		
0x00DA	0x1D03      	BTFSS      STATUS, 2
;__Lib_System.c,150 :: 		
0x00DB	0x28D1      	GOTO       _CC2D_Loop1
;__Lib_System.c,152 :: 		
L_end___CC2DW:
0x00DC	0x0008      	RETURN
; end of ___CC2DW
_ByteToHex:
;__Lib_Conversions.c,5 :: 		
;__Lib_Conversions.c,6 :: 		
0x00DD	0x1283      	BCF        STATUS, 5
0x00DE	0x081A      	MOVF       FARG_ByteToHex_input, 0
0x00DF	0x00C0      	MOVWF      R0
0x00E0	0x0CC0      	RRF        R0, 1
0x00E1	0x13C0      	BCF        R0, 7
0x00E2	0x0CC0      	RRF        R0, 1
0x00E3	0x13C0      	BCF        R0, 7
0x00E4	0x0CC0      	RRF        R0, 1
0x00E5	0x13C0      	BCF        R0, 7
0x00E6	0x0CC0      	RRF        R0, 1
0x00E7	0x13C0      	BCF        R0, 7
0x00E8	0x3000      	MOVLW      0
0x00E9	0x00C1      	MOVWF      R0+1
0x00EA	0x3008      	MOVLW      __Lib_Conversions_Digits
0x00EB	0x07C0      	ADDWF      R0, 1
0x00EC	0x3002      	MOVLW      hi_addr(__Lib_Conversions_Digits)
0x00ED	0x1803      	BTFSC      STATUS, 0
0x00EE	0x3E01      	ADDLW      1
0x00EF	0x07C1      	ADDWF      R0+1, 1
0x00F0	0x0840      	MOVF       R0, 0
0x00F1	0x008D      	MOVWF      ___DoICPAddr
0x00F2	0x0841      	MOVF       R0+1, 0
0x00F3	0x008E      	MOVWF      ___DoICPAddr+1
0x00F4	0x205C      	CALL       _____DoICP
0x00F5	0x118A      	BCF        PCLATH, 3
0x00F6	0x120A      	BCF        PCLATH, 4
0x00F7	0x00C0      	MOVWF      R0
0x00F8	0x081B      	MOVF       FARG_ByteToHex_output, 0
0x00F9	0x0084      	MOVWF      FSR
0x00FA	0x0840      	MOVF       R0, 0
0x00FB	0x0080      	MOVWF      INDF
;__Lib_Conversions.c,7 :: 		
0x00FC	0x0A1B      	INCF       FARG_ByteToHex_output, 0
0x00FD	0x00C2      	MOVWF      R2
0x00FE	0x300F      	MOVLW      15
0x00FF	0x051A      	ANDWF      FARG_ByteToHex_input, 0
0x0100	0x00C0      	MOVWF      R0
0x0101	0x3000      	MOVLW      0
0x0102	0x00C1      	MOVWF      R0+1
0x0103	0x3008      	MOVLW      __Lib_Conversions_Digits
0x0104	0x07C0      	ADDWF      R0, 1
0x0105	0x3002      	MOVLW      hi_addr(__Lib_Conversions_Digits)
0x0106	0x1803      	BTFSC      STATUS, 0
0x0107	0x3E01      	ADDLW      1
0x0108	0x07C1      	ADDWF      R0+1, 1
0x0109	0x0840      	MOVF       R0, 0
0x010A	0x008D      	MOVWF      ___DoICPAddr
0x010B	0x0841      	MOVF       R0+1, 0
0x010C	0x008E      	MOVWF      ___DoICPAddr+1
0x010D	0x205C      	CALL       _____DoICP
0x010E	0x118A      	BCF        PCLATH, 3
0x010F	0x120A      	BCF        PCLATH, 4
0x0110	0x00C0      	MOVWF      R0
0x0111	0x0842      	MOVF       R2, 0
0x0112	0x0084      	MOVWF      FSR
0x0113	0x0840      	MOVF       R0, 0
0x0114	0x0080      	MOVWF      INDF
;__Lib_Conversions.c,8 :: 		
0x0115	0x3002      	MOVLW      2
0x0116	0x071B      	ADDWF      FARG_ByteToHex_output, 0
0x0117	0x0084      	MOVWF      FSR
0x0118	0x0180      	CLRF       INDF
;__Lib_Conversions.c,9 :: 		
L_end_ByteToHex:
0x0119	0x0008      	RETURN
; end of _ByteToHex
_Lcd_Init:
;__Lib_Lcd.c,84 :: 		
;__Lib_Lcd.c,86 :: 		
0x011A	0x1683      	BSF        STATUS, 5
0x011B	0x1105      	BCF        LCD_EN_Direction, BitPos(LCD_EN_Direction+0)
;__Lib_Lcd.c,87 :: 		
0x011C	0x1005      	BCF        LCD_RS_Direction, BitPos(LCD_RS_Direction+0)
;__Lib_Lcd.c,88 :: 		
0x011D	0x1206      	BCF        LCD_D4_Direction, BitPos(LCD_D4_Direction+0)
;__Lib_Lcd.c,89 :: 		
0x011E	0x1286      	BCF        LCD_D5_Direction, BitPos(LCD_D5_Direction+0)
;__Lib_Lcd.c,90 :: 		
0x011F	0x1306      	BCF        LCD_D6_Direction, BitPos(LCD_D6_Direction+0)
;__Lib_Lcd.c,91 :: 		
0x0120	0x1386      	BCF        LCD_D7_Direction, BitPos(LCD_D7_Direction+0)
;__Lib_Lcd.c,93 :: 		
0x0121	0x1283      	BCF        STATUS, 5
0x0122	0x1105      	BCF        LCD_EN, BitPos(LCD_EN+0)
;__Lib_Lcd.c,94 :: 		
0x0123	0x1005      	BCF        LCD_RS, BitPos(LCD_RS+0)
;__Lib_Lcd.c,95 :: 		
0x0124	0x1386      	BCF        LCD_D7, BitPos(LCD_D7+0)
;__Lib_Lcd.c,96 :: 		
0x0125	0x1306      	BCF        LCD_D6, BitPos(LCD_D6+0)
;__Lib_Lcd.c,97 :: 		
0x0126	0x1286      	BCF        LCD_D5, BitPos(LCD_D5+0)
;__Lib_Lcd.c,98 :: 		
0x0127	0x1206      	BCF        LCD_D4, BitPos(LCD_D4+0)
;__Lib_Lcd.c,100 :: 		
0x0128	0x200C      	CALL       _Delay_5500us
;__Lib_Lcd.c,101 :: 		
0x0129	0x200C      	CALL       _Delay_5500us
;__Lib_Lcd.c,102 :: 		
0x012A	0x200C      	CALL       _Delay_5500us
;__Lib_Lcd.c,105 :: 		
0x012B	0x1686      	BSF        LCD_D5, BitPos(LCD_D5+0)
;__Lib_Lcd.c,106 :: 		
0x012C	0x1606      	BSF        LCD_D4, BitPos(LCD_D4+0)
;__Lib_Lcd.c,107 :: 		
0x012D	0x1505      	BSF        LCD_EN, BitPos(LCD_EN+0)
;__Lib_Lcd.c,108 :: 		
0x012E	0x200A      	CALL       _Delay_1us
;__Lib_Lcd.c,109 :: 		
0x012F	0x1105      	BCF        LCD_EN, BitPos(LCD_EN+0)
;__Lib_Lcd.c,110 :: 		
0x0130	0x200C      	CALL       _Delay_5500us
;__Lib_Lcd.c,112 :: 		
0x0131	0x1505      	BSF        LCD_EN, BitPos(LCD_EN+0)
;__Lib_Lcd.c,113 :: 		
0x0132	0x200A      	CALL       _Delay_1us
;__Lib_Lcd.c,114 :: 		
0x0133	0x1105      	BCF        LCD_EN, BitPos(LCD_EN+0)
;__Lib_Lcd.c,115 :: 		
0x0134	0x200C      	CALL       _Delay_5500us
;__Lib_Lcd.c,117 :: 		
0x0135	0x1505      	BSF        LCD_EN, BitPos(LCD_EN+0)
;__Lib_Lcd.c,118 :: 		
0x0136	0x200A      	CALL       _Delay_1us
;__Lib_Lcd.c,119 :: 		
0x0137	0x1105      	BCF        LCD_EN, BitPos(LCD_EN+0)
;__Lib_Lcd.c,120 :: 		
0x0138	0x200C      	CALL       _Delay_5500us
;__Lib_Lcd.c,123 :: 		
0x0139	0x1206      	BCF        LCD_D4, BitPos(LCD_D4+0)
;__Lib_Lcd.c,124 :: 		
0x013A	0x1505      	BSF        LCD_EN, BitPos(LCD_EN+0)
;__Lib_Lcd.c,125 :: 		
0x013B	0x200A      	CALL       _Delay_1us
;__Lib_Lcd.c,126 :: 		
0x013C	0x1105      	BCF        LCD_EN, BitPos(LCD_EN+0)
;__Lib_Lcd.c,127 :: 		
0x013D	0x200C      	CALL       _Delay_5500us
;__Lib_Lcd.c,130 :: 		
0x013E	0x1505      	BSF        LCD_EN, BitPos(LCD_EN+0)
;__Lib_Lcd.c,131 :: 		
0x013F	0x200A      	CALL       _Delay_1us
;__Lib_Lcd.c,132 :: 		
0x0140	0x1105      	BCF        LCD_EN, BitPos(LCD_EN+0)
;__Lib_Lcd.c,134 :: 		
0x0141	0x1286      	BCF        LCD_D5, BitPos(LCD_D5+0)
;__Lib_Lcd.c,135 :: 		
0x0142	0x1786      	BSF        LCD_D7, BitPos(LCD_D7+0)
;__Lib_Lcd.c,136 :: 		
0x0143	0x1505      	BSF        LCD_EN, BitPos(LCD_EN+0)
;__Lib_Lcd.c,137 :: 		
0x0144	0x200A      	CALL       _Delay_1us
;__Lib_Lcd.c,138 :: 		
0x0145	0x1105      	BCF        LCD_EN, BitPos(LCD_EN+0)
;__Lib_Lcd.c,139 :: 		
0x0146	0x200C      	CALL       _Delay_5500us
;__Lib_Lcd.c,142 :: 		
0x0147	0x1386      	BCF        LCD_D7, BitPos(LCD_D7+0)
;__Lib_Lcd.c,143 :: 		
0x0148	0x1606      	BSF        LCD_D4, BitPos(LCD_D4+0)
;__Lib_Lcd.c,144 :: 		
0x0149	0x1505      	BSF        LCD_EN, BitPos(LCD_EN+0)
;__Lib_Lcd.c,145 :: 		
0x014A	0x200A      	CALL       _Delay_1us
;__Lib_Lcd.c,146 :: 		
0x014B	0x1105      	BCF        LCD_EN, BitPos(LCD_EN+0)
;__Lib_Lcd.c,148 :: 		
0x014C	0x1206      	BCF        LCD_D4, BitPos(LCD_D4+0)
;__Lib_Lcd.c,149 :: 		
0x014D	0x1505      	BSF        LCD_EN, BitPos(LCD_EN+0)
;__Lib_Lcd.c,150 :: 		
0x014E	0x200A      	CALL       _Delay_1us
;__Lib_Lcd.c,151 :: 		
0x014F	0x1105      	BCF        LCD_EN, BitPos(LCD_EN+0)
;__Lib_Lcd.c,152 :: 		
0x0150	0x200C      	CALL       _Delay_5500us
;__Lib_Lcd.c,155 :: 		
0x0151	0x1505      	BSF        LCD_EN, BitPos(LCD_EN+0)
;__Lib_Lcd.c,156 :: 		
0x0152	0x200A      	CALL       _Delay_1us
;__Lib_Lcd.c,157 :: 		
0x0153	0x1105      	BCF        LCD_EN, BitPos(LCD_EN+0)
;__Lib_Lcd.c,159 :: 		
0x0154	0x1606      	BSF        LCD_D4, BitPos(LCD_D4+0)
;__Lib_Lcd.c,160 :: 		
0x0155	0x1505      	BSF        LCD_EN, BitPos(LCD_EN+0)
;__Lib_Lcd.c,161 :: 		
0x0156	0x200A      	CALL       _Delay_1us
;__Lib_Lcd.c,162 :: 		
0x0157	0x1105      	BCF        LCD_EN, BitPos(LCD_EN+0)
;__Lib_Lcd.c,163 :: 		
0x0158	0x200C      	CALL       _Delay_5500us
;__Lib_Lcd.c,166 :: 		
0x0159	0x1206      	BCF        LCD_D4, BitPos(LCD_D4+0)
;__Lib_Lcd.c,167 :: 		
0x015A	0x1505      	BSF        LCD_EN, BitPos(LCD_EN+0)
;__Lib_Lcd.c,168 :: 		
0x015B	0x200A      	CALL       _Delay_1us
;__Lib_Lcd.c,169 :: 		
0x015C	0x1105      	BCF        LCD_EN, BitPos(LCD_EN+0)
;__Lib_Lcd.c,171 :: 		
0x015D	0x1786      	BSF        LCD_D7, BitPos(LCD_D7+0)
;__Lib_Lcd.c,172 :: 		
0x015E	0x1706      	BSF        LCD_D6, BitPos(LCD_D6+0)
;__Lib_Lcd.c,173 :: 		
0x015F	0x1686      	BSF        LCD_D5, BitPos(LCD_D5+0)
;__Lib_Lcd.c,174 :: 		
0x0160	0x1606      	BSF        LCD_D4, BitPos(LCD_D4+0)
;__Lib_Lcd.c,175 :: 		
0x0161	0x1505      	BSF        LCD_EN, BitPos(LCD_EN+0)
;__Lib_Lcd.c,176 :: 		
0x0162	0x200A      	CALL       _Delay_1us
;__Lib_Lcd.c,177 :: 		
0x0163	0x1105      	BCF        LCD_EN, BitPos(LCD_EN+0)
;__Lib_Lcd.c,179 :: 		
0x0164	0x200C      	CALL       _Delay_5500us
;__Lib_Lcd.c,181 :: 		
0x0165	0x140C      	BSF        __Lib_Lcd_cmd_status, BitPos(__Lib_Lcd_cmd_status+0)
;__Lib_Lcd.c,182 :: 		
L_end_Lcd_Init:
0x0166	0x0008      	RETURN
; end of _Lcd_Init
_main:
;Mikro_LCD_03p_87A.c,17 :: 		void main() {
;Mikro_LCD_03p_87A.c,18 :: 		unsigned short num1=0x0C,num2=0xAE; //num1=12 y num2=175
0x0167	0x300C      	MOVLW      12
0x0168	0x1283      	BCF        STATUS, 5
0x0169	0x0098      	MOVWF      main_num1_L0
0x016A	0x30AE      	MOVLW      174
0x016B	0x0099      	MOVWF      main_num2_L0
;Mikro_LCD_03p_87A.c,20 :: 		Lcd_Init();
0x016C	0x211A      	CALL       _Lcd_Init
;Mikro_LCD_03p_87A.c,21 :: 		Lcd_Cmd(_LCD_CLEAR);
0x016D	0x3001      	MOVLW      1
0x016E	0x009F      	MOVWF      FARG_Lcd_Cmd_out_char
0x016F	0x2016      	CALL       _Lcd_Cmd
;Mikro_LCD_03p_87A.c,22 :: 		Lcd_Cmd(_LCD_CURSOR_OFF);
0x0170	0x300C      	MOVLW      12
0x0171	0x009F      	MOVWF      FARG_Lcd_Cmd_out_char
0x0172	0x2016      	CALL       _Lcd_Cmd
;Mikro_LCD_03p_87A.c,23 :: 		ByteToHex(num1,cad1);   //convierte el decimal a hexadecimal
0x0173	0x0818      	MOVF       main_num1_L0, 0
0x0174	0x009A      	MOVWF      FARG_ByteToHex_input
0x0175	0x300F      	MOVLW      main_cad1_L0
0x0176	0x009B      	MOVWF      FARG_ByteToHex_output
0x0177	0x20DD      	CALL       _ByteToHex
;Mikro_LCD_03p_87A.c,24 :: 		ByteToHex(num2,cad2);
0x0178	0x0819      	MOVF       main_num2_L0, 0
0x0179	0x009A      	MOVWF      FARG_ByteToHex_input
0x017A	0x3012      	MOVLW      main_cad2_L0
0x017B	0x009B      	MOVWF      FARG_ByteToHex_output
0x017C	0x20DD      	CALL       _ByteToHex
;Mikro_LCD_03p_87A.c,25 :: 		Lcd_Out(1,1,cad1);//num1);//cad1);
0x017D	0x3001      	MOVLW      1
0x017E	0x009A      	MOVWF      FARG_Lcd_Out_row
0x017F	0x3001      	MOVLW      1
0x0180	0x009B      	MOVWF      FARG_Lcd_Out_column
0x0181	0x300F      	MOVLW      main_cad1_L0
0x0182	0x009C      	MOVWF      FARG_Lcd_Out_text
0x0183	0x2094      	CALL       _Lcd_Out
;Mikro_LCD_03p_87A.c,26 :: 		Lcd_Out(2,1,cad2);//num2);//cad2);
0x0184	0x3002      	MOVLW      2
0x0185	0x009A      	MOVWF      FARG_Lcd_Out_row
0x0186	0x3001      	MOVLW      1
0x0187	0x009B      	MOVWF      FARG_Lcd_Out_column
0x0188	0x3012      	MOVLW      main_cad2_L0
0x0189	0x009C      	MOVWF      FARG_Lcd_Out_text
0x018A	0x2094      	CALL       _Lcd_Out
;Mikro_LCD_03p_87A.c,30 :: 		b=cad1[1];
0x018B	0x0810      	MOVF       main_cad1_L0+1, 0
0x018C	0x0095      	MOVWF      main_b_L0
;Mikro_LCD_03p_87A.c,31 :: 		if ((num1&11110000)==0)
0x018D	0x0818      	MOVF       main_num1_L0, 0
0x018E	0x3970      	ANDLW      112
0x018F	0x00C1      	MOVWF      R1
0x0190	0x3086      	MOVLW      134
0x0191	0x00C2      	MOVWF      R1+1
0x0192	0x30A9      	MOVLW      169
0x0193	0x00C3      	MOVWF      R1+2
0x0194	0x3000      	MOVLW      0
0x0195	0x00C4      	MOVWF      R1+3
0x0196	0x3000      	MOVLW      0
0x0197	0x05C2      	ANDWF      R1+1, 1
0x0198	0x05C3      	ANDWF      R1+2, 1
0x0199	0x05C4      	ANDWF      R1+3, 1
0x019A	0x3000      	MOVLW      0
0x019B	0x00C0      	MOVWF      R0
0x019C	0x0644      	XORWF      R1+3, 0
0x019D	0x1D03      	BTFSS      STATUS, 2
0x019E	0x29A9      	GOTO       L__main5
0x019F	0x0840      	MOVF       R0, 0
0x01A0	0x0643      	XORWF      R1+2, 0
0x01A1	0x1D03      	BTFSS      STATUS, 2
0x01A2	0x29A9      	GOTO       L__main5
0x01A3	0x0840      	MOVF       R0, 0
0x01A4	0x0642      	XORWF      R1+1, 0
0x01A5	0x1D03      	BTFSS      STATUS, 2
0x01A6	0x29A9      	GOTO       L__main5
0x01A7	0x0841      	MOVF       R1, 0
0x01A8	0x3A00      	XORLW      0
L__main5:
0x01A9	0x1D03      	BTFSS      STATUS, 2
0x01AA	0x29B3      	GOTO       L_main0
;Mikro_LCD_03p_87A.c,32 :: 		Lcd_Chr(1, 5, ' ');
0x01AB	0x3001      	MOVLW      1
0x01AC	0x009A      	MOVWF      FARG_Lcd_Chr_row
0x01AD	0x3005      	MOVLW      5
0x01AE	0x009B      	MOVWF      FARG_Lcd_Chr_column
0x01AF	0x3020      	MOVLW      32
0x01B0	0x009C      	MOVWF      FARG_Lcd_Chr_out_char
0x01B1	0x2062      	CALL       _Lcd_Chr
0x01B2	0x29BA      	GOTO       L_main1
L_main0:
;Mikro_LCD_03p_87A.c,34 :: 		Lcd_Chr(1, 5, cad1[0]);
0x01B3	0x3001      	MOVLW      1
0x01B4	0x009A      	MOVWF      FARG_Lcd_Chr_row
0x01B5	0x3005      	MOVLW      5
0x01B6	0x009B      	MOVWF      FARG_Lcd_Chr_column
0x01B7	0x080F      	MOVF       main_cad1_L0, 0
0x01B8	0x009C      	MOVWF      FARG_Lcd_Chr_out_char
0x01B9	0x2062      	CALL       _Lcd_Chr
L_main1:
;Mikro_LCD_03p_87A.c,35 :: 		Lcd_Chr(1, 6, cad1[1]);
0x01BA	0x3001      	MOVLW      1
0x01BB	0x009A      	MOVWF      FARG_Lcd_Chr_row
0x01BC	0x3006      	MOVLW      6
0x01BD	0x009B      	MOVWF      FARG_Lcd_Chr_column
0x01BE	0x0810      	MOVF       main_cad1_L0+1, 0
0x01BF	0x009C      	MOVWF      FARG_Lcd_Chr_out_char
0x01C0	0x2062      	CALL       _Lcd_Chr
;Mikro_LCD_03p_87A.c,36 :: 		c=cad2[0];
0x01C1	0x0812      	MOVF       main_cad2_L0, 0
0x01C2	0x0096      	MOVWF      main_c_L0
;Mikro_LCD_03p_87A.c,37 :: 		d=cad2[1];
0x01C3	0x0813      	MOVF       main_cad2_L0+1, 0
0x01C4	0x0097      	MOVWF      main_d_L0
;Mikro_LCD_03p_87A.c,38 :: 		if ((num2&11110000)==0)
0x01C5	0x0819      	MOVF       main_num2_L0, 0
0x01C6	0x3970      	ANDLW      112
0x01C7	0x00C1      	MOVWF      R1
0x01C8	0x3086      	MOVLW      134
0x01C9	0x00C2      	MOVWF      R1+1
0x01CA	0x30A9      	MOVLW      169
0x01CB	0x00C3      	MOVWF      R1+2
0x01CC	0x3000      	MOVLW      0
0x01CD	0x00C4      	MOVWF      R1+3
0x01CE	0x3000      	MOVLW      0
0x01CF	0x05C2      	ANDWF      R1+1, 1
0x01D0	0x05C3      	ANDWF      R1+2, 1
0x01D1	0x05C4      	ANDWF      R1+3, 1
0x01D2	0x3000      	MOVLW      0
0x01D3	0x00C0      	MOVWF      R0
0x01D4	0x0644      	XORWF      R1+3, 0
0x01D5	0x1D03      	BTFSS      STATUS, 2
0x01D6	0x29E1      	GOTO       L__main6
0x01D7	0x0840      	MOVF       R0, 0
0x01D8	0x0643      	XORWF      R1+2, 0
0x01D9	0x1D03      	BTFSS      STATUS, 2
0x01DA	0x29E1      	GOTO       L__main6
0x01DB	0x0840      	MOVF       R0, 0
0x01DC	0x0642      	XORWF      R1+1, 0
0x01DD	0x1D03      	BTFSS      STATUS, 2
0x01DE	0x29E1      	GOTO       L__main6
0x01DF	0x0841      	MOVF       R1, 0
0x01E0	0x3A00      	XORLW      0
L__main6:
0x01E1	0x1D03      	BTFSS      STATUS, 2
0x01E2	0x29EB      	GOTO       L_main2
;Mikro_LCD_03p_87A.c,39 :: 		Lcd_Chr(2, 5, ' ');
0x01E3	0x3002      	MOVLW      2
0x01E4	0x009A      	MOVWF      FARG_Lcd_Chr_row
0x01E5	0x3005      	MOVLW      5
0x01E6	0x009B      	MOVWF      FARG_Lcd_Chr_column
0x01E7	0x3020      	MOVLW      32
0x01E8	0x009C      	MOVWF      FARG_Lcd_Chr_out_char
0x01E9	0x2062      	CALL       _Lcd_Chr
0x01EA	0x29F2      	GOTO       L_main3
L_main2:
;Mikro_LCD_03p_87A.c,41 :: 		Lcd_Chr(2, 5, c);
0x01EB	0x3002      	MOVLW      2
0x01EC	0x009A      	MOVWF      FARG_Lcd_Chr_row
0x01ED	0x3005      	MOVLW      5
0x01EE	0x009B      	MOVWF      FARG_Lcd_Chr_column
0x01EF	0x0816      	MOVF       main_c_L0, 0
0x01F0	0x009C      	MOVWF      FARG_Lcd_Chr_out_char
0x01F1	0x2062      	CALL       _Lcd_Chr
L_main3:
;Mikro_LCD_03p_87A.c,42 :: 		Lcd_Chr(2, 6, d);
0x01F2	0x3002      	MOVLW      2
0x01F3	0x009A      	MOVWF      FARG_Lcd_Chr_row
0x01F4	0x3006      	MOVLW      6
0x01F5	0x009B      	MOVWF      FARG_Lcd_Chr_column
0x01F6	0x0817      	MOVF       main_d_L0, 0
0x01F7	0x009C      	MOVWF      FARG_Lcd_Chr_out_char
0x01F8	0x2062      	CALL       _Lcd_Chr
;Mikro_LCD_03p_87A.c,43 :: 		Lcd_Chr(1, 9, b);
0x01F9	0x3001      	MOVLW      1
0x01FA	0x009A      	MOVWF      FARG_Lcd_Chr_row
0x01FB	0x3009      	MOVLW      9
0x01FC	0x009B      	MOVWF      FARG_Lcd_Chr_column
0x01FD	0x0815      	MOVF       main_b_L0, 0
0x01FE	0x009C      	MOVWF      FARG_Lcd_Chr_out_char
0x01FF	0x2062      	CALL       _Lcd_Chr
;Mikro_LCD_03p_87A.c,44 :: 		Lcd_Chr(2, 9, d);
0x0200	0x3002      	MOVLW      2
0x0201	0x009A      	MOVWF      FARG_Lcd_Chr_row
0x0202	0x3009      	MOVLW      9
0x0203	0x009B      	MOVWF      FARG_Lcd_Chr_column
0x0204	0x0817      	MOVF       main_d_L0, 0
0x0205	0x009C      	MOVWF      FARG_Lcd_Chr_out_char
0x0206	0x2062      	CALL       _Lcd_Chr
;Mikro_LCD_03p_87A.c,45 :: 		}
L_end_main:
0x0207	0x2A07      	GOTO       $+0
; end of _main
;__Lib_Conversions.c,3 :: __Lib_Conversions_Digits
0x0208	0x3430 ;__Lib_Conversions_Digits+0
0x0209	0x3431 ;__Lib_Conversions_Digits+1
0x020A	0x3432 ;__Lib_Conversions_Digits+2
0x020B	0x3433 ;__Lib_Conversions_Digits+3
0x020C	0x3434 ;__Lib_Conversions_Digits+4
0x020D	0x3435 ;__Lib_Conversions_Digits+5
0x020E	0x3436 ;__Lib_Conversions_Digits+6
0x020F	0x3437 ;__Lib_Conversions_Digits+7
0x0210	0x3438 ;__Lib_Conversions_Digits+8
0x0211	0x3439 ;__Lib_Conversions_Digits+9
0x0212	0x3441 ;__Lib_Conversions_Digits+10
0x0213	0x3442 ;__Lib_Conversions_Digits+11
0x0214	0x3443 ;__Lib_Conversions_Digits+12
0x0215	0x3444 ;__Lib_Conversions_Digits+13
0x0216	0x3445 ;__Lib_Conversions_Digits+14
0x0217	0x3446 ;__Lib_Conversions_Digits+15
; end of __Lib_Conversions_Digits
Symbol List:
//** Routines locations **
//ADDRESS    SIZE    PROCEDURE
//----------------------------------------------
0x0003       [7]    _Delay_50us
0x000A       [2]    _Delay_1us
0x000C      [10]    _Delay_5500us
0x0016      [63]    _Lcd_Cmd
0x0055       [7]    _Lcd_Chr_CP
0x005C       [6]    _____DoICP
0x0062      [50]    _Lcd_Chr
0x0094      [61]    _Lcd_Out
0x00D1      [12]    ___CC2DW
0x00DD      [61]    _ByteToHex
0x011A      [77]    _Lcd_Init
0x0167     [161]    _main
//** Variables locations ** 
//ADDRESS    SIZE    VARIABLE
//----------------------------------------------
0x0000       [1]    INDF
0x0002       [1]    PCL
0x0003       [1]    STATUS
0x0004       [1]    FSR
0x0005       [0]    LCD_EN
0x0005       [0]    RA2_bit
0x0005       [0]    LCD_RS
0x0005       [0]    RA0_bit
0x0006       [0]    LCD_D4
0x0006       [0]    LCD_D7
0x0006       [0]    LCD_D6
0x0006       [0]    LCD_D5
0x0006       [0]    RB5_bit
0x0006       [0]    RB4_bit
0x0006       [0]    RB7_bit
0x0006       [0]    RB6_bit
0x000A       [1]    PCLATH
0x000C       [0]    __Lib_Lcd_cmd_status
0x000D       [2]    ___DoICPAddr
0x000F       [3]    main_cad1_L0
0x0012       [3]    main_cad2_L0
0x0015       [1]    main_b_L0
0x0016       [1]    main_c_L0
0x0017       [1]    main_d_L0
0x0018       [1]    main_num1_L0
0x0019       [1]    main_num2_L0
0x001A       [1]    FARG_ByteToHex_input
0x001A       [1]    FARG_Lcd_Out_row
0x001A       [1]    FARG_Lcd_Chr_row
0x001B       [1]    FARG_Lcd_Out_column
0x001B       [1]    FARG_Lcd_Chr_column
0x001B       [1]    FARG_ByteToHex_output
0x001C       [1]    FARG_Lcd_Chr_out_char
0x001C       [1]    FARG_Lcd_Out_text
0x001D       [1]    Lcd_Out_i_L0
0x001E       [1]    FARG_Lcd_Chr_CP_out_char
0x001F       [1]    FARG_Lcd_Cmd_out_char
0x0040       [1]    R0
0x0041       [1]    R1
0x0042       [1]    R2
0x0043       [1]    R3
0x0044       [1]    R4
0x0045       [1]    R5
0x0046       [1]    R6
0x0047       [1]    R7
0x0048       [1]    R8
0x0049       [1]    R9
0x004A       [1]    R10
0x004B       [1]    R11
0x004C       [1]    R12
0x004D       [1]    R13
0x004E       [1]    R14
0x004F       [1]    R15
0x0085       [0]    TRISA2_bit
0x0085       [0]    LCD_EN_Direction
0x0085       [0]    TRISA0_bit
0x0085       [0]    LCD_RS_Direction
0x0086       [0]    LCD_D7_Direction
0x0086       [0]    TRISB6_bit
0x0086       [0]    TRISB7_bit
0x0086       [0]    TRISB4_bit
0x0086       [0]    TRISB5_bit
0x0086       [0]    LCD_D4_Direction
0x0086       [0]    LCD_D6_Direction
0x0086       [0]    LCD_D5_Direction
//** Constants locations ** 
//ADDRESS    SIZE    CONSTANT
//----------------------------------------------
0x0208      [16]    __Lib_Conversions_Digits
//** Label List: ** 
//----------------------------------------------
  L_main0
  L_main1
  L_main2
  L_main3
  L_end_main
  _main
  L__main5
  L__main6
  L_ByteToStr0
  L_ByteToStr1
  L_ByteToStr2
  L_ByteToStr3
  L_ByteToStr4
  L_ByteToStr5
  L_WordToStr6
  L_WordToStr7
  L_WordToStr8
  L_WordToStr9
  L_WordToStr10
  L_WordToStr11
  L_WordToStrWithZeros12
  L_WordToStrWithZeros13
  L_WordToStrWithZeros14
  L_WordToStrWithZeros15
  L_WordToStrWithZeros16
  L_ShortToStr17
  L_ShortToStr18
  L_ShortToStr19
  L_ShortToStr20
  L_ShortToStr21
  L_ShortToStr22
  L_IntToStr23
  L_IntToStr24
  L_IntToStr25
  L_IntToStr26
  L_IntToStr27
  L_IntToStr28
  L_IntToStrWithZeros29
  L_IntToStrWithZeros30
  L_IntToStrWithZeros31
  L_IntToStrWithZeros32
  L_IntToStrWithZeros33
  L_IntToStrWithZeros34
  L_IntToStrWithZeros35
  L_IntToStrWithZeros36
  L_IntToStrWithZeros37
  L_LongWordToStr38
  L_LongWordToStr39
  L_LongWordToStr40
  L_LongWordToStr41
  L_LongWordToStr42
  L_LongWordToStr43
  L_LongWordToStrWithZeros44
  L_LongWordToStrWithZeros45
  L_LongWordToStrWithZeros46
  L_LongWordToStrWithZeros47
  L_LongWordToStrWithZeros48
  L_LongToStr49
  L_LongToStr50
  L_LongToStr51
  L_LongToStr52
  L_LongToStr53
  L_LongToStr54
  L_LongIntToStrWithZeros55
  L_LongIntToStrWithZeros56
  L_LongIntToStrWithZeros57
  L_LongIntToStrWithZeros58
  L_LongIntToStrWithZeros59
  L_LongIntToStrWithZeros60
  L_LongIntToStrWithZeros61
  L_LongIntToStrWithZeros62
  L_LongIntToStrWithZeros63
  L_Dec2Bcd64
  L_Dec2Bcd65
  L_Rtrim66
  L_Rtrim67
  L_Rtrim68
  L_Rtrim69
  L_Ltrim70
  L_Ltrim71
  L_Ltrim72
  L_Ltrim73
  L_Ltrim74
  L_Ltrim75
  L_FloatToStr76
  L_FloatToStr77
  L_FloatToStr78
  L_FloatToStr79
  L_FloatToStr80
  L_FloatToStr81
  L_FloatToStr82
  L_FloatToStr83
  L_FloatToStr84
  L_FloatToStr85
  L_FloatToStr86
  L_FloatToStr87
  L_FloatToStr88
  L_FloatToStr89
  L_FloatToStr90
  L_FloatToStr91
  L_FloatToStr92
  L_FloatToStr93
  L_FloatToStr94
  L_FloatToStr95
  L_FloatToStr96
  L_FloatToStr97
  L__Rtrim98
  L__Ltrim99
  L__FloatToStr100
  L_end_ByteToHex
  _ByteToHex
  L_end_ShortToHex
  _ShortToHex
  L_end_WordToHex
  _WordToHex
  L_end_IntToHex
  _IntToHex
  L_end_LongWordToHex
  _LongWordToHex
  L_end_LongIntToHex
  _LongIntToHex
  L_end_ByteToStr
  _ByteToStr
  L_end_WordToStr
  _WordToStr
  L__WordToStr109
  L_end_WordToStrWithZeros
  _WordToStrWithZeros
  L__WordToStrWithZeros111
  L_end_ShortToStr
  _ShortToStr
  L__ShortToStr113
  L_end_IntToStr
  _IntToStr
  L__IntToStr115
  L__IntToStr116
  L_end_IntToStrWithZeros
  _IntToStrWithZeros
  L__IntToStrWithZeros118
  L__IntToStrWithZeros119
  L__IntToStrWithZeros120
  L_end_LongWordToStr
  _LongWordToStr
  L__LongWordToStr122
  L__LongWordToStr123
  L_end_LongWordToStrWithZeros
  _LongWordToStrWithZeros
  L__LongWordToStrWithZeros125
  L_end_LongToStr
  _LongToStr
  L__LongToStr127
  L__LongToStr128
  L_end_LongIntToStrWithZeros
  _LongIntToStrWithZeros
  L__LongIntToStrWithZeros130
  L__LongIntToStrWithZeros131
  L__LongIntToStrWithZeros132
  L_end_Dec2Bcd
  _Dec2Bcd
  L_end_Bcd2Dec
  _Bcd2Dec
  L_end_Bcd2Dec16
  _Bcd2Dec16
  L__Bcd2Dec16136
  L__Bcd2Dec16137
  L_end_Dec2Bcd16
  _Dec2Bcd16
  L__Dec2Bcd16139
  L__Dec2Bcd16140
  L_end_Rtrim
  _Rtrim
  L_end_Ltrim
  _Ltrim
  L_end_FloatToStr
  _FloatToStr
  L__FloatToStr144
  L__FloatToStr145
  L__FloatToStr146
  L__FloatToStr147
  L__FloatToStr148
  L_Delay_10us0
  L_Delay_22us1
  L_Delay_50us2
  L_Delay_80us3
  L_Delay_500us4
  L_Delay_5500us5
  L_Delay_1ms6
  L_Delay_5ms7
  L_Delay_8ms8
  L_Delay_10ms9
  L_Delay_100ms10
  L_Delay_1sec11
  L_boot16_Delay_5ms12
  L_Delay_Cyc13
  L_Delay_Cyc14
  L_VDelay_ms15
  L_VDelay_ms16
  L_VDelay_ms17
  L_VDelay_Advanced_ms18
  L_VDelay_Advanced_ms19
  L_VDelay_Advanced_ms20
  L_end_Get_Fosc_kHz
  _Get_Fosc_kHz
  L_end_Delay_1us
  _Delay_1us
  L_end_Delay_10us
  _Delay_10us
  L_end_Delay_22us
  _Delay_22us
  L_end_Delay_50us
  _Delay_50us
  L_end_Delay_80us
  _Delay_80us
  L_end_Delay_500us
  _Delay_500us
  L_end_Delay_5500us
  _Delay_5500us
  L_end_Delay_1ms
  _Delay_1ms
  L_end_Delay_5ms
  _Delay_5ms
  L_end_Delay_8ms
  _Delay_8ms
  L_end_Delay_10ms
  _Delay_10ms
  L_end_Delay_100ms
  _Delay_100ms
  L_end_Delay_1sec
  _Delay_1sec
  L_end_boot16_Delay_5ms
  _boot16_Delay_5ms
  L_end_Delay_Cyc
  _Delay_Cyc
  L_end_VDelay_ms
  _VDelay_ms
  L__VDelay_ms38
  L__VDelay_ms39
  L__VDelay_ms40
  L_end_VDelay_Advanced_ms
  _VDelay_Advanced_ms
  L__VDelay_Advanced_ms42
  L__VDelay_Advanced_ms43
  L__VDelay_Advanced_ms44
  L_Lcd_Cmd0
  L_Lcd_Cmd1
  L_Lcd_Out_CP2
  L_Lcd_Out_CP3
  L_Lcd_Chr4
  L_Lcd_Chr5
  L_Lcd_Chr6
  L_Lcd_Chr7
  L_Lcd_Chr8
  L_Lcd_Chr9
  L_Lcd_Chr10
  L_Lcd_Out11
  L_Lcd_Out12
  L_Lcd_Out13
  L_Lcd_Out14
  L_Lcd_Out15
  L_Lcd_Out16
  L_Lcd_Out17
  L_Lcd_Out18
  L_Lcd_Out19
  L_end_Lcd_Cmd
  _Lcd_Cmd
  L__Lcd_Cmd21
  L__Lcd_Cmd22
  L__Lcd_Cmd23
  L__Lcd_Cmd24
  L__Lcd_Cmd25
  L__Lcd_Cmd26
  L__Lcd_Cmd27
  L__Lcd_Cmd28
  L__Lcd_Cmd29
  L__Lcd_Cmd30
  L__Lcd_Cmd31
  L__Lcd_Cmd32
  L__Lcd_Cmd33
  L__Lcd_Cmd34
  L__Lcd_Cmd35
  L__Lcd_Cmd36
  L__Lcd_Cmd37
  L__Lcd_Cmd38
  L__Lcd_Cmd39
  L__Lcd_Cmd40
  L_end_Lcd_Chr_CP
  _Lcd_Chr_CP
  L_end_Lcd_Out_CP
  _Lcd_Out_CP
  L_end_Lcd_Chr
  _Lcd_Chr
  L_end_Lcd_Init
  _Lcd_Init
  L_end_Lcd_Out
  _Lcd_Out
  L_loopCA2AWs
  L_CA2AWend
  _CCA2AW_Loop1
  L_loopCS2Ss
  L_CS2Send
  _CCS2S_Loop1
  L_CCS2Send
  L_loopFZinSWs
  L_FZinSend
  _CC2D_Loop1
  L_end_____DoICP
  _____DoICP
  L_end_____DoIFC
  _____DoIFC
  L_end___CA2AW
  ___CA2AW
  L_end___CCA2AW
  ___CCA2AW
  L_end___CS2S
  ___CS2S
  L_end___CCS2S
  ___CCS2S
  L_end___FZinS
  ___FZinS
  L_end___CC2DW
  ___CC2DW
  L_end_Swap
  _Swap
