;  LST file generated by mikroListExporter - v.2.0 
; Date/Time: 27/10/2021 12:10:00
;----------------------------------------------

;Address Opcode 	ASM
0x0000	0x282C      	GOTO       44
_____DoICP:
;__Lib_System.c,6 :: 		
;__Lib_System.c,9 :: 		
0x0003	0x1283      	BCF        STATUS, 5
0x0004	0x080D      	MOVF       ___DoICPAddr+1, 0
0x0005	0x008A      	MOVWF      PCLATH
;__Lib_System.c,10 :: 		
0x0006	0x080C      	MOVF       ___DoICPAddr, 0
0x0007	0x0082      	MOVWF      PCL
;__Lib_System.c,12 :: 		
L_end_____DoICP:
0x0008	0x0008      	RETURN
; end of _____DoICP
_TablaVerdad:
;Mikro_Tablas04_84A.c,1 :: 		char TablaVerdad(int a){
;Mikro_Tablas04_84A.c,2 :: 		char DT []={0x0A, 0x09, 0x23,0x0f,0x20,0x07,0x17,0x3f};
0x0009	0x300A      	MOVLW      10
0x000A	0x1283      	BCF        STATUS, 5
0x000B	0x0092      	MOVWF      TablaVerdad_DT_L0
0x000C	0x3009      	MOVLW      9
0x000D	0x0093      	MOVWF      TablaVerdad_DT_L0+1
0x000E	0x3023      	MOVLW      35
0x000F	0x0094      	MOVWF      TablaVerdad_DT_L0+2
0x0010	0x300F      	MOVLW      15
0x0011	0x0095      	MOVWF      TablaVerdad_DT_L0+3
0x0012	0x3020      	MOVLW      32
0x0013	0x0096      	MOVWF      TablaVerdad_DT_L0+4
0x0014	0x3007      	MOVLW      7
0x0015	0x0097      	MOVWF      TablaVerdad_DT_L0+5
0x0016	0x3017      	MOVLW      23
0x0017	0x0098      	MOVWF      TablaVerdad_DT_L0+6
0x0018	0x303F      	MOVLW      63
0x0019	0x0099      	MOVWF      TablaVerdad_DT_L0+7
;Mikro_Tablas04_84A.c,3 :: 		return (DT[a]);
0x001A	0x0810      	MOVF       FARG_TablaVerdad_a, 0
0x001B	0x3E12      	ADDLW      TablaVerdad_DT_L0
0x001C	0x0084      	MOVWF      FSR
0x001D	0x0800      	MOVF       INDF, 0
0x001E	0x00C0      	MOVWF      R0
;Mikro_Tablas04_84A.c,4 :: 		}
L_end_TablaVerdad:
0x001F	0x0008      	RETURN
; end of _TablaVerdad
___CC2DW:
;__Lib_System.c,134 :: 		
;__Lib_System.c,137 :: 		
_CC2D_Loop1:
;__Lib_System.c,139 :: 		
0x0020	0x2003      	CALL       _____DoICP
0x0021	0x118A      	BCF        PCLATH, 3
0x0022	0x120A      	BCF        PCLATH, 4
;__Lib_System.c,141 :: 		
0x0023	0x0080      	MOVWF      INDF
;__Lib_System.c,142 :: 		
0x0024	0x0A84      	INCF       FSR, 1
;__Lib_System.c,143 :: 		
0x0025	0x0A8C      	INCF       ___DoICPAddr, 1
;__Lib_System.c,145 :: 		
0x0026	0x1903      	BTFSC      STATUS, 2
;__Lib_System.c,146 :: 		
0x0027	0x0A8D      	INCF       ___DoICPAddr+1, 1
;__Lib_System.c,147 :: 		
0x0028	0x03C0      	DECF       R0, 1
;__Lib_System.c,149 :: 		
0x0029	0x1D03      	BTFSS      STATUS, 2
;__Lib_System.c,150 :: 		
0x002A	0x2820      	GOTO       _CC2D_Loop1
;__Lib_System.c,152 :: 		
L_end___CC2DW:
0x002B	0x0008      	RETURN
; end of ___CC2DW
_main:
;Mikro_Tablas04_84A.c,5 :: 		void main() {
;Mikro_Tablas04_84A.c,7 :: 		TRISB=0X00;
0x002C	0x1683      	BSF        STATUS, 5
0x002D	0x0186      	CLRF       TRISB
;Mikro_Tablas04_84A.c,8 :: 		TRISA=0X1F;
0x002E	0x301F      	MOVLW      31
0x002F	0x0085      	MOVWF      TRISA
;Mikro_Tablas04_84A.c,9 :: 		do{
L_main0:
;Mikro_Tablas04_84A.c,10 :: 		x=PORTA&7;
0x0030	0x3007      	MOVLW      7
0x0031	0x1283      	BCF        STATUS, 5
0x0032	0x0505      	ANDWF      PORTA, 0
0x0033	0x008E      	MOVWF      main_x_L0
0x0034	0x018F      	CLRF       main_x_L0+1
0x0035	0x3000      	MOVLW      0
0x0036	0x058F      	ANDWF      main_x_L0+1, 1
0x0037	0x3000      	MOVLW      0
0x0038	0x008F      	MOVWF      main_x_L0+1
;Mikro_Tablas04_84A.c,11 :: 		PORTB=TablaVerdad(x);
0x0039	0x080E      	MOVF       main_x_L0, 0
0x003A	0x0090      	MOVWF      FARG_TablaVerdad_a
0x003B	0x080F      	MOVF       main_x_L0+1, 0
0x003C	0x0091      	MOVWF      FARG_TablaVerdad_a+1
0x003D	0x2009      	CALL       _TablaVerdad
0x003E	0x0840      	MOVF       R0, 0
0x003F	0x0086      	MOVWF      PORTB
;Mikro_Tablas04_84A.c,12 :: 		}while(1);
0x0040	0x2830      	GOTO       L_main0
;Mikro_Tablas04_84A.c,13 :: 		}
L_end_main:
0x0041	0x2841      	GOTO       $+0
; end of _main
Symbol List:
//** Routines locations **
//ADDRESS    SIZE    PROCEDURE
//----------------------------------------------
0x0003       [6]    _____DoICP
0x0009      [23]    _TablaVerdad
0x0020      [12]    ___CC2DW
0x002C      [22]    _main
//** Variables locations ** 
//ADDRESS    SIZE    VARIABLE
//----------------------------------------------
0x0000       [1]    INDF
0x0002       [1]    PCL
0x0003       [1]    STATUS
0x0004       [1]    FSR
0x0005       [1]    PORTA
0x0006       [1]    PORTB
0x000A       [1]    PCLATH
0x000C       [2]    ___DoICPAddr
0x000E       [2]    main_x_L0
0x0010       [2]    FARG_TablaVerdad_a
0x0012       [8]    TablaVerdad_DT_L0
0x0040       [1]    R0
0x0041       [1]    R1
0x0042       [1]    R2
0x0043       [1]    R3
0x0044       [1]    R4
0x0045       [1]    R5
0x0046       [1]    R6
0x0047       [1]    R7
0x0048       [1]    R8
0x0049       [1]    R9
0x004A       [1]    R10
0x004B       [1]    R11
0x004C       [1]    R12
0x004D       [1]    R13
0x004E       [1]    R14
0x004F       [1]    R15
0x0085       [1]    TRISA
0x0086       [1]    TRISB
//** Label List: ** 
//----------------------------------------------
  L_main0
  L_main1
  L_main2
  L_end_TablaVerdad
  _TablaVerdad
  L_end_main
  _main
  L_loopCA2AWs
  L_CA2AWend
  _CCA2AW_Loop1
  L_loopCS2Ss
  L_CS2Send
  _CCS2S_Loop1
  L_CCS2Send
  L_loopFZinSWs
  L_FZinSend
  _CC2D_Loop1
  L_end_____DoICP
  _____DoICP
  L_end_____DoIFC
  _____DoIFC
  L_end___CA2AW
  ___CA2AW
  L_end___CCA2AW
  ___CCA2AW
  L_end___CS2S
  ___CS2S
  L_end___CCS2S
  ___CCS2S
  L_end___FZinS
  ___FZinS
  L_end___CC2DW
  ___CC2DW
  L_end_Swap
  _Swap
