;  LST file generated by mikroListExporter - v.2.0 
; Date/Time: 28/10/2021 00:52:39
;----------------------------------------------

;Address Opcode 	ASM
0x0000	0x2880      	GOTO       128
_____DoICP:
;__Lib_System.c,6 :: 		
;__Lib_System.c,9 :: 		
0x0003	0x1283      	BCF        STATUS, 5
0x0004	0x080D      	MOVF       ___DoICPAddr+1, 0
0x0005	0x008A      	MOVWF      PCLATH
;__Lib_System.c,10 :: 		
0x0006	0x080C      	MOVF       ___DoICPAddr, 0
0x0007	0x0082      	MOVWF      PCL
;__Lib_System.c,12 :: 		
L_end_____DoICP:
0x0008	0x0008      	RETURN
; end of _____DoICP
_TablaVerdad:
;Mikro_Tablas_03_84A.c,1 :: 		int TablaVerdad (int W){
;Mikro_Tablas_03_84A.c,2 :: 		switch (W){
0x0009	0x2833      	GOTO       L_TablaVerdad0
;Mikro_Tablas_03_84A.c,3 :: 		case 0: return 10;
L_TablaVerdad2:
0x000A	0x300A      	MOVLW      10
0x000B	0x1283      	BCF        STATUS, 5
0x000C	0x00C0      	MOVWF      R0
0x000D	0x3000      	MOVLW      0
0x000E	0x00C1      	MOVWF      R0+1
0x000F	0x2873      	GOTO       L_end_TablaVerdad
;Mikro_Tablas_03_84A.c,4 :: 		case 1: return 9;
L_TablaVerdad3:
0x0010	0x3009      	MOVLW      9
0x0011	0x00C0      	MOVWF      R0
0x0012	0x3000      	MOVLW      0
0x0013	0x00C1      	MOVWF      R0+1
0x0014	0x2873      	GOTO       L_end_TablaVerdad
;Mikro_Tablas_03_84A.c,5 :: 		case 2: return 35;
L_TablaVerdad4:
0x0015	0x3023      	MOVLW      35
0x0016	0x00C0      	MOVWF      R0
0x0017	0x3000      	MOVLW      0
0x0018	0x00C1      	MOVWF      R0+1
0x0019	0x2873      	GOTO       L_end_TablaVerdad
;Mikro_Tablas_03_84A.c,6 :: 		case 3: return 15;
L_TablaVerdad5:
0x001A	0x300F      	MOVLW      15
0x001B	0x00C0      	MOVWF      R0
0x001C	0x3000      	MOVLW      0
0x001D	0x00C1      	MOVWF      R0+1
0x001E	0x2873      	GOTO       L_end_TablaVerdad
;Mikro_Tablas_03_84A.c,7 :: 		case 4: return 32;
L_TablaVerdad6:
0x001F	0x3020      	MOVLW      32
0x0020	0x00C0      	MOVWF      R0
0x0021	0x3000      	MOVLW      0
0x0022	0x00C1      	MOVWF      R0+1
0x0023	0x2873      	GOTO       L_end_TablaVerdad
;Mikro_Tablas_03_84A.c,8 :: 		case 5: return 7;
L_TablaVerdad7:
0x0024	0x3007      	MOVLW      7
0x0025	0x00C0      	MOVWF      R0
0x0026	0x3000      	MOVLW      0
0x0027	0x00C1      	MOVWF      R0+1
0x0028	0x2873      	GOTO       L_end_TablaVerdad
;Mikro_Tablas_03_84A.c,9 :: 		case 6: return 23;
L_TablaVerdad8:
0x0029	0x3017      	MOVLW      23
0x002A	0x00C0      	MOVWF      R0
0x002B	0x3000      	MOVLW      0
0x002C	0x00C1      	MOVWF      R0+1
0x002D	0x2873      	GOTO       L_end_TablaVerdad
;Mikro_Tablas_03_84A.c,10 :: 		case 7: return 63;
L_TablaVerdad9:
0x002E	0x303F      	MOVLW      63
0x002F	0x00C0      	MOVWF      R0
0x0030	0x3000      	MOVLW      0
0x0031	0x00C1      	MOVWF      R0+1
0x0032	0x2873      	GOTO       L_end_TablaVerdad
;Mikro_Tablas_03_84A.c,11 :: 		}
L_TablaVerdad0:
0x0033	0x3000      	MOVLW      0
0x0034	0x0611      	XORWF      FARG_TablaVerdad_W+1, 0
0x0035	0x1D03      	BTFSS      STATUS, 2
0x0036	0x2839      	GOTO       L__TablaVerdad14
0x0037	0x3000      	MOVLW      0
0x0038	0x0610      	XORWF      FARG_TablaVerdad_W, 0
L__TablaVerdad14:
0x0039	0x1903      	BTFSC      STATUS, 2
0x003A	0x280A      	GOTO       L_TablaVerdad2
0x003B	0x3000      	MOVLW      0
0x003C	0x0611      	XORWF      FARG_TablaVerdad_W+1, 0
0x003D	0x1D03      	BTFSS      STATUS, 2
0x003E	0x2841      	GOTO       L__TablaVerdad15
0x003F	0x3001      	MOVLW      1
0x0040	0x0610      	XORWF      FARG_TablaVerdad_W, 0
L__TablaVerdad15:
0x0041	0x1903      	BTFSC      STATUS, 2
0x0042	0x2810      	GOTO       L_TablaVerdad3
0x0043	0x3000      	MOVLW      0
0x0044	0x0611      	XORWF      FARG_TablaVerdad_W+1, 0
0x0045	0x1D03      	BTFSS      STATUS, 2
0x0046	0x2849      	GOTO       L__TablaVerdad16
0x0047	0x3002      	MOVLW      2
0x0048	0x0610      	XORWF      FARG_TablaVerdad_W, 0
L__TablaVerdad16:
0x0049	0x1903      	BTFSC      STATUS, 2
0x004A	0x2815      	GOTO       L_TablaVerdad4
0x004B	0x3000      	MOVLW      0
0x004C	0x0611      	XORWF      FARG_TablaVerdad_W+1, 0
0x004D	0x1D03      	BTFSS      STATUS, 2
0x004E	0x2851      	GOTO       L__TablaVerdad17
0x004F	0x3003      	MOVLW      3
0x0050	0x0610      	XORWF      FARG_TablaVerdad_W, 0
L__TablaVerdad17:
0x0051	0x1903      	BTFSC      STATUS, 2
0x0052	0x281A      	GOTO       L_TablaVerdad5
0x0053	0x3000      	MOVLW      0
0x0054	0x0611      	XORWF      FARG_TablaVerdad_W+1, 0
0x0055	0x1D03      	BTFSS      STATUS, 2
0x0056	0x2859      	GOTO       L__TablaVerdad18
0x0057	0x3004      	MOVLW      4
0x0058	0x0610      	XORWF      FARG_TablaVerdad_W, 0
L__TablaVerdad18:
0x0059	0x1903      	BTFSC      STATUS, 2
0x005A	0x281F      	GOTO       L_TablaVerdad6
0x005B	0x3000      	MOVLW      0
0x005C	0x0611      	XORWF      FARG_TablaVerdad_W+1, 0
0x005D	0x1D03      	BTFSS      STATUS, 2
0x005E	0x2861      	GOTO       L__TablaVerdad19
0x005F	0x3005      	MOVLW      5
0x0060	0x0610      	XORWF      FARG_TablaVerdad_W, 0
L__TablaVerdad19:
0x0061	0x1903      	BTFSC      STATUS, 2
0x0062	0x2824      	GOTO       L_TablaVerdad7
0x0063	0x3000      	MOVLW      0
0x0064	0x0611      	XORWF      FARG_TablaVerdad_W+1, 0
0x0065	0x1D03      	BTFSS      STATUS, 2
0x0066	0x2869      	GOTO       L__TablaVerdad20
0x0067	0x3006      	MOVLW      6
0x0068	0x0610      	XORWF      FARG_TablaVerdad_W, 0
L__TablaVerdad20:
0x0069	0x1903      	BTFSC      STATUS, 2
0x006A	0x2829      	GOTO       L_TablaVerdad8
0x006B	0x3000      	MOVLW      0
0x006C	0x0611      	XORWF      FARG_TablaVerdad_W+1, 0
0x006D	0x1D03      	BTFSS      STATUS, 2
0x006E	0x2871      	GOTO       L__TablaVerdad21
0x006F	0x3007      	MOVLW      7
0x0070	0x0610      	XORWF      FARG_TablaVerdad_W, 0
L__TablaVerdad21:
0x0071	0x1903      	BTFSC      STATUS, 2
0x0072	0x282E      	GOTO       L_TablaVerdad9
;Mikro_Tablas_03_84A.c,12 :: 		}
L_end_TablaVerdad:
0x0073	0x0008      	RETURN
; end of _TablaVerdad
___CC2DW:
;__Lib_System.c,134 :: 		
;__Lib_System.c,137 :: 		
_CC2D_Loop1:
;__Lib_System.c,139 :: 		
0x0074	0x2003      	CALL       _____DoICP
0x0075	0x118A      	BCF        PCLATH, 3
0x0076	0x120A      	BCF        PCLATH, 4
;__Lib_System.c,141 :: 		
0x0077	0x0080      	MOVWF      INDF
;__Lib_System.c,142 :: 		
0x0078	0x0A84      	INCF       FSR, 1
;__Lib_System.c,143 :: 		
0x0079	0x0A8C      	INCF       ___DoICPAddr, 1
;__Lib_System.c,145 :: 		
0x007A	0x1903      	BTFSC      STATUS, 2
;__Lib_System.c,146 :: 		
0x007B	0x0A8D      	INCF       ___DoICPAddr+1, 1
;__Lib_System.c,147 :: 		
0x007C	0x03C0      	DECF       R0, 1
;__Lib_System.c,149 :: 		
0x007D	0x1D03      	BTFSS      STATUS, 2
;__Lib_System.c,150 :: 		
0x007E	0x2874      	GOTO       _CC2D_Loop1
;__Lib_System.c,152 :: 		
L_end___CC2DW:
0x007F	0x0008      	RETURN
; end of ___CC2DW
_main:
;Mikro_Tablas_03_84A.c,13 :: 		void main() {
;Mikro_Tablas_03_84A.c,15 :: 		TRISA=255;
0x0080	0x30FF      	MOVLW      255
0x0081	0x1683      	BSF        STATUS, 5
0x0082	0x0085      	MOVWF      TRISA
;Mikro_Tablas_03_84A.c,16 :: 		TRISB=0;
0x0083	0x0186      	CLRF       TRISB
;Mikro_Tablas_03_84A.c,17 :: 		do{
L_main10:
;Mikro_Tablas_03_84A.c,18 :: 		W=PORTA;
0x0084	0x1283      	BCF        STATUS, 5
0x0085	0x0805      	MOVF       PORTA, 0
0x0086	0x008E      	MOVWF      main_W_L0
0x0087	0x018F      	CLRF       main_W_L0+1
;Mikro_Tablas_03_84A.c,19 :: 		W=W&7;
0x0088	0x3007      	MOVLW      7
0x0089	0x050E      	ANDWF      main_W_L0, 0
0x008A	0x00C0      	MOVWF      R0
0x008B	0x080F      	MOVF       main_W_L0+1, 0
0x008C	0x00C1      	MOVWF      R0+1
0x008D	0x3000      	MOVLW      0
0x008E	0x05C1      	ANDWF      R0+1, 1
0x008F	0x0840      	MOVF       R0, 0
0x0090	0x008E      	MOVWF      main_W_L0
0x0091	0x0841      	MOVF       R0+1, 0
0x0092	0x008F      	MOVWF      main_W_L0+1
;Mikro_Tablas_03_84A.c,20 :: 		PORTB=TablaVerdad(W);
0x0093	0x0840      	MOVF       R0, 0
0x0094	0x0090      	MOVWF      FARG_TablaVerdad_W
0x0095	0x0841      	MOVF       R0+1, 0
0x0096	0x0091      	MOVWF      FARG_TablaVerdad_W+1
0x0097	0x2009      	CALL       _TablaVerdad
0x0098	0x1283      	BCF        STATUS, 5
0x0099	0x0840      	MOVF       R0, 0
0x009A	0x0086      	MOVWF      PORTB
;Mikro_Tablas_03_84A.c,21 :: 		}while(1);
0x009B	0x2884      	GOTO       L_main10
;Mikro_Tablas_03_84A.c,22 :: 		}
L_end_main:
0x009C	0x289C      	GOTO       $+0
; end of _main
Symbol List:
//** Routines locations **
//ADDRESS    SIZE    PROCEDURE
//----------------------------------------------
0x0003       [6]    _____DoICP
0x0009     [107]    _TablaVerdad
0x0074      [12]    ___CC2DW
0x0080      [29]    _main
//** Variables locations ** 
//ADDRESS    SIZE    VARIABLE
//----------------------------------------------
0x0000       [1]    INDF
0x0002       [1]    PCL
0x0003       [1]    STATUS
0x0004       [1]    FSR
0x0005       [1]    PORTA
0x0006       [1]    PORTB
0x000A       [1]    PCLATH
0x000C       [2]    ___DoICPAddr
0x000E       [2]    main_W_L0
0x0010       [2]    FARG_TablaVerdad_W
0x0040       [1]    R0
0x0041       [1]    R1
0x0042       [1]    R2
0x0043       [1]    R3
0x0044       [1]    R4
0x0045       [1]    R5
0x0046       [1]    R6
0x0047       [1]    R7
0x0048       [1]    R8
0x0049       [1]    R9
0x004A       [1]    R10
0x004B       [1]    R11
0x004C       [1]    R12
0x004D       [1]    R13
0x004E       [1]    R14
0x004F       [1]    R15
0x0085       [1]    TRISA
0x0086       [1]    TRISB
//** Label List: ** 
//----------------------------------------------
  L_TablaVerdad0
  L_TablaVerdad1
  L_TablaVerdad2
  L_TablaVerdad3
  L_TablaVerdad4
  L_TablaVerdad5
  L_TablaVerdad6
  L_TablaVerdad7
  L_TablaVerdad8
  L_TablaVerdad9
  L_main10
  L_main11
  L_main12
  L_end_TablaVerdad
  _TablaVerdad
  L__TablaVerdad14
  L__TablaVerdad15
  L__TablaVerdad16
  L__TablaVerdad17
  L__TablaVerdad18
  L__TablaVerdad19
  L__TablaVerdad20
  L__TablaVerdad21
  L_end_main
  _main
  L_loopCA2AWs
  L_CA2AWend
  _CCA2AW_Loop1
  L_loopCS2Ss
  L_CS2Send
  _CCS2S_Loop1
  L_CCS2Send
  L_loopFZinSWs
  L_FZinSend
  _CC2D_Loop1
  L_end_____DoICP
  _____DoICP
  L_end_____DoIFC
  _____DoIFC
  L_end___CA2AW
  ___CA2AW
  L_end___CCA2AW
  ___CCA2AW
  L_end___CS2S
  ___CS2S
  L_end___CCS2S
  ___CCS2S
  L_end___FZinS
  ___FZinS
  L_end___CC2DW
  ___CC2DW
  L_end_Swap
  _Swap
