;  LST file generated by mikroListExporter - v.2.0 
; Date/Time: 28/10/2021 00:44:16
;----------------------------------------------

;Address Opcode 	ASM
0x0000	0x28E8      	GOTO       232
_____DoICP:
;__Lib_System.c,6 :: 		
;__Lib_System.c,9 :: 		
0x0003	0x1283      	BCF        STATUS, 5
0x0004	0x080D      	MOVF       ___DoICPAddr+1, 0
0x0005	0x008A      	MOVWF      PCLATH
;__Lib_System.c,10 :: 		
0x0006	0x080C      	MOVF       ___DoICPAddr, 0
0x0007	0x0082      	MOVWF      PCL
;__Lib_System.c,12 :: 		
L_end_____DoICP:
0x0008	0x0008      	RETURN
; end of _____DoICP
_Binario_a_7Segmentos:
;Mikro_Display_01_84A.c,2 :: 		int Binario_a_7Segmentos(int valor){
;Mikro_Display_01_84A.c,3 :: 		switch(valor){
0x0009	0x285B      	GOTO       L_Binario_a_7Segmentos8
;Mikro_Display_01_84A.c,4 :: 		case 0: return 0x3F;
L_Binario_a_7Segmentos10:
0x000A	0x303F      	MOVLW      63
0x000B	0x1283      	BCF        STATUS, 5
0x000C	0x00C0      	MOVWF      R0
0x000D	0x3000      	MOVLW      0
0x000E	0x00C1      	MOVWF      R0+1
0x000F	0x28DB      	GOTO       L_end_Binario_a_7Segmentos
;Mikro_Display_01_84A.c,5 :: 		case 1: return 0x06;
L_Binario_a_7Segmentos11:
0x0010	0x3006      	MOVLW      6
0x0011	0x00C0      	MOVWF      R0
0x0012	0x3000      	MOVLW      0
0x0013	0x00C1      	MOVWF      R0+1
0x0014	0x28DB      	GOTO       L_end_Binario_a_7Segmentos
;Mikro_Display_01_84A.c,6 :: 		case 2: return 0x5B;
L_Binario_a_7Segmentos12:
0x0015	0x305B      	MOVLW      91
0x0016	0x00C0      	MOVWF      R0
0x0017	0x3000      	MOVLW      0
0x0018	0x00C1      	MOVWF      R0+1
0x0019	0x28DB      	GOTO       L_end_Binario_a_7Segmentos
;Mikro_Display_01_84A.c,7 :: 		case 3: return 0x4F;
L_Binario_a_7Segmentos13:
0x001A	0x304F      	MOVLW      79
0x001B	0x00C0      	MOVWF      R0
0x001C	0x3000      	MOVLW      0
0x001D	0x00C1      	MOVWF      R0+1
0x001E	0x28DB      	GOTO       L_end_Binario_a_7Segmentos
;Mikro_Display_01_84A.c,8 :: 		case 4: return 0x66;
L_Binario_a_7Segmentos14:
0x001F	0x3066      	MOVLW      102
0x0020	0x00C0      	MOVWF      R0
0x0021	0x3000      	MOVLW      0
0x0022	0x00C1      	MOVWF      R0+1
0x0023	0x28DB      	GOTO       L_end_Binario_a_7Segmentos
;Mikro_Display_01_84A.c,9 :: 		case 5: return 0x6D;
L_Binario_a_7Segmentos15:
0x0024	0x306D      	MOVLW      109
0x0025	0x00C0      	MOVWF      R0
0x0026	0x3000      	MOVLW      0
0x0027	0x00C1      	MOVWF      R0+1
0x0028	0x28DB      	GOTO       L_end_Binario_a_7Segmentos
;Mikro_Display_01_84A.c,10 :: 		case 6: return 0x7D;
L_Binario_a_7Segmentos16:
0x0029	0x307D      	MOVLW      125
0x002A	0x00C0      	MOVWF      R0
0x002B	0x3000      	MOVLW      0
0x002C	0x00C1      	MOVWF      R0+1
0x002D	0x28DB      	GOTO       L_end_Binario_a_7Segmentos
;Mikro_Display_01_84A.c,11 :: 		case 7: return 0x07;
L_Binario_a_7Segmentos17:
0x002E	0x3007      	MOVLW      7
0x002F	0x00C0      	MOVWF      R0
0x0030	0x3000      	MOVLW      0
0x0031	0x00C1      	MOVWF      R0+1
0x0032	0x28DB      	GOTO       L_end_Binario_a_7Segmentos
;Mikro_Display_01_84A.c,12 :: 		case 8: return 0x7F;
L_Binario_a_7Segmentos18:
0x0033	0x307F      	MOVLW      127
0x0034	0x00C0      	MOVWF      R0
0x0035	0x3000      	MOVLW      0
0x0036	0x00C1      	MOVWF      R0+1
0x0037	0x28DB      	GOTO       L_end_Binario_a_7Segmentos
;Mikro_Display_01_84A.c,13 :: 		case 9: return 0x67;
L_Binario_a_7Segmentos19:
0x0038	0x3067      	MOVLW      103
0x0039	0x00C0      	MOVWF      R0
0x003A	0x3000      	MOVLW      0
0x003B	0x00C1      	MOVWF      R0+1
0x003C	0x28DB      	GOTO       L_end_Binario_a_7Segmentos
;Mikro_Display_01_84A.c,14 :: 		case 10: return 0x77;
L_Binario_a_7Segmentos20:
0x003D	0x3077      	MOVLW      119
0x003E	0x00C0      	MOVWF      R0
0x003F	0x3000      	MOVLW      0
0x0040	0x00C1      	MOVWF      R0+1
0x0041	0x28DB      	GOTO       L_end_Binario_a_7Segmentos
;Mikro_Display_01_84A.c,15 :: 		case 11: return 0x7C;
L_Binario_a_7Segmentos21:
0x0042	0x307C      	MOVLW      124
0x0043	0x00C0      	MOVWF      R0
0x0044	0x3000      	MOVLW      0
0x0045	0x00C1      	MOVWF      R0+1
0x0046	0x28DB      	GOTO       L_end_Binario_a_7Segmentos
;Mikro_Display_01_84A.c,16 :: 		case 12: return 0x39;
L_Binario_a_7Segmentos22:
0x0047	0x3039      	MOVLW      57
0x0048	0x00C0      	MOVWF      R0
0x0049	0x3000      	MOVLW      0
0x004A	0x00C1      	MOVWF      R0+1
0x004B	0x28DB      	GOTO       L_end_Binario_a_7Segmentos
;Mikro_Display_01_84A.c,17 :: 		case 13: return 0x5E;
L_Binario_a_7Segmentos23:
0x004C	0x305E      	MOVLW      94
0x004D	0x00C0      	MOVWF      R0
0x004E	0x3000      	MOVLW      0
0x004F	0x00C1      	MOVWF      R0+1
0x0050	0x28DB      	GOTO       L_end_Binario_a_7Segmentos
;Mikro_Display_01_84A.c,18 :: 		case 14: return 0x79;
L_Binario_a_7Segmentos24:
0x0051	0x3079      	MOVLW      121
0x0052	0x00C0      	MOVWF      R0
0x0053	0x3000      	MOVLW      0
0x0054	0x00C1      	MOVWF      R0+1
0x0055	0x28DB      	GOTO       L_end_Binario_a_7Segmentos
;Mikro_Display_01_84A.c,19 :: 		case 15: return 0x71;
L_Binario_a_7Segmentos25:
0x0056	0x3071      	MOVLW      113
0x0057	0x00C0      	MOVWF      R0
0x0058	0x3000      	MOVLW      0
0x0059	0x00C1      	MOVWF      R0+1
0x005A	0x28DB      	GOTO       L_end_Binario_a_7Segmentos
;Mikro_Display_01_84A.c,20 :: 		}
L_Binario_a_7Segmentos8:
0x005B	0x3000      	MOVLW      0
0x005C	0x0611      	XORWF      FARG_Binario_a_7Segmentos_valor+1, 0
0x005D	0x1D03      	BTFSS      STATUS, 2
0x005E	0x2861      	GOTO       L__Binario_a_7Segmentos32
0x005F	0x3000      	MOVLW      0
0x0060	0x0610      	XORWF      FARG_Binario_a_7Segmentos_valor, 0
L__Binario_a_7Segmentos32:
0x0061	0x1903      	BTFSC      STATUS, 2
0x0062	0x280A      	GOTO       L_Binario_a_7Segmentos10
0x0063	0x3000      	MOVLW      0
0x0064	0x0611      	XORWF      FARG_Binario_a_7Segmentos_valor+1, 0
0x0065	0x1D03      	BTFSS      STATUS, 2
0x0066	0x2869      	GOTO       L__Binario_a_7Segmentos33
0x0067	0x3001      	MOVLW      1
0x0068	0x0610      	XORWF      FARG_Binario_a_7Segmentos_valor, 0
L__Binario_a_7Segmentos33:
0x0069	0x1903      	BTFSC      STATUS, 2
0x006A	0x2810      	GOTO       L_Binario_a_7Segmentos11
0x006B	0x3000      	MOVLW      0
0x006C	0x0611      	XORWF      FARG_Binario_a_7Segmentos_valor+1, 0
0x006D	0x1D03      	BTFSS      STATUS, 2
0x006E	0x2871      	GOTO       L__Binario_a_7Segmentos34
0x006F	0x3002      	MOVLW      2
0x0070	0x0610      	XORWF      FARG_Binario_a_7Segmentos_valor, 0
L__Binario_a_7Segmentos34:
0x0071	0x1903      	BTFSC      STATUS, 2
0x0072	0x2815      	GOTO       L_Binario_a_7Segmentos12
0x0073	0x3000      	MOVLW      0
0x0074	0x0611      	XORWF      FARG_Binario_a_7Segmentos_valor+1, 0
0x0075	0x1D03      	BTFSS      STATUS, 2
0x0076	0x2879      	GOTO       L__Binario_a_7Segmentos35
0x0077	0x3003      	MOVLW      3
0x0078	0x0610      	XORWF      FARG_Binario_a_7Segmentos_valor, 0
L__Binario_a_7Segmentos35:
0x0079	0x1903      	BTFSC      STATUS, 2
0x007A	0x281A      	GOTO       L_Binario_a_7Segmentos13
0x007B	0x3000      	MOVLW      0
0x007C	0x0611      	XORWF      FARG_Binario_a_7Segmentos_valor+1, 0
0x007D	0x1D03      	BTFSS      STATUS, 2
0x007E	0x2881      	GOTO       L__Binario_a_7Segmentos36
0x007F	0x3004      	MOVLW      4
0x0080	0x0610      	XORWF      FARG_Binario_a_7Segmentos_valor, 0
L__Binario_a_7Segmentos36:
0x0081	0x1903      	BTFSC      STATUS, 2
0x0082	0x281F      	GOTO       L_Binario_a_7Segmentos14
0x0083	0x3000      	MOVLW      0
0x0084	0x0611      	XORWF      FARG_Binario_a_7Segmentos_valor+1, 0
0x0085	0x1D03      	BTFSS      STATUS, 2
0x0086	0x2889      	GOTO       L__Binario_a_7Segmentos37
0x0087	0x3005      	MOVLW      5
0x0088	0x0610      	XORWF      FARG_Binario_a_7Segmentos_valor, 0
L__Binario_a_7Segmentos37:
0x0089	0x1903      	BTFSC      STATUS, 2
0x008A	0x2824      	GOTO       L_Binario_a_7Segmentos15
0x008B	0x3000      	MOVLW      0
0x008C	0x0611      	XORWF      FARG_Binario_a_7Segmentos_valor+1, 0
0x008D	0x1D03      	BTFSS      STATUS, 2
0x008E	0x2891      	GOTO       L__Binario_a_7Segmentos38
0x008F	0x3006      	MOVLW      6
0x0090	0x0610      	XORWF      FARG_Binario_a_7Segmentos_valor, 0
L__Binario_a_7Segmentos38:
0x0091	0x1903      	BTFSC      STATUS, 2
0x0092	0x2829      	GOTO       L_Binario_a_7Segmentos16
0x0093	0x3000      	MOVLW      0
0x0094	0x0611      	XORWF      FARG_Binario_a_7Segmentos_valor+1, 0
0x0095	0x1D03      	BTFSS      STATUS, 2
0x0096	0x2899      	GOTO       L__Binario_a_7Segmentos39
0x0097	0x3007      	MOVLW      7
0x0098	0x0610      	XORWF      FARG_Binario_a_7Segmentos_valor, 0
L__Binario_a_7Segmentos39:
0x0099	0x1903      	BTFSC      STATUS, 2
0x009A	0x282E      	GOTO       L_Binario_a_7Segmentos17
0x009B	0x3000      	MOVLW      0
0x009C	0x0611      	XORWF      FARG_Binario_a_7Segmentos_valor+1, 0
0x009D	0x1D03      	BTFSS      STATUS, 2
0x009E	0x28A1      	GOTO       L__Binario_a_7Segmentos40
0x009F	0x3008      	MOVLW      8
0x00A0	0x0610      	XORWF      FARG_Binario_a_7Segmentos_valor, 0
L__Binario_a_7Segmentos40:
0x00A1	0x1903      	BTFSC      STATUS, 2
0x00A2	0x2833      	GOTO       L_Binario_a_7Segmentos18
0x00A3	0x3000      	MOVLW      0
0x00A4	0x0611      	XORWF      FARG_Binario_a_7Segmentos_valor+1, 0
0x00A5	0x1D03      	BTFSS      STATUS, 2
0x00A6	0x28A9      	GOTO       L__Binario_a_7Segmentos41
0x00A7	0x3009      	MOVLW      9
0x00A8	0x0610      	XORWF      FARG_Binario_a_7Segmentos_valor, 0
L__Binario_a_7Segmentos41:
0x00A9	0x1903      	BTFSC      STATUS, 2
0x00AA	0x2838      	GOTO       L_Binario_a_7Segmentos19
0x00AB	0x3000      	MOVLW      0
0x00AC	0x0611      	XORWF      FARG_Binario_a_7Segmentos_valor+1, 0
0x00AD	0x1D03      	BTFSS      STATUS, 2
0x00AE	0x28B1      	GOTO       L__Binario_a_7Segmentos42
0x00AF	0x300A      	MOVLW      10
0x00B0	0x0610      	XORWF      FARG_Binario_a_7Segmentos_valor, 0
L__Binario_a_7Segmentos42:
0x00B1	0x1903      	BTFSC      STATUS, 2
0x00B2	0x283D      	GOTO       L_Binario_a_7Segmentos20
0x00B3	0x3000      	MOVLW      0
0x00B4	0x0611      	XORWF      FARG_Binario_a_7Segmentos_valor+1, 0
0x00B5	0x1D03      	BTFSS      STATUS, 2
0x00B6	0x28B9      	GOTO       L__Binario_a_7Segmentos43
0x00B7	0x300B      	MOVLW      11
0x00B8	0x0610      	XORWF      FARG_Binario_a_7Segmentos_valor, 0
L__Binario_a_7Segmentos43:
0x00B9	0x1903      	BTFSC      STATUS, 2
0x00BA	0x2842      	GOTO       L_Binario_a_7Segmentos21
0x00BB	0x3000      	MOVLW      0
0x00BC	0x0611      	XORWF      FARG_Binario_a_7Segmentos_valor+1, 0
0x00BD	0x1D03      	BTFSS      STATUS, 2
0x00BE	0x28C1      	GOTO       L__Binario_a_7Segmentos44
0x00BF	0x300C      	MOVLW      12
0x00C0	0x0610      	XORWF      FARG_Binario_a_7Segmentos_valor, 0
L__Binario_a_7Segmentos44:
0x00C1	0x1903      	BTFSC      STATUS, 2
0x00C2	0x2847      	GOTO       L_Binario_a_7Segmentos22
0x00C3	0x3000      	MOVLW      0
0x00C4	0x0611      	XORWF      FARG_Binario_a_7Segmentos_valor+1, 0
0x00C5	0x1D03      	BTFSS      STATUS, 2
0x00C6	0x28C9      	GOTO       L__Binario_a_7Segmentos45
0x00C7	0x300D      	MOVLW      13
0x00C8	0x0610      	XORWF      FARG_Binario_a_7Segmentos_valor, 0
L__Binario_a_7Segmentos45:
0x00C9	0x1903      	BTFSC      STATUS, 2
0x00CA	0x284C      	GOTO       L_Binario_a_7Segmentos23
0x00CB	0x3000      	MOVLW      0
0x00CC	0x0611      	XORWF      FARG_Binario_a_7Segmentos_valor+1, 0
0x00CD	0x1D03      	BTFSS      STATUS, 2
0x00CE	0x28D1      	GOTO       L__Binario_a_7Segmentos46
0x00CF	0x300E      	MOVLW      14
0x00D0	0x0610      	XORWF      FARG_Binario_a_7Segmentos_valor, 0
L__Binario_a_7Segmentos46:
0x00D1	0x1903      	BTFSC      STATUS, 2
0x00D2	0x2851      	GOTO       L_Binario_a_7Segmentos24
0x00D3	0x3000      	MOVLW      0
0x00D4	0x0611      	XORWF      FARG_Binario_a_7Segmentos_valor+1, 0
0x00D5	0x1D03      	BTFSS      STATUS, 2
0x00D6	0x28D9      	GOTO       L__Binario_a_7Segmentos47
0x00D7	0x300F      	MOVLW      15
0x00D8	0x0610      	XORWF      FARG_Binario_a_7Segmentos_valor, 0
L__Binario_a_7Segmentos47:
0x00D9	0x1903      	BTFSC      STATUS, 2
0x00DA	0x2856      	GOTO       L_Binario_a_7Segmentos25
;Mikro_Display_01_84A.c,21 :: 		}
L_end_Binario_a_7Segmentos:
0x00DB	0x0008      	RETURN
; end of _Binario_a_7Segmentos
___CC2DW:
;__Lib_System.c,134 :: 		
;__Lib_System.c,137 :: 		
_CC2D_Loop1:
;__Lib_System.c,139 :: 		
0x00DC	0x2003      	CALL       _____DoICP
0x00DD	0x118A      	BCF        PCLATH, 3
0x00DE	0x120A      	BCF        PCLATH, 4
;__Lib_System.c,141 :: 		
0x00DF	0x0080      	MOVWF      INDF
;__Lib_System.c,142 :: 		
0x00E0	0x0A84      	INCF       FSR, 1
;__Lib_System.c,143 :: 		
0x00E1	0x0A8C      	INCF       ___DoICPAddr, 1
;__Lib_System.c,145 :: 		
0x00E2	0x1903      	BTFSC      STATUS, 2
;__Lib_System.c,146 :: 		
0x00E3	0x0A8D      	INCF       ___DoICPAddr+1, 1
;__Lib_System.c,147 :: 		
0x00E4	0x03C0      	DECF       R0, 1
;__Lib_System.c,149 :: 		
0x00E5	0x1D03      	BTFSS      STATUS, 2
;__Lib_System.c,150 :: 		
0x00E6	0x28DC      	GOTO       _CC2D_Loop1
;__Lib_System.c,152 :: 		
L_end___CC2DW:
0x00E7	0x0008      	RETURN
; end of ___CC2DW
_main:
;Mikro_Display_01_84A.c,22 :: 		void main() {
;Mikro_Display_01_84A.c,24 :: 		TRISA=0b00001111;
0x00E8	0x300F      	MOVLW      15
0x00E9	0x1683      	BSF        STATUS, 5
0x00EA	0x0085      	MOVWF      TRISA
;Mikro_Display_01_84A.c,25 :: 		TRISB=0;
0x00EB	0x0186      	CLRF       TRISB
;Mikro_Display_01_84A.c,26 :: 		PORTB=0;
0x00EC	0x1283      	BCF        STATUS, 5
0x00ED	0x0186      	CLRF       PORTB
;Mikro_Display_01_84A.c,27 :: 		do{
L_main26:
;Mikro_Display_01_84A.c,28 :: 		x=PORTA;
0x00EE	0x0805      	MOVF       PORTA, 0
0x00EF	0x008E      	MOVWF      main_x_L0
0x00F0	0x018F      	CLRF       main_x_L0+1
;Mikro_Display_01_84A.c,29 :: 		PORTB=Binario_a_7Segmentos(x);
0x00F1	0x080E      	MOVF       main_x_L0, 0
0x00F2	0x0090      	MOVWF      FARG_Binario_a_7Segmentos_valor
0x00F3	0x080F      	MOVF       main_x_L0+1, 0
0x00F4	0x0091      	MOVWF      FARG_Binario_a_7Segmentos_valor+1
0x00F5	0x2009      	CALL       _Binario_a_7Segmentos
0x00F6	0x1283      	BCF        STATUS, 5
0x00F7	0x0840      	MOVF       R0, 0
0x00F8	0x0086      	MOVWF      PORTB
;Mikro_Display_01_84A.c,30 :: 		}while(1);
0x00F9	0x28EE      	GOTO       L_main26
;Mikro_Display_01_84A.c,31 :: 		}
L_end_main:
0x00FA	0x28FA      	GOTO       $+0
; end of _main
Symbol List:
//** Routines locations **
//ADDRESS    SIZE    PROCEDURE
//----------------------------------------------
0x0003       [6]    _____DoICP
0x0009     [211]    _Binario_a_7Segmentos
0x00DC      [12]    ___CC2DW
0x00E8      [19]    _main
//** Variables locations ** 
//ADDRESS    SIZE    VARIABLE
//----------------------------------------------
0x0000       [1]    INDF
0x0002       [1]    PCL
0x0003       [1]    STATUS
0x0004       [1]    FSR
0x0005       [1]    PORTA
0x0006       [1]    PORTB
0x000A       [1]    PCLATH
0x000C       [2]    ___DoICPAddr
0x000E       [2]    main_x_L0
0x0010       [2]    FARG_Binario_a_7Segmentos_valor
0x0040       [1]    R0
0x0041       [1]    R1
0x0042       [1]    R2
0x0043       [1]    R3
0x0044       [1]    R4
0x0045       [1]    R5
0x0046       [1]    R6
0x0047       [1]    R7
0x0048       [1]    R8
0x0049       [1]    R9
0x004A       [1]    R10
0x004B       [1]    R11
0x004C       [1]    R12
0x004D       [1]    R13
0x004E       [1]    R14
0x004F       [1]    R15
0x0085       [1]    TRISA
0x0086       [1]    TRISB
//** Label List: ** 
//----------------------------------------------
  L_ASCII_a_7Segmentos0
  L_ASCII_a_7Segmentos1
  L_ASCII_a_7Segmentos2
  L_ASCII_a_7Segmentos3
  L_ASCII_a_7Segmentos4
  L_ASCII_a_7Segmentos5
  L_ASCII_a_7Segmentos6
  L_ASCII_a_7Segmentos7
  L_Binario_a_7Segmentos8
  L_Binario_a_7Segmentos9
  L_Binario_a_7Segmentos10
  L_Binario_a_7Segmentos11
  L_Binario_a_7Segmentos12
  L_Binario_a_7Segmentos13
  L_Binario_a_7Segmentos14
  L_Binario_a_7Segmentos15
  L_Binario_a_7Segmentos16
  L_Binario_a_7Segmentos17
  L_Binario_a_7Segmentos18
  L_Binario_a_7Segmentos19
  L_Binario_a_7Segmentos20
  L_Binario_a_7Segmentos21
  L_Binario_a_7Segmentos22
  L_Binario_a_7Segmentos23
  L_Binario_a_7Segmentos24
  L_Binario_a_7Segmentos25
  L_main26
  L_main27
  L_main28
  L__ASCII_a_7Segmentos29
  L_end_ASCII_a_7Segmentos
  _ASCII_a_7Segmentos
  L_end_Binario_a_7Segmentos
  _Binario_a_7Segmentos
  L__Binario_a_7Segmentos32
  L__Binario_a_7Segmentos33
  L__Binario_a_7Segmentos34
  L__Binario_a_7Segmentos35
  L__Binario_a_7Segmentos36
  L__Binario_a_7Segmentos37
  L__Binario_a_7Segmentos38
  L__Binario_a_7Segmentos39
  L__Binario_a_7Segmentos40
  L__Binario_a_7Segmentos41
  L__Binario_a_7Segmentos42
  L__Binario_a_7Segmentos43
  L__Binario_a_7Segmentos44
  L__Binario_a_7Segmentos45
  L__Binario_a_7Segmentos46
  L__Binario_a_7Segmentos47
  L_end_main
  _main
  L_loopCA2AWs
  L_CA2AWend
  _CCA2AW_Loop1
  L_loopCS2Ss
  L_CS2Send
  _CCS2S_Loop1
  L_CCS2Send
  L_loopFZinSWs
  L_FZinSend
  _CC2D_Loop1
  L_end_____DoICP
  _____DoICP
  L_end_____DoIFC
  _____DoIFC
  L_end___CA2AW
  ___CA2AW
  L_end___CCA2AW
  ___CCA2AW
  L_end___CS2S
  ___CS2S
  L_end___CCS2S
  ___CCS2S
  L_end___FZinS
  ___FZinS
  L_end___CC2DW
  ___CC2DW
  L_end_Swap
  _Swap
