;  LST file generated by mikroListExporter - v.2.0 
; Date/Time: 20/10/2021 11:54:46
;----------------------------------------------

;Address Opcode 	ASM
0x0000	0x284B      	GOTO       75
_____DoICP:
;__Lib_System.c,6 :: 		
;__Lib_System.c,9 :: 		
0x0003	0x1283      	BCF        STATUS, 5
0x0004	0x080F      	MOVF       ___DoICPAddr+1, 0
0x0005	0x008A      	MOVWF      PCLATH
;__Lib_System.c,10 :: 		
0x0006	0x080E      	MOVF       ___DoICPAddr, 0
0x0007	0x0082      	MOVWF      PCL
;__Lib_System.c,12 :: 		
L_end_____DoICP:
0x0008	0x0008      	RETURN
; end of _____DoICP
___CC2DW:
;__Lib_System.c,134 :: 		
;__Lib_System.c,137 :: 		
_CC2D_Loop1:
;__Lib_System.c,139 :: 		
0x0009	0x2003      	CALL       _____DoICP
0x000A	0x118A      	BCF        PCLATH, 3
0x000B	0x120A      	BCF        PCLATH, 4
;__Lib_System.c,141 :: 		
0x000C	0x0080      	MOVWF      INDF
;__Lib_System.c,142 :: 		
0x000D	0x0A84      	INCF       FSR, 1
;__Lib_System.c,143 :: 		
0x000E	0x0A8E      	INCF       ___DoICPAddr, 1
;__Lib_System.c,145 :: 		
0x000F	0x1903      	BTFSC      STATUS, 2
;__Lib_System.c,146 :: 		
0x0010	0x0A8F      	INCF       ___DoICPAddr+1, 1
;__Lib_System.c,147 :: 		
0x0011	0x03C0      	DECF       R0, 1
;__Lib_System.c,149 :: 		
0x0012	0x1D03      	BTFSS      STATUS, 2
;__Lib_System.c,150 :: 		
0x0013	0x2809      	GOTO       _CC2D_Loop1
;__Lib_System.c,152 :: 		
L_end___CC2DW:
0x0014	0x0008      	RETURN
; end of ___CC2DW
_BIN_a_BCD:
;Mikro_subrutina_01.c,2 :: 		int BIN_a_BCD (int num){
;Mikro_subrutina_01.c,3 :: 		short Millares=0, Centenas=0, Decenas=0, Unidades=0;
0x0015	0x1283      	BCF        STATUS, 5
0x0016	0x0192      	CLRF       BIN_a_BCD_Centenas_L0
0x0017	0x0193      	CLRF       BIN_a_BCD_Decenas_L0
0x0018	0x0194      	CLRF       BIN_a_BCD_Unidades_L0
;Mikro_subrutina_01.c,5 :: 		Unidades=num;
0x0019	0x0810      	MOVF       FARG_BIN_a_BCD_num, 0
0x001A	0x0094      	MOVWF      BIN_a_BCD_Unidades_L0
;Mikro_subrutina_01.c,6 :: 		while(Unidades>=10){
L_BIN_a_BCD0:
0x001B	0x3080      	MOVLW      128
0x001C	0x0614      	XORWF      BIN_a_BCD_Unidades_L0, 0
0x001D	0x00C0      	MOVWF      R0
0x001E	0x3080      	MOVLW      128
0x001F	0x3A0A      	XORLW      10
0x0020	0x0240      	SUBWF      R0, 0
0x0021	0x1C03      	BTFSS      STATUS, 0
0x0022	0x2832      	GOTO       L_BIN_a_BCD1
;Mikro_subrutina_01.c,7 :: 		Unidades=Unidades-10;
0x0023	0x300A      	MOVLW      10
0x0024	0x0294      	SUBWF      BIN_a_BCD_Unidades_L0, 1
;Mikro_subrutina_01.c,8 :: 		Decenas++;
0x0025	0x0A93      	INCF       BIN_a_BCD_Decenas_L0, 1
;Mikro_subrutina_01.c,9 :: 		if(Decenas==10){
0x0026	0x0813      	MOVF       BIN_a_BCD_Decenas_L0, 0
0x0027	0x3A0A      	XORLW      10
0x0028	0x1D03      	BTFSS      STATUS, 2
0x0029	0x2831      	GOTO       L_BIN_a_BCD2
;Mikro_subrutina_01.c,10 :: 		Decenas=0;
0x002A	0x0193      	CLRF       BIN_a_BCD_Decenas_L0
;Mikro_subrutina_01.c,11 :: 		Centenas++;
0x002B	0x0A92      	INCF       BIN_a_BCD_Centenas_L0, 1
;Mikro_subrutina_01.c,12 :: 		if(Centenas==10){
0x002C	0x0812      	MOVF       BIN_a_BCD_Centenas_L0, 0
0x002D	0x3A0A      	XORLW      10
0x002E	0x1D03      	BTFSS      STATUS, 2
0x002F	0x2831      	GOTO       L_BIN_a_BCD3
;Mikro_subrutina_01.c,13 :: 		Centenas=0;
0x0030	0x0192      	CLRF       BIN_a_BCD_Centenas_L0
;Mikro_subrutina_01.c,15 :: 		}
L_BIN_a_BCD3:
;Mikro_subrutina_01.c,16 :: 		}
L_BIN_a_BCD2:
;Mikro_subrutina_01.c,17 :: 		}
0x0031	0x281B      	GOTO       L_BIN_a_BCD0
L_BIN_a_BCD1:
;Mikro_subrutina_01.c,20 :: 		aux=Decenas<<4;
0x0032	0x3004      	MOVLW      4
0x0033	0x00C2      	MOVWF      R2
0x0034	0x0813      	MOVF       BIN_a_BCD_Decenas_L0, 0
0x0035	0x00C0      	MOVWF      R0
0x0036	0x3000      	MOVLW      0
0x0037	0x1BC0      	BTFSC      R0, 7
0x0038	0x30FF      	MOVLW      255
0x0039	0x00C1      	MOVWF      R0+1
0x003A	0x0842      	MOVF       R2, 0
L__BIN_a_BCD8:
0x003B	0x1903      	BTFSC      STATUS, 2
0x003C	0x2842      	GOTO       L__BIN_a_BCD9
0x003D	0x0DC0      	RLF        R0, 1
0x003E	0x0DC1      	RLF        R0+1, 1
0x003F	0x1040      	BCF        R0, 0
0x0040	0x3EFF      	ADDLW      255
0x0041	0x283B      	GOTO       L__BIN_a_BCD8
L__BIN_a_BCD9:
;Mikro_subrutina_01.c,21 :: 		aux=aux+Unidades;
0x0042	0x0814      	MOVF       BIN_a_BCD_Unidades_L0, 0
0x0043	0x07C0      	ADDWF      R0, 1
0x0044	0x1803      	BTFSC      STATUS, 0
0x0045	0x0AC1      	INCF       R0+1, 1
0x0046	0x3000      	MOVLW      0
0x0047	0x1B94      	BTFSC      BIN_a_BCD_Unidades_L0, 7
0x0048	0x30FF      	MOVLW      255
0x0049	0x07C1      	ADDWF      R0+1, 1
;Mikro_subrutina_01.c,22 :: 		return(aux);
;Mikro_subrutina_01.c,23 :: 		}
L_end_BIN_a_BCD:
0x004A	0x0008      	RETURN
; end of _BIN_a_BCD
_main:
0x004B	0x30BD      	MOVLW      189
0x004C	0x1283      	BCF        STATUS, 5
0x004D	0x008C      	MOVWF      _Numero
0x004E	0x018D      	CLRF       13
;Mikro_subrutina_01.c,24 :: 		void main() {
;Mikro_subrutina_01.c,25 :: 		TRISB=0;
0x004F	0x1683      	BSF        STATUS, 5
0x0050	0x0186      	CLRF       TRISB
;Mikro_subrutina_01.c,26 :: 		do{
L_main4:
;Mikro_subrutina_01.c,27 :: 		PORTB=BIN_a_BCD (Numero);
0x0051	0x080C      	MOVF       _Numero, 0
0x0052	0x0090      	MOVWF      FARG_BIN_a_BCD_num
0x0053	0x080D      	MOVF       _Numero+1, 0
0x0054	0x0091      	MOVWF      FARG_BIN_a_BCD_num+1
0x0055	0x2015      	CALL       _BIN_a_BCD
0x0056	0x0840      	MOVF       R0, 0
0x0057	0x0086      	MOVWF      PORTB
;Mikro_subrutina_01.c,28 :: 		}while (1);
0x0058	0x2851      	GOTO       L_main4
;Mikro_subrutina_01.c,29 :: 		}
L_end_main:
0x0059	0x2859      	GOTO       $+0
; end of _main
Symbol List:
//** Routines locations **
//ADDRESS    SIZE    PROCEDURE
//----------------------------------------------
0x0003       [6]    _____DoICP
0x0009      [12]    ___CC2DW
0x0015      [54]    _BIN_a_BCD
0x004B      [15]    _main
//** Variables locations ** 
//ADDRESS    SIZE    VARIABLE
//----------------------------------------------
0x0000       [1]    INDF
0x0002       [1]    PCL
0x0003       [1]    STATUS
0x0004       [1]    FSR
0x0006       [1]    PORTB
0x000A       [1]    PCLATH
0x000C       [2]    _Numero
0x000E       [2]    ___DoICPAddr
0x0010       [2]    FARG_BIN_a_BCD_num
0x0012       [1]    BIN_a_BCD_Centenas_L0
0x0013       [1]    BIN_a_BCD_Decenas_L0
0x0014       [1]    BIN_a_BCD_Unidades_L0
0x0040       [1]    R0
0x0041       [1]    R1
0x0042       [1]    R2
0x0043       [1]    R3
0x0044       [1]    R4
0x0045       [1]    R5
0x0046       [1]    R6
0x0047       [1]    R7
0x0048       [1]    R8
0x0049       [1]    R9
0x004A       [1]    R10
0x004B       [1]    R11
0x004C       [1]    R12
0x004D       [1]    R13
0x004E       [1]    R14
0x004F       [1]    R15
0x0086       [1]    TRISB
//** Label List: ** 
//----------------------------------------------
  L_BIN_a_BCD0
  L_BIN_a_BCD1
  L_BIN_a_BCD2
  L_BIN_a_BCD3
  L_main4
  L_main5
  L_main6
  L_end_BIN_a_BCD
  _BIN_a_BCD
  L__BIN_a_BCD8
  L__BIN_a_BCD9
  L_end_main
  _main
  L_loopCA2AWs
  L_CA2AWend
  _CCA2AW_Loop1
  L_loopCS2Ss
  L_CS2Send
  _CCS2S_Loop1
  L_CCS2Send
  L_loopFZinSWs
  L_FZinSend
  _CC2D_Loop1
  L_end_____DoICP
  _____DoICP
  L_end_____DoIFC
  _____DoIFC
  L_end___CA2AW
  ___CA2AW
  L_end___CCA2AW
  ___CCA2AW
  L_end___CS2S
  ___CS2S
  L_end___CCS2S
  ___CCS2S
  L_end___FZinS
  ___FZinS
  L_end___CC2DW
  ___CC2DW
  L_end_Swap
  _Swap
