;  LST file generated by mikroListExporter - v.2.0 
; Date/Time: 28/10/2021 00:45:53
;----------------------------------------------

;Address Opcode 	ASM
0x0000	0x283F      	GOTO       63
_____DoICP:
;__Lib_System.c,6 :: 		
;__Lib_System.c,9 :: 		
0x0003	0x1283      	BCF        STATUS, 5
0x0004	0x080F      	MOVF       ___DoICPAddr+1, 0
0x0005	0x008A      	MOVWF      PCLATH
;__Lib_System.c,10 :: 		
0x0006	0x080E      	MOVF       ___DoICPAddr, 0
0x0007	0x0082      	MOVWF      PCL
;__Lib_System.c,12 :: 		
L_end_____DoICP:
0x0008	0x0008      	RETURN
; end of _____DoICP
___CC2DW:
;__Lib_System.c,134 :: 		
;__Lib_System.c,137 :: 		
_CC2D_Loop1:
;__Lib_System.c,139 :: 		
0x0009	0x2003      	CALL       _____DoICP
0x000A	0x118A      	BCF        PCLATH, 3
0x000B	0x120A      	BCF        PCLATH, 4
;__Lib_System.c,141 :: 		
0x000C	0x0080      	MOVWF      INDF
;__Lib_System.c,142 :: 		
0x000D	0x0A84      	INCF       FSR, 1
;__Lib_System.c,143 :: 		
0x000E	0x0A8E      	INCF       ___DoICPAddr, 1
;__Lib_System.c,145 :: 		
0x000F	0x1903      	BTFSC      STATUS, 2
;__Lib_System.c,146 :: 		
0x0010	0x0A8F      	INCF       ___DoICPAddr+1, 1
;__Lib_System.c,147 :: 		
0x0011	0x03C0      	DECF       R0, 1
;__Lib_System.c,149 :: 		
0x0012	0x1D03      	BTFSS      STATUS, 2
;__Lib_System.c,150 :: 		
0x0013	0x2809      	GOTO       _CC2D_Loop1
;__Lib_System.c,152 :: 		
L_end___CC2DW:
0x0014	0x0008      	RETURN
; end of ___CC2DW
_bin_a_bcd:
;bin_a_bcd.h,1 :: 		int bin_a_bcd (int num){
;bin_a_bcd.h,2 :: 		unsigned short Millares=0,Centenas=0,Decenas=0,Unidades;
0x0015	0x1283      	BCF        STATUS, 5
0x0016	0x0192      	CLRF       bin_a_bcd_Centenas_L0
0x0017	0x0193      	CLRF       bin_a_bcd_Decenas_L0
;bin_a_bcd.h,4 :: 		Unidades=num;
0x0018	0x0810      	MOVF       FARG_bin_a_bcd_num, 0
0x0019	0x00C3      	MOVWF      R3
;bin_a_bcd.h,5 :: 		while(Unidades >= 10){
L_bin_a_bcd0:
0x001A	0x300A      	MOVLW      10
0x001B	0x0243      	SUBWF      R3, 0
0x001C	0x1C03      	BTFSS      STATUS, 0
0x001D	0x282D      	GOTO       L_bin_a_bcd1
;bin_a_bcd.h,6 :: 		Unidades = Unidades - 10;
0x001E	0x300A      	MOVLW      10
0x001F	0x02C3      	SUBWF      R3, 1
;bin_a_bcd.h,7 :: 		Decenas++;
0x0020	0x0A93      	INCF       bin_a_bcd_Decenas_L0, 1
;bin_a_bcd.h,8 :: 		if(decenas == 10){
0x0021	0x0813      	MOVF       bin_a_bcd_Decenas_L0, 0
0x0022	0x3A0A      	XORLW      10
0x0023	0x1D03      	BTFSS      STATUS, 2
0x0024	0x282C      	GOTO       L_bin_a_bcd2
;bin_a_bcd.h,9 :: 		Decenas = 0;
0x0025	0x0193      	CLRF       bin_a_bcd_Decenas_L0
;bin_a_bcd.h,10 :: 		Centenas++;
0x0026	0x0A92      	INCF       bin_a_bcd_Centenas_L0, 1
;bin_a_bcd.h,11 :: 		if(centenas == 10){
0x0027	0x0812      	MOVF       bin_a_bcd_Centenas_L0, 0
0x0028	0x3A0A      	XORLW      10
0x0029	0x1D03      	BTFSS      STATUS, 2
0x002A	0x282C      	GOTO       L_bin_a_bcd3
;bin_a_bcd.h,12 :: 		Centenas=0;
0x002B	0x0192      	CLRF       bin_a_bcd_Centenas_L0
;bin_a_bcd.h,14 :: 		}
L_bin_a_bcd3:
;bin_a_bcd.h,15 :: 		}
L_bin_a_bcd2:
;bin_a_bcd.h,16 :: 		}
0x002C	0x281A      	GOTO       L_bin_a_bcd0
L_bin_a_bcd1:
;bin_a_bcd.h,19 :: 		aux=Decenas<<4;
0x002D	0x3004      	MOVLW      4
0x002E	0x00C2      	MOVWF      R2
0x002F	0x0813      	MOVF       bin_a_bcd_Decenas_L0, 0
0x0030	0x00C0      	MOVWF      R0
0x0031	0x01C1      	CLRF       R0+1
0x0032	0x0842      	MOVF       R2, 0
L__bin_a_bcd8:
0x0033	0x1903      	BTFSC      STATUS, 2
0x0034	0x283A      	GOTO       L__bin_a_bcd9
0x0035	0x0DC0      	RLF        R0, 1
0x0036	0x0DC1      	RLF        R0+1, 1
0x0037	0x1040      	BCF        R0, 0
0x0038	0x3EFF      	ADDLW      255
0x0039	0x2833      	GOTO       L__bin_a_bcd8
L__bin_a_bcd9:
;bin_a_bcd.h,20 :: 		aux=aux+Unidades;
0x003A	0x0843      	MOVF       R3, 0
0x003B	0x07C0      	ADDWF      R0, 1
0x003C	0x1803      	BTFSC      STATUS, 0
0x003D	0x0AC1      	INCF       R0+1, 1
;bin_a_bcd.h,21 :: 		return(aux);
;bin_a_bcd.h,22 :: 		}
L_end_bin_a_bcd:
0x003E	0x0008      	RETURN
; end of _bin_a_bcd
_main:
0x003F	0x307C      	MOVLW      124
0x0040	0x1283      	BCF        STATUS, 5
0x0041	0x008C      	MOVWF      _Numero
0x0042	0x018D      	CLRF       13
;Mikro_Subrutina_02_84A.c,3 :: 		void main() {
;Mikro_Subrutina_02_84A.c,4 :: 		TRISB=0;
0x0043	0x1683      	BSF        STATUS, 5
0x0044	0x0186      	CLRF       TRISB
;Mikro_Subrutina_02_84A.c,5 :: 		do{
L_main4:
;Mikro_Subrutina_02_84A.c,6 :: 		PORTB =  bin_a_bcd(Numero);
0x0045	0x080C      	MOVF       _Numero, 0
0x0046	0x0090      	MOVWF      FARG_bin_a_bcd_num
0x0047	0x080D      	MOVF       _Numero+1, 0
0x0048	0x0091      	MOVWF      FARG_bin_a_bcd_num+1
0x0049	0x2015      	CALL       _bin_a_bcd
0x004A	0x0840      	MOVF       R0, 0
0x004B	0x0086      	MOVWF      PORTB
;Mikro_Subrutina_02_84A.c,7 :: 		}while(1);
0x004C	0x2845      	GOTO       L_main4
;Mikro_Subrutina_02_84A.c,8 :: 		}
L_end_main:
0x004D	0x284D      	GOTO       $+0
; end of _main
Symbol List:
//** Routines locations **
//ADDRESS    SIZE    PROCEDURE
//----------------------------------------------
0x0003       [6]    _____DoICP
0x0009      [12]    ___CC2DW
0x0015      [42]    _bin_a_bcd
0x003F      [15]    _main
//** Variables locations ** 
//ADDRESS    SIZE    VARIABLE
//----------------------------------------------
0x0000       [1]    INDF
0x0002       [1]    PCL
0x0003       [1]    STATUS
0x0004       [1]    FSR
0x0006       [1]    PORTB
0x000A       [1]    PCLATH
0x000C       [2]    _Numero
0x000E       [2]    ___DoICPAddr
0x0010       [2]    FARG_bin_a_bcd_num
0x0012       [1]    bin_a_bcd_Centenas_L0
0x0013       [1]    bin_a_bcd_Decenas_L0
0x0040       [1]    R0
0x0041       [1]    R1
0x0042       [1]    R2
0x0043       [1]    R3
0x0044       [1]    R4
0x0045       [1]    R5
0x0046       [1]    R6
0x0047       [1]    R7
0x0048       [1]    R8
0x0049       [1]    R9
0x004A       [1]    R10
0x004B       [1]    R11
0x004C       [1]    R12
0x004D       [1]    R13
0x004E       [1]    R14
0x004F       [1]    R15
0x0086       [1]    TRISB
//** Label List: ** 
//----------------------------------------------
  L_bin_a_bcd0
  L_bin_a_bcd1
  L_bin_a_bcd2
  L_bin_a_bcd3
  L_main4
  L_main5
  L_main6
  L_end_bin_a_bcd
  _bin_a_bcd
  L__bin_a_bcd8
  L__bin_a_bcd9
  L_end_main
  _main
  L_loopCA2AWs
  L_CA2AWend
  _CCA2AW_Loop1
  L_loopCS2Ss
  L_CS2Send
  _CCS2S_Loop1
  L_CCS2Send
  L_loopFZinSWs
  L_FZinSend
  _CC2D_Loop1
  L_end_____DoICP
  _____DoICP
  L_end_____DoIFC
  _____DoIFC
  L_end___CA2AW
  ___CA2AW
  L_end___CCA2AW
  ___CCA2AW
  L_end___CS2S
  ___CS2S
  L_end___CCS2S
  ___CCS2S
  L_end___FZinS
  ___FZinS
  L_end___CC2DW
  ___CC2DW
  L_end_Swap
  _Swap
