0	1	mikroCPIC1618.exe -MSF -DBG -pP16F648A -DL -O11111114 -fo4 -N"C:\Users\Brenda\Dropbox\PC\Documents\7 semestre\2. Sistemas Programables\PRAC MICRO C\Mikro_01.mcppi" -SP"C:\Users\Brenda\Dropbox\PC\Documents\Mikroelektronika\mikroC PRO for PIC\defs\" -SP"C:\Users\Brenda\Dropbox\PC\Documents\Mikroelektronika\mikroC PRO for PIC\Uses\P16\" -SP"C:\Users\Brenda\Dropbox\PC\Documents\7 semestre\2. Sistemas Programables\PRAC MICRO C\" "Mikro_01.c" "__Lib_Math.mcl" "__Lib_MathDouble.mcl" "__Lib_System.mcl" "__Lib_Delays.mcl" "__Lib_CType.mcl" "__Lib_CString.mcl" "__Lib_CStdlib.mcl" "__Lib_CMath.mcl" "__Lib_MemManager.mcl" "__Lib_Conversions.mcl" "__Lib_Sprinti.mcl" "__Lib_Sprintl.mcl" "__Lib_Time.mcl" "__Lib_Trigonometry.mcl" "__Lib_Button.mcl" "__Lib_Keypad4x4.mcl" "__Lib_Manchester.mcl" "__Lib_OneWire.mcl" "__Lib_PS2.mcl" "__Lib_Sound.mcl" "__Lib_SoftI2C.mcl" "__Lib_SoftSPI.mcl" "__Lib_SoftUART.mcl" "__Lib_EEPROM.mcl" "__Lib_PWM_b3.mcl" "__Lib_UART_b21.mcl" "__Lib_CF.mcl" "__Lib_GlcdFonts.mcl" "__Lib_Glcd.mcl" "__Lib_LcdConsts.mcl" "__Lib_Lcd.mcl" "__Lib_RS485.mcl" "__Lib_S1D13700.mcl" "__Lib_T6963C.mcl"	 
hint: 0	1139	Available RAM: 240 [bytes], Available ROM: 4096 [bytes]	 
diagnostics: 0	122	Compilation Started	P16F648A.c
diagnostics: 373	123	Compiled Successfully	P16F648A.c
diagnostics: 0	122	Compilation Started	__Lib_Delays.c
diagnostics: 123	123	Compiled Successfully	__Lib_Delays.c
diagnostics: 0	122	Compilation Started	__Lib_MemManager.c
warning: 34	1508	Implicit conversion of int to ptr	__Lib_MemManager.c
diagnostics: 231	123	Compiled Successfully	__Lib_MemManager.c
diagnostics: 0	122	Compilation Started	__Lib_GlcdFonts.c
diagnostics: 1207	123	Compiled Successfully	__Lib_GlcdFonts.c
diagnostics: 0	126	All files Preprocessed in 141 ms	 
diagnostics: 0	122	Compilation Started	Mikro_01.c
diagnostics: 7	123	Compiled Successfully	Mikro_01.c
diagnostics: 0	127	All files Compiled in 203 ms	 
hint: 0	1144	Used RAM (bytes): 5 (2%)  Free RAM (bytes): 235 (98%)	Used RAM (bytes): 5 (2%)  Free RAM (bytes): 235 (98%)
hint: 0	1144	Used ROM (program words): 31 (1%)  Free ROM (program words): 4065 (99%)	Used ROM (program words): 31 (1%)  Free ROM (program words): 4065 (99%)
diagnostics: 0	125	Project Linked Successfully	Mikro_01.mcppi
diagnostics: 0	128	Linked in 172 ms	 
diagnostics: 0	129	Project 'Mikro_01.mcppi' completed: 3188 ms	 
diagnostics: 0	103	Finished successfully: 13 oct. 2021, 12:02:27	Mikro_01.mcppi
