;  LST file generated by mikroListExporter - v.2.0 
; Date/Time: 7/11/2021 22:14:39
;----------------------------------------------

;Address Opcode 	ASM
0x0000	0x2832      	GOTO       50
_Interrupt:
0x0004	0x00CF      	MOVWF      R15
0x0005	0x0E03      	SWAPF      STATUS, 0
0x0006	0x0183      	CLRF       STATUS
0x0007	0x008F      	MOVWF      ___saveSTATUS
0x0008	0x080A      	MOVF       PCLATH, 0
0x0009	0x0090      	MOVWF      ___savePCLATH
0x000A	0x018A      	CLRF       PCLATH
;MyProject.c,2 :: 		void Interrupt(){
;MyProject.c,3 :: 		if (TMR0IF_bit){
0x000B	0x1D0B      	BTFSS      TMR0IF_bit, BitPos(TMR0IF_bit+0)
0x000C	0x2819      	GOTO       L_Interrupt0
;MyProject.c,4 :: 		if( PORTA.F0 ){
0x000D	0x1283      	BCF        STATUS, 5
0x000E	0x1C05      	BTFSS      PORTA, 0
0x000F	0x2814      	GOTO       L_Interrupt1
;MyProject.c,5 :: 		TMR0 = duty;
0x0010	0x080C      	MOVF       _duty, 0
0x0011	0x0081      	MOVWF      TMR0
;MyProject.c,6 :: 		PORTA.F0 = 0;}
0x0012	0x1005      	BCF        PORTA, 0
0x0013	0x2818      	GOTO       L_Interrupt2
L_Interrupt1:
;MyProject.c,8 :: 		TMR0 = (255 - duty) ;
0x0014	0x080C      	MOVF       _duty, 0
0x0015	0x3CFF      	SUBLW      255
0x0016	0x0081      	MOVWF      TMR0
;MyProject.c,9 :: 		PORTA.F0 = 1;
0x0017	0x1405      	BSF        PORTA, 0
;MyProject.c,10 :: 		}
L_Interrupt2:
;MyProject.c,11 :: 		TMR0IF_bit         = 0;
0x0018	0x110B      	BCF        TMR0IF_bit, BitPos(TMR0IF_bit+0)
;MyProject.c,12 :: 		}
L_Interrupt0:
;MyProject.c,13 :: 		}
L_end_Interrupt:
L__Interrupt14:
0x0019	0x0810      	MOVF       ___savePCLATH, 0
0x001A	0x008A      	MOVWF      PCLATH
0x001B	0x0E0F      	SWAPF      ___saveSTATUS, 0
0x001C	0x0083      	MOVWF      STATUS
0x001D	0x0ECF      	SWAPF      R15, 1
0x001E	0x0E4F      	SWAPF      R15, 0
0x001F	0x0009      	RETFIE
; end of _Interrupt
_____DoICP:
;__Lib_System.c,6 :: 		
;__Lib_System.c,9 :: 		
0x0020	0x1283      	BCF        STATUS, 5
0x0021	0x080E      	MOVF       ___DoICPAddr+1, 0
0x0022	0x008A      	MOVWF      PCLATH
;__Lib_System.c,10 :: 		
0x0023	0x080D      	MOVF       ___DoICPAddr, 0
0x0024	0x0082      	MOVWF      PCL
;__Lib_System.c,12 :: 		
L_end_____DoICP:
0x0025	0x0008      	RETURN
; end of _____DoICP
___CC2DW:
;__Lib_System.c,134 :: 		
;__Lib_System.c,137 :: 		
_CC2D_Loop1:
;__Lib_System.c,139 :: 		
0x0026	0x2020      	CALL       _____DoICP
0x0027	0x118A      	BCF        PCLATH, 3
0x0028	0x120A      	BCF        PCLATH, 4
;__Lib_System.c,141 :: 		
0x0029	0x0080      	MOVWF      INDF
;__Lib_System.c,142 :: 		
0x002A	0x0A84      	INCF       FSR, 1
;__Lib_System.c,143 :: 		
0x002B	0x0A8D      	INCF       ___DoICPAddr, 1
;__Lib_System.c,145 :: 		
0x002C	0x1903      	BTFSC      STATUS, 2
;__Lib_System.c,146 :: 		
0x002D	0x0A8E      	INCF       ___DoICPAddr+1, 1
;__Lib_System.c,147 :: 		
0x002E	0x03C0      	DECF       R0, 1
;__Lib_System.c,149 :: 		
0x002F	0x1D03      	BTFSS      STATUS, 2
;__Lib_System.c,150 :: 		
0x0030	0x2826      	GOTO       _CC2D_Loop1
;__Lib_System.c,152 :: 		
L_end___CC2DW:
0x0031	0x0008      	RETURN
; end of ___CC2DW
_main:
0x0032	0x1283      	BCF        STATUS, 5
0x0033	0x018C      	CLRF       _duty
;MyProject.c,14 :: 		void main() {
;MyProject.c,15 :: 		TRISA.F0 = 0;
0x0034	0x1683      	BSF        STATUS, 5
0x0035	0x1005      	BCF        TRISA, 0
;MyProject.c,16 :: 		TRISB = 3;
0x0036	0x3003      	MOVLW      3
0x0037	0x0086      	MOVWF      TRISB
;MyProject.c,17 :: 		PORTA = 0;
0x0038	0x1283      	BCF        STATUS, 5
0x0039	0x0185      	CLRF       PORTA
;MyProject.c,18 :: 		PORTB = 0;
0x003A	0x0186      	CLRF       PORTB
;MyProject.c,19 :: 		OPTION_REG         = 2;
0x003B	0x3002      	MOVLW      2
0x003C	0x1683      	BSF        STATUS, 5
0x003D	0x0081      	MOVWF      OPTION_REG
;MyProject.c,20 :: 		TMR0                 = 0;
0x003E	0x1283      	BCF        STATUS, 5
0x003F	0x0181      	CLRF       TMR0
;MyProject.c,21 :: 		INTCON         = 0xA0;
0x0040	0x30A0      	MOVLW      160
0x0041	0x008B      	MOVWF      INTCON
;MyProject.c,22 :: 		while(1){
L_main3:
;MyProject.c,23 :: 		while(!PORTB.F0){
L_main5:
0x0042	0x1806      	BTFSC      PORTB, 0
0x0043	0x2857      	GOTO       L_main6
;MyProject.c,24 :: 		if(duty > 254){
0x0044	0x080C      	MOVF       _duty, 0
0x0045	0x3CFE      	SUBLW      254
0x0046	0x1803      	BTFSC      STATUS, 0
0x0047	0x284B      	GOTO       L_main7
;MyProject.c,25 :: 		duty = 254;
0x0048	0x30FE      	MOVLW      254
0x0049	0x008C      	MOVWF      _duty
;MyProject.c,26 :: 		PORTB.F2 =1;}
0x004A	0x1506      	BSF        PORTB, 2
L_main7:
;MyProject.c,27 :: 		duty++;
0x004B	0x0A8C      	INCF       _duty, 1
;MyProject.c,28 :: 		delay_ms(100);
0x004C	0x3082      	MOVLW      130
0x004D	0x00CC      	MOVWF      R12
0x004E	0x30DD      	MOVLW      221
0x004F	0x00CD      	MOVWF      R13
L_main8:
0x0050	0x0BCD      	DECFSZ     R13, 1
0x0051	0x2850      	GOTO       L_main8
0x0052	0x0BCC      	DECFSZ     R12, 1
0x0053	0x2850      	GOTO       L_main8
0x0054	0x0000      	NOP
0x0055	0x0000      	NOP
;MyProject.c,29 :: 		}
0x0056	0x2842      	GOTO       L_main5
L_main6:
;MyProject.c,30 :: 		while(!PORTB.F1){
L_main9:
0x0057	0x1886      	BTFSC      PORTB, 1
0x0058	0x286C      	GOTO       L_main10
;MyProject.c,31 :: 		if(duty < 1)
0x0059	0x3001      	MOVLW      1
0x005A	0x020C      	SUBWF      _duty, 0
0x005B	0x1803      	BTFSC      STATUS, 0
0x005C	0x285F      	GOTO       L_main11
;MyProject.c,32 :: 		duty = 1;
0x005D	0x3001      	MOVLW      1
0x005E	0x008C      	MOVWF      _duty
L_main11:
;MyProject.c,33 :: 		duty--;
0x005F	0x038C      	DECF       _duty, 1
;MyProject.c,34 :: 		PORTB.F2 =0;
0x0060	0x1106      	BCF        PORTB, 2
;MyProject.c,35 :: 		delay_ms(100);
0x0061	0x3082      	MOVLW      130
0x0062	0x00CC      	MOVWF      R12
0x0063	0x30DD      	MOVLW      221
0x0064	0x00CD      	MOVWF      R13
L_main12:
0x0065	0x0BCD      	DECFSZ     R13, 1
0x0066	0x2865      	GOTO       L_main12
0x0067	0x0BCC      	DECFSZ     R12, 1
0x0068	0x2865      	GOTO       L_main12
0x0069	0x0000      	NOP
0x006A	0x0000      	NOP
;MyProject.c,36 :: 		}
0x006B	0x2857      	GOTO       L_main9
L_main10:
;MyProject.c,37 :: 		}
0x006C	0x2842      	GOTO       L_main3
;MyProject.c,38 :: 		}
L_end_main:
0x006D	0x286D      	GOTO       $+0
; end of _main
Symbol List:
//** Routines locations **
//ADDRESS    SIZE    PROCEDURE
//----------------------------------------------
0x0004      [28]    _Interrupt
0x0020       [6]    _____DoICP
0x0026      [12]    ___CC2DW
0x0032      [60]    _main
//** Variables locations ** 
//ADDRESS    SIZE    VARIABLE
//----------------------------------------------
0x0000       [1]    INDF
0x0001       [1]    TMR0
0x0002       [1]    PCL
0x0003       [1]    STATUS
0x0004       [1]    FSR
0x0005       [1]    PORTA
0x0006       [1]    PORTB
0x000A       [1]    PCLATH
0x000B       [0]    TMR0IF_bit
0x000B       [1]    INTCON
0x000C       [1]    _duty
0x000D       [2]    ___DoICPAddr
0x000F       [1]    ___saveSTATUS
0x0010       [1]    ___savePCLATH
0x0040       [1]    R0
0x0041       [1]    R1
0x0042       [1]    R2
0x0043       [1]    R3
0x0044       [1]    R4
0x0045       [1]    R5
0x0046       [1]    R6
0x0047       [1]    R7
0x0048       [1]    R8
0x0049       [1]    R9
0x004A       [1]    R10
0x004B       [1]    R11
0x004C       [1]    R12
0x004D       [1]    R13
0x004E       [1]    R14
0x004F       [1]    R15
0x0081       [1]    OPTION_REG
0x0085       [1]    TRISA
0x0086       [1]    TRISB
//** Label List: ** 
//----------------------------------------------
  L_Interrupt0
  L_Interrupt1
  L_Interrupt2
  L_main3
  L_main4
  L_main5
  L_main6
  L_main7
  L_main8
  L_main9
  L_main10
  L_main11
  L_main12
  L_end_Interrupt
  _Interrupt
  L__Interrupt14
  L_end_main
  _main
  L_loopCA2AWs
  L_CA2AWend
  _CCA2AW_Loop1
  L_loopCS2Ss
  L_CS2Send
  _CCS2S_Loop1
  L_CCS2Send
  L_loopFZinSWs
  L_FZinSend
  _CC2D_Loop1
  L_end_____DoICP
  _____DoICP
  L_end_____DoIFC
  _____DoIFC
  L_end___CA2AW
  ___CA2AW
  L_end___CCA2AW
  ___CCA2AW
  L_end___CS2S
  ___CS2S
  L_end___CCS2S
  ___CCS2S
  L_end___FZinS
  ___FZinS
  L_end___CC2DW
  ___CC2DW
  L_end_Swap
  _Swap
  L_Interrupt0
  L_Interrupt1
  L_Interrupt2
  L_main3
  L_main4
  L_main5
  L_main6
  L_main7
  L_main8
  L_main9
  L_main10
  L_main11
  L_main12
  L_end_Interrupt
  _Interrupt
  L__Interrupt14
  L_end_main
  _main
