;  LST file generated by mikroListExporter - v.2.0 
; Date/Time: 22/11/2021 11:16:50
;----------------------------------------------

;Address Opcode 	ASM
0x0000	0x2815      	GOTO       21
_____DoICP:
;__Lib_System.c,6 :: 		
;__Lib_System.c,9 :: 		
0x0003	0x1283      	BCF        STATUS, 5
0x0004	0x080D      	MOVF       ___DoICPAddr+1, 0
0x0005	0x008A      	MOVWF      PCLATH
;__Lib_System.c,10 :: 		
0x0006	0x080C      	MOVF       ___DoICPAddr, 0
0x0007	0x0082      	MOVWF      PCL
;__Lib_System.c,12 :: 		
L_end_____DoICP:
0x0008	0x0008      	RETURN
; end of _____DoICP
___CC2DW:
;__Lib_System.c,134 :: 		
;__Lib_System.c,137 :: 		
_CC2D_Loop1:
;__Lib_System.c,139 :: 		
0x0009	0x2003      	CALL       _____DoICP
0x000A	0x118A      	BCF        PCLATH, 3
0x000B	0x120A      	BCF        PCLATH, 4
;__Lib_System.c,141 :: 		
0x000C	0x0080      	MOVWF      INDF
;__Lib_System.c,142 :: 		
0x000D	0x0A84      	INCF       FSR, 1
;__Lib_System.c,143 :: 		
0x000E	0x0A8C      	INCF       ___DoICPAddr, 1
;__Lib_System.c,145 :: 		
0x000F	0x1903      	BTFSC      STATUS, 2
;__Lib_System.c,146 :: 		
0x0010	0x0A8D      	INCF       ___DoICPAddr+1, 1
;__Lib_System.c,147 :: 		
0x0011	0x03C0      	DECF       R0, 1
;__Lib_System.c,149 :: 		
0x0012	0x1D03      	BTFSS      STATUS, 2
;__Lib_System.c,150 :: 		
0x0013	0x2809      	GOTO       _CC2D_Loop1
;__Lib_System.c,152 :: 		
L_end___CC2DW:
0x0014	0x0008      	RETURN
; end of ___CC2DW
_main:
;prueba_pulsador.c,1 :: 		void main() {
;prueba_pulsador.c,2 :: 		TRISB=0;
0x0015	0x1683      	BSF        STATUS, 5
0x0016	0x0186      	CLRF       TRISB
;prueba_pulsador.c,3 :: 		PORTB=0b00000000;
0x0017	0x1283      	BCF        STATUS, 5
0x0018	0x0186      	CLRF       PORTB
;prueba_pulsador.c,4 :: 		TRISA.B0=0;
0x0019	0x1683      	BSF        STATUS, 5
0x001A	0x1005      	BCF        TRISA, 0
;prueba_pulsador.c,5 :: 		PORTA.B0=0;
0x001B	0x1283      	BCF        STATUS, 5
0x001C	0x1005      	BCF        PORTA, 0
;prueba_pulsador.c,7 :: 		do{
L_main0:
;prueba_pulsador.c,8 :: 		PORTB=0b00000000;
0x001D	0x0186      	CLRF       PORTB
;prueba_pulsador.c,9 :: 		Delay_ms(100);
0x001E	0x3082      	MOVLW      130
0x001F	0x00CC      	MOVWF      R12
0x0020	0x30DD      	MOVLW      221
0x0021	0x00CD      	MOVWF      R13
L_main3:
0x0022	0x0BCD      	DECFSZ     R13, 1
0x0023	0x2822      	GOTO       L_main3
0x0024	0x0BCC      	DECFSZ     R12, 1
0x0025	0x2822      	GOTO       L_main3
0x0026	0x0000      	NOP
0x0027	0x0000      	NOP
;prueba_pulsador.c,10 :: 		PORTB=0b10000000;
0x0028	0x3080      	MOVLW      128
0x0029	0x0086      	MOVWF      PORTB
;prueba_pulsador.c,11 :: 		Delay_ms(100);
0x002A	0x3082      	MOVLW      130
0x002B	0x00CC      	MOVWF      R12
0x002C	0x30DD      	MOVLW      221
0x002D	0x00CD      	MOVWF      R13
L_main4:
0x002E	0x0BCD      	DECFSZ     R13, 1
0x002F	0x282E      	GOTO       L_main4
0x0030	0x0BCC      	DECFSZ     R12, 1
0x0031	0x282E      	GOTO       L_main4
0x0032	0x0000      	NOP
0x0033	0x0000      	NOP
;prueba_pulsador.c,12 :: 		PORTB=0b11000000;
0x0034	0x30C0      	MOVLW      192
0x0035	0x0086      	MOVWF      PORTB
;prueba_pulsador.c,13 :: 		Delay_ms(100);
0x0036	0x3082      	MOVLW      130
0x0037	0x00CC      	MOVWF      R12
0x0038	0x30DD      	MOVLW      221
0x0039	0x00CD      	MOVWF      R13
L_main5:
0x003A	0x0BCD      	DECFSZ     R13, 1
0x003B	0x283A      	GOTO       L_main5
0x003C	0x0BCC      	DECFSZ     R12, 1
0x003D	0x283A      	GOTO       L_main5
0x003E	0x0000      	NOP
0x003F	0x0000      	NOP
;prueba_pulsador.c,14 :: 		PORTB=0b11100000;
0x0040	0x30E0      	MOVLW      224
0x0041	0x0086      	MOVWF      PORTB
;prueba_pulsador.c,15 :: 		Delay_ms(100);
0x0042	0x3082      	MOVLW      130
0x0043	0x00CC      	MOVWF      R12
0x0044	0x30DD      	MOVLW      221
0x0045	0x00CD      	MOVWF      R13
L_main6:
0x0046	0x0BCD      	DECFSZ     R13, 1
0x0047	0x2846      	GOTO       L_main6
0x0048	0x0BCC      	DECFSZ     R12, 1
0x0049	0x2846      	GOTO       L_main6
0x004A	0x0000      	NOP
0x004B	0x0000      	NOP
;prueba_pulsador.c,16 :: 		PORTB=0b11110000;
0x004C	0x30F0      	MOVLW      240
0x004D	0x0086      	MOVWF      PORTB
;prueba_pulsador.c,17 :: 		Delay_ms(100);
0x004E	0x3082      	MOVLW      130
0x004F	0x00CC      	MOVWF      R12
0x0050	0x30DD      	MOVLW      221
0x0051	0x00CD      	MOVWF      R13
L_main7:
0x0052	0x0BCD      	DECFSZ     R13, 1
0x0053	0x2852      	GOTO       L_main7
0x0054	0x0BCC      	DECFSZ     R12, 1
0x0055	0x2852      	GOTO       L_main7
0x0056	0x0000      	NOP
0x0057	0x0000      	NOP
;prueba_pulsador.c,18 :: 		PORTB=0b11111000;
0x0058	0x30F8      	MOVLW      248
0x0059	0x0086      	MOVWF      PORTB
;prueba_pulsador.c,19 :: 		Delay_ms(100);
0x005A	0x3082      	MOVLW      130
0x005B	0x00CC      	MOVWF      R12
0x005C	0x30DD      	MOVLW      221
0x005D	0x00CD      	MOVWF      R13
L_main8:
0x005E	0x0BCD      	DECFSZ     R13, 1
0x005F	0x285E      	GOTO       L_main8
0x0060	0x0BCC      	DECFSZ     R12, 1
0x0061	0x285E      	GOTO       L_main8
0x0062	0x0000      	NOP
0x0063	0x0000      	NOP
;prueba_pulsador.c,20 :: 		PORTB=0b11111100;
0x0064	0x30FC      	MOVLW      252
0x0065	0x0086      	MOVWF      PORTB
;prueba_pulsador.c,21 :: 		Delay_ms(100);
0x0066	0x3082      	MOVLW      130
0x0067	0x00CC      	MOVWF      R12
0x0068	0x30DD      	MOVLW      221
0x0069	0x00CD      	MOVWF      R13
L_main9:
0x006A	0x0BCD      	DECFSZ     R13, 1
0x006B	0x286A      	GOTO       L_main9
0x006C	0x0BCC      	DECFSZ     R12, 1
0x006D	0x286A      	GOTO       L_main9
0x006E	0x0000      	NOP
0x006F	0x0000      	NOP
;prueba_pulsador.c,22 :: 		PORTB=0b11111110;
0x0070	0x30FE      	MOVLW      254
0x0071	0x0086      	MOVWF      PORTB
;prueba_pulsador.c,23 :: 		Delay_ms(100);
0x0072	0x3082      	MOVLW      130
0x0073	0x00CC      	MOVWF      R12
0x0074	0x30DD      	MOVLW      221
0x0075	0x00CD      	MOVWF      R13
L_main10:
0x0076	0x0BCD      	DECFSZ     R13, 1
0x0077	0x2876      	GOTO       L_main10
0x0078	0x0BCC      	DECFSZ     R12, 1
0x0079	0x2876      	GOTO       L_main10
0x007A	0x0000      	NOP
0x007B	0x0000      	NOP
;prueba_pulsador.c,24 :: 		PORTB=0b11111111;
0x007C	0x30FF      	MOVLW      255
0x007D	0x0086      	MOVWF      PORTB
;prueba_pulsador.c,25 :: 		Delay_ms(100);
0x007E	0x3082      	MOVLW      130
0x007F	0x00CC      	MOVWF      R12
0x0080	0x30DD      	MOVLW      221
0x0081	0x00CD      	MOVWF      R13
L_main11:
0x0082	0x0BCD      	DECFSZ     R13, 1
0x0083	0x2882      	GOTO       L_main11
0x0084	0x0BCC      	DECFSZ     R12, 1
0x0085	0x2882      	GOTO       L_main11
0x0086	0x0000      	NOP
0x0087	0x0000      	NOP
;prueba_pulsador.c,26 :: 		PORTB=0b01111111;
0x0088	0x307F      	MOVLW      127
0x0089	0x0086      	MOVWF      PORTB
;prueba_pulsador.c,27 :: 		Delay_ms(100);
0x008A	0x3082      	MOVLW      130
0x008B	0x00CC      	MOVWF      R12
0x008C	0x30DD      	MOVLW      221
0x008D	0x00CD      	MOVWF      R13
L_main12:
0x008E	0x0BCD      	DECFSZ     R13, 1
0x008F	0x288E      	GOTO       L_main12
0x0090	0x0BCC      	DECFSZ     R12, 1
0x0091	0x288E      	GOTO       L_main12
0x0092	0x0000      	NOP
0x0093	0x0000      	NOP
;prueba_pulsador.c,28 :: 		PORTB=0b00111111;
0x0094	0x303F      	MOVLW      63
0x0095	0x0086      	MOVWF      PORTB
;prueba_pulsador.c,29 :: 		Delay_ms(100);
0x0096	0x3082      	MOVLW      130
0x0097	0x00CC      	MOVWF      R12
0x0098	0x30DD      	MOVLW      221
0x0099	0x00CD      	MOVWF      R13
L_main13:
0x009A	0x0BCD      	DECFSZ     R13, 1
0x009B	0x289A      	GOTO       L_main13
0x009C	0x0BCC      	DECFSZ     R12, 1
0x009D	0x289A      	GOTO       L_main13
0x009E	0x0000      	NOP
0x009F	0x0000      	NOP
;prueba_pulsador.c,30 :: 		PORTB=0b00011111;
0x00A0	0x301F      	MOVLW      31
0x00A1	0x0086      	MOVWF      PORTB
;prueba_pulsador.c,31 :: 		Delay_ms(100);
0x00A2	0x3082      	MOVLW      130
0x00A3	0x00CC      	MOVWF      R12
0x00A4	0x30DD      	MOVLW      221
0x00A5	0x00CD      	MOVWF      R13
L_main14:
0x00A6	0x0BCD      	DECFSZ     R13, 1
0x00A7	0x28A6      	GOTO       L_main14
0x00A8	0x0BCC      	DECFSZ     R12, 1
0x00A9	0x28A6      	GOTO       L_main14
0x00AA	0x0000      	NOP
0x00AB	0x0000      	NOP
;prueba_pulsador.c,32 :: 		PORTB=0b00001111;
0x00AC	0x300F      	MOVLW      15
0x00AD	0x0086      	MOVWF      PORTB
;prueba_pulsador.c,33 :: 		Delay_ms(100);
0x00AE	0x3082      	MOVLW      130
0x00AF	0x00CC      	MOVWF      R12
0x00B0	0x30DD      	MOVLW      221
0x00B1	0x00CD      	MOVWF      R13
L_main15:
0x00B2	0x0BCD      	DECFSZ     R13, 1
0x00B3	0x28B2      	GOTO       L_main15
0x00B4	0x0BCC      	DECFSZ     R12, 1
0x00B5	0x28B2      	GOTO       L_main15
0x00B6	0x0000      	NOP
0x00B7	0x0000      	NOP
;prueba_pulsador.c,34 :: 		PORTB=0b00000111;
0x00B8	0x3007      	MOVLW      7
0x00B9	0x0086      	MOVWF      PORTB
;prueba_pulsador.c,35 :: 		Delay_ms(100);
0x00BA	0x3082      	MOVLW      130
0x00BB	0x00CC      	MOVWF      R12
0x00BC	0x30DD      	MOVLW      221
0x00BD	0x00CD      	MOVWF      R13
L_main16:
0x00BE	0x0BCD      	DECFSZ     R13, 1
0x00BF	0x28BE      	GOTO       L_main16
0x00C0	0x0BCC      	DECFSZ     R12, 1
0x00C1	0x28BE      	GOTO       L_main16
0x00C2	0x0000      	NOP
0x00C3	0x0000      	NOP
;prueba_pulsador.c,36 :: 		PORTB=0b00000011;
0x00C4	0x3003      	MOVLW      3
0x00C5	0x0086      	MOVWF      PORTB
;prueba_pulsador.c,37 :: 		Delay_ms(100);
0x00C6	0x3082      	MOVLW      130
0x00C7	0x00CC      	MOVWF      R12
0x00C8	0x30DD      	MOVLW      221
0x00C9	0x00CD      	MOVWF      R13
L_main17:
0x00CA	0x0BCD      	DECFSZ     R13, 1
0x00CB	0x28CA      	GOTO       L_main17
0x00CC	0x0BCC      	DECFSZ     R12, 1
0x00CD	0x28CA      	GOTO       L_main17
0x00CE	0x0000      	NOP
0x00CF	0x0000      	NOP
;prueba_pulsador.c,38 :: 		PORTB=0b00000001;
0x00D0	0x3001      	MOVLW      1
0x00D1	0x0086      	MOVWF      PORTB
;prueba_pulsador.c,39 :: 		Delay_ms(100);
0x00D2	0x3082      	MOVLW      130
0x00D3	0x00CC      	MOVWF      R12
0x00D4	0x30DD      	MOVLW      221
0x00D5	0x00CD      	MOVWF      R13
L_main18:
0x00D6	0x0BCD      	DECFSZ     R13, 1
0x00D7	0x28D6      	GOTO       L_main18
0x00D8	0x0BCC      	DECFSZ     R12, 1
0x00D9	0x28D6      	GOTO       L_main18
0x00DA	0x0000      	NOP
0x00DB	0x0000      	NOP
;prueba_pulsador.c,40 :: 		PORTB=0b00000000;
0x00DC	0x0186      	CLRF       PORTB
;prueba_pulsador.c,41 :: 		Delay_ms(100);
0x00DD	0x3082      	MOVLW      130
0x00DE	0x00CC      	MOVWF      R12
0x00DF	0x30DD      	MOVLW      221
0x00E0	0x00CD      	MOVWF      R13
L_main19:
0x00E1	0x0BCD      	DECFSZ     R13, 1
0x00E2	0x28E1      	GOTO       L_main19
0x00E3	0x0BCC      	DECFSZ     R12, 1
0x00E4	0x28E1      	GOTO       L_main19
0x00E5	0x0000      	NOP
0x00E6	0x0000      	NOP
;prueba_pulsador.c,42 :: 		}while(PORTA.B0==0);
0x00E7	0x1C05      	BTFSS      PORTA, 0
0x00E8	0x281D      	GOTO       L_main0
;prueba_pulsador.c,44 :: 		if(PORTA.B0==1){
0x00E9	0x1C05      	BTFSS      PORTA, 0
0x00EA	0x29B8      	GOTO       L_main20
;prueba_pulsador.c,45 :: 		do{
L_main21:
;prueba_pulsador.c,46 :: 		PORTB=0b00000001;
0x00EB	0x3001      	MOVLW      1
0x00EC	0x0086      	MOVWF      PORTB
;prueba_pulsador.c,47 :: 		Delay_ms(100);
0x00ED	0x3082      	MOVLW      130
0x00EE	0x00CC      	MOVWF      R12
0x00EF	0x30DD      	MOVLW      221
0x00F0	0x00CD      	MOVWF      R13
L_main24:
0x00F1	0x0BCD      	DECFSZ     R13, 1
0x00F2	0x28F1      	GOTO       L_main24
0x00F3	0x0BCC      	DECFSZ     R12, 1
0x00F4	0x28F1      	GOTO       L_main24
0x00F5	0x0000      	NOP
0x00F6	0x0000      	NOP
;prueba_pulsador.c,48 :: 		PORTB=0b00000011;
0x00F7	0x3003      	MOVLW      3
0x00F8	0x0086      	MOVWF      PORTB
;prueba_pulsador.c,49 :: 		Delay_ms(100);
0x00F9	0x3082      	MOVLW      130
0x00FA	0x00CC      	MOVWF      R12
0x00FB	0x30DD      	MOVLW      221
0x00FC	0x00CD      	MOVWF      R13
L_main25:
0x00FD	0x0BCD      	DECFSZ     R13, 1
0x00FE	0x28FD      	GOTO       L_main25
0x00FF	0x0BCC      	DECFSZ     R12, 1
0x0100	0x28FD      	GOTO       L_main25
0x0101	0x0000      	NOP
0x0102	0x0000      	NOP
;prueba_pulsador.c,50 :: 		PORTB=0b00000111;
0x0103	0x3007      	MOVLW      7
0x0104	0x0086      	MOVWF      PORTB
;prueba_pulsador.c,51 :: 		Delay_ms(100);
0x0105	0x3082      	MOVLW      130
0x0106	0x00CC      	MOVWF      R12
0x0107	0x30DD      	MOVLW      221
0x0108	0x00CD      	MOVWF      R13
L_main26:
0x0109	0x0BCD      	DECFSZ     R13, 1
0x010A	0x2909      	GOTO       L_main26
0x010B	0x0BCC      	DECFSZ     R12, 1
0x010C	0x2909      	GOTO       L_main26
0x010D	0x0000      	NOP
0x010E	0x0000      	NOP
;prueba_pulsador.c,52 :: 		PORTB=0b00001111;
0x010F	0x300F      	MOVLW      15
0x0110	0x0086      	MOVWF      PORTB
;prueba_pulsador.c,53 :: 		Delay_ms(100);
0x0111	0x3082      	MOVLW      130
0x0112	0x00CC      	MOVWF      R12
0x0113	0x30DD      	MOVLW      221
0x0114	0x00CD      	MOVWF      R13
L_main27:
0x0115	0x0BCD      	DECFSZ     R13, 1
0x0116	0x2915      	GOTO       L_main27
0x0117	0x0BCC      	DECFSZ     R12, 1
0x0118	0x2915      	GOTO       L_main27
0x0119	0x0000      	NOP
0x011A	0x0000      	NOP
;prueba_pulsador.c,54 :: 		PORTB=0b00011111;
0x011B	0x301F      	MOVLW      31
0x011C	0x0086      	MOVWF      PORTB
;prueba_pulsador.c,55 :: 		Delay_ms(100);
0x011D	0x3082      	MOVLW      130
0x011E	0x00CC      	MOVWF      R12
0x011F	0x30DD      	MOVLW      221
0x0120	0x00CD      	MOVWF      R13
L_main28:
0x0121	0x0BCD      	DECFSZ     R13, 1
0x0122	0x2921      	GOTO       L_main28
0x0123	0x0BCC      	DECFSZ     R12, 1
0x0124	0x2921      	GOTO       L_main28
0x0125	0x0000      	NOP
0x0126	0x0000      	NOP
;prueba_pulsador.c,56 :: 		PORTB=0b00111111;
0x0127	0x303F      	MOVLW      63
0x0128	0x0086      	MOVWF      PORTB
;prueba_pulsador.c,57 :: 		Delay_ms(100);
0x0129	0x3082      	MOVLW      130
0x012A	0x00CC      	MOVWF      R12
0x012B	0x30DD      	MOVLW      221
0x012C	0x00CD      	MOVWF      R13
L_main29:
0x012D	0x0BCD      	DECFSZ     R13, 1
0x012E	0x292D      	GOTO       L_main29
0x012F	0x0BCC      	DECFSZ     R12, 1
0x0130	0x292D      	GOTO       L_main29
0x0131	0x0000      	NOP
0x0132	0x0000      	NOP
;prueba_pulsador.c,58 :: 		PORTB=0b01111111;
0x0133	0x307F      	MOVLW      127
0x0134	0x0086      	MOVWF      PORTB
;prueba_pulsador.c,59 :: 		Delay_ms(100);
0x0135	0x3082      	MOVLW      130
0x0136	0x00CC      	MOVWF      R12
0x0137	0x30DD      	MOVLW      221
0x0138	0x00CD      	MOVWF      R13
L_main30:
0x0139	0x0BCD      	DECFSZ     R13, 1
0x013A	0x2939      	GOTO       L_main30
0x013B	0x0BCC      	DECFSZ     R12, 1
0x013C	0x2939      	GOTO       L_main30
0x013D	0x0000      	NOP
0x013E	0x0000      	NOP
;prueba_pulsador.c,60 :: 		PORTB=0b11111111;
0x013F	0x30FF      	MOVLW      255
0x0140	0x0086      	MOVWF      PORTB
;prueba_pulsador.c,61 :: 		Delay_ms(100);
0x0141	0x3082      	MOVLW      130
0x0142	0x00CC      	MOVWF      R12
0x0143	0x30DD      	MOVLW      221
0x0144	0x00CD      	MOVWF      R13
L_main31:
0x0145	0x0BCD      	DECFSZ     R13, 1
0x0146	0x2945      	GOTO       L_main31
0x0147	0x0BCC      	DECFSZ     R12, 1
0x0148	0x2945      	GOTO       L_main31
0x0149	0x0000      	NOP
0x014A	0x0000      	NOP
;prueba_pulsador.c,62 :: 		PORTB=0b11111111;
0x014B	0x30FF      	MOVLW      255
0x014C	0x0086      	MOVWF      PORTB
;prueba_pulsador.c,63 :: 		Delay_ms(100);
0x014D	0x3082      	MOVLW      130
0x014E	0x00CC      	MOVWF      R12
0x014F	0x30DD      	MOVLW      221
0x0150	0x00CD      	MOVWF      R13
L_main32:
0x0151	0x0BCD      	DECFSZ     R13, 1
0x0152	0x2951      	GOTO       L_main32
0x0153	0x0BCC      	DECFSZ     R12, 1
0x0154	0x2951      	GOTO       L_main32
0x0155	0x0000      	NOP
0x0156	0x0000      	NOP
;prueba_pulsador.c,64 :: 		PORTB=0b11111110;
0x0157	0x30FE      	MOVLW      254
0x0158	0x0086      	MOVWF      PORTB
;prueba_pulsador.c,65 :: 		Delay_ms(100);
0x0159	0x3082      	MOVLW      130
0x015A	0x00CC      	MOVWF      R12
0x015B	0x30DD      	MOVLW      221
0x015C	0x00CD      	MOVWF      R13
L_main33:
0x015D	0x0BCD      	DECFSZ     R13, 1
0x015E	0x295D      	GOTO       L_main33
0x015F	0x0BCC      	DECFSZ     R12, 1
0x0160	0x295D      	GOTO       L_main33
0x0161	0x0000      	NOP
0x0162	0x0000      	NOP
;prueba_pulsador.c,66 :: 		PORTB=0b11111100;
0x0163	0x30FC      	MOVLW      252
0x0164	0x0086      	MOVWF      PORTB
;prueba_pulsador.c,67 :: 		Delay_ms(100);
0x0165	0x3082      	MOVLW      130
0x0166	0x00CC      	MOVWF      R12
0x0167	0x30DD      	MOVLW      221
0x0168	0x00CD      	MOVWF      R13
L_main34:
0x0169	0x0BCD      	DECFSZ     R13, 1
0x016A	0x2969      	GOTO       L_main34
0x016B	0x0BCC      	DECFSZ     R12, 1
0x016C	0x2969      	GOTO       L_main34
0x016D	0x0000      	NOP
0x016E	0x0000      	NOP
;prueba_pulsador.c,68 :: 		PORTB=0b11111000;
0x016F	0x30F8      	MOVLW      248
0x0170	0x0086      	MOVWF      PORTB
;prueba_pulsador.c,69 :: 		Delay_ms(100);
0x0171	0x3082      	MOVLW      130
0x0172	0x00CC      	MOVWF      R12
0x0173	0x30DD      	MOVLW      221
0x0174	0x00CD      	MOVWF      R13
L_main35:
0x0175	0x0BCD      	DECFSZ     R13, 1
0x0176	0x2975      	GOTO       L_main35
0x0177	0x0BCC      	DECFSZ     R12, 1
0x0178	0x2975      	GOTO       L_main35
0x0179	0x0000      	NOP
0x017A	0x0000      	NOP
;prueba_pulsador.c,70 :: 		PORTB=0b11110000;
0x017B	0x30F0      	MOVLW      240
0x017C	0x0086      	MOVWF      PORTB
;prueba_pulsador.c,71 :: 		Delay_ms(100);
0x017D	0x3082      	MOVLW      130
0x017E	0x00CC      	MOVWF      R12
0x017F	0x30DD      	MOVLW      221
0x0180	0x00CD      	MOVWF      R13
L_main36:
0x0181	0x0BCD      	DECFSZ     R13, 1
0x0182	0x2981      	GOTO       L_main36
0x0183	0x0BCC      	DECFSZ     R12, 1
0x0184	0x2981      	GOTO       L_main36
0x0185	0x0000      	NOP
0x0186	0x0000      	NOP
;prueba_pulsador.c,72 :: 		PORTB=0b11100000;
0x0187	0x30E0      	MOVLW      224
0x0188	0x0086      	MOVWF      PORTB
;prueba_pulsador.c,73 :: 		Delay_ms(100);
0x0189	0x3082      	MOVLW      130
0x018A	0x00CC      	MOVWF      R12
0x018B	0x30DD      	MOVLW      221
0x018C	0x00CD      	MOVWF      R13
L_main37:
0x018D	0x0BCD      	DECFSZ     R13, 1
0x018E	0x298D      	GOTO       L_main37
0x018F	0x0BCC      	DECFSZ     R12, 1
0x0190	0x298D      	GOTO       L_main37
0x0191	0x0000      	NOP
0x0192	0x0000      	NOP
;prueba_pulsador.c,74 :: 		PORTB=0b11000000;
0x0193	0x30C0      	MOVLW      192
0x0194	0x0086      	MOVWF      PORTB
;prueba_pulsador.c,75 :: 		Delay_ms(100);
0x0195	0x3082      	MOVLW      130
0x0196	0x00CC      	MOVWF      R12
0x0197	0x30DD      	MOVLW      221
0x0198	0x00CD      	MOVWF      R13
L_main38:
0x0199	0x0BCD      	DECFSZ     R13, 1
0x019A	0x2999      	GOTO       L_main38
0x019B	0x0BCC      	DECFSZ     R12, 1
0x019C	0x2999      	GOTO       L_main38
0x019D	0x0000      	NOP
0x019E	0x0000      	NOP
;prueba_pulsador.c,76 :: 		PORTB=0b10000000;
0x019F	0x3080      	MOVLW      128
0x01A0	0x0086      	MOVWF      PORTB
;prueba_pulsador.c,77 :: 		Delay_ms(100);
0x01A1	0x3082      	MOVLW      130
0x01A2	0x00CC      	MOVWF      R12
0x01A3	0x30DD      	MOVLW      221
0x01A4	0x00CD      	MOVWF      R13
L_main39:
0x01A5	0x0BCD      	DECFSZ     R13, 1
0x01A6	0x29A5      	GOTO       L_main39
0x01A7	0x0BCC      	DECFSZ     R12, 1
0x01A8	0x29A5      	GOTO       L_main39
0x01A9	0x0000      	NOP
0x01AA	0x0000      	NOP
;prueba_pulsador.c,78 :: 		PORTB=0b00000000;
0x01AB	0x0186      	CLRF       PORTB
;prueba_pulsador.c,79 :: 		Delay_ms(100);
0x01AC	0x3082      	MOVLW      130
0x01AD	0x00CC      	MOVWF      R12
0x01AE	0x30DD      	MOVLW      221
0x01AF	0x00CD      	MOVWF      R13
L_main40:
0x01B0	0x0BCD      	DECFSZ     R13, 1
0x01B1	0x29B0      	GOTO       L_main40
0x01B2	0x0BCC      	DECFSZ     R12, 1
0x01B3	0x29B0      	GOTO       L_main40
0x01B4	0x0000      	NOP
0x01B5	0x0000      	NOP
;prueba_pulsador.c,80 :: 		}while(PORTA.B0==1);
0x01B6	0x1805      	BTFSC      PORTA, 0
0x01B7	0x28EB      	GOTO       L_main21
;prueba_pulsador.c,81 :: 		}
L_main20:
;prueba_pulsador.c,82 :: 		}
L_end_main:
0x01B8	0x29B8      	GOTO       $+0
; end of _main
Symbol List:
//** Routines locations **
//ADDRESS    SIZE    PROCEDURE
//----------------------------------------------
0x0003       [6]    _____DoICP
0x0009      [12]    ___CC2DW
0x0015     [420]    _main
//** Variables locations ** 
//ADDRESS    SIZE    VARIABLE
//----------------------------------------------
0x0000       [1]    INDF
0x0002       [1]    PCL
0x0003       [1]    STATUS
0x0004       [1]    FSR
0x0005       [1]    PORTA
0x0006       [1]    PORTB
0x000A       [1]    PCLATH
0x000C       [2]    ___DoICPAddr
0x0040       [1]    R0
0x0041       [1]    R1
0x0042       [1]    R2
0x0043       [1]    R3
0x0044       [1]    R4
0x0045       [1]    R5
0x0046       [1]    R6
0x0047       [1]    R7
0x0048       [1]    R8
0x0049       [1]    R9
0x004A       [1]    R10
0x004B       [1]    R11
0x004C       [1]    R12
0x004D       [1]    R13
0x004E       [1]    R14
0x004F       [1]    R15
0x0085       [1]    TRISA
0x0086       [1]    TRISB
//** Label List: ** 
//----------------------------------------------
  L_main0
  L_main1
  L_main2
  L_main3
  L_main4
  L_main5
  L_main6
  L_main7
  L_main8
  L_main9
  L_main10
  L_main11
  L_main12
  L_main13
  L_main14
  L_main15
  L_main16
  L_main17
  L_main18
  L_main19
  L_main20
  L_main21
  L_main22
  L_main23
  L_main24
  L_main25
  L_main26
  L_main27
  L_main28
  L_main29
  L_main30
  L_main31
  L_main32
  L_main33
  L_main34
  L_main35
  L_main36
  L_main37
  L_main38
  L_main39
  L_main40
  L_end_main
  _main
  L_loopCA2AWs
  L_CA2AWend
  _CCA2AW_Loop1
  L_loopCS2Ss
  L_CS2Send
  _CCS2S_Loop1
  L_CCS2Send
  L_loopFZinSWs
  L_FZinSend
  _CC2D_Loop1
  L_end_____DoICP
  _____DoICP
  L_end_____DoIFC
  _____DoIFC
  L_end___CA2AW
  ___CA2AW
  L_end___CCA2AW
  ___CCA2AW
  L_end___CS2S
  ___CS2S
  L_end___CCS2S
  ___CCS2S
  L_end___FZinS
  ___FZinS
  L_end___CC2DW
  ___CC2DW
  L_end_Swap
  _Swap
