MPASM  5.51                    RETARDO_02.ASM   9-22-2021  12:12:44         PAGE  1


LOC  OBJECT CODE     LINE SOURCE TEXT
  VALUE

2007   3FF1           00001         __CONFIG _CP_OFF&_WDT_OFF&_PWRTE_ON&_XT_OSC
                      00002         
                      00003         LIST    P=16F84A
                      00004         INCLUDE <P16F84A.INC>
                      00001         LIST
                      00002 
                      00003 ;==========================================================================
                      00004 ;  MPASM PIC16F84A processor include
                      00005 ; 
                      00006 ;  (c) Copyright 1999-2013 Microchip Technology, All rights reserved
                      00007 ;==========================================================================
                      00008 
                      00208         LIST
                      00005 
                      00006         CBLOCK 0x0C
                      00007         ENDC
                      00008 
                      00009         #DEFINE LED PORTB,0
                      00010 
0000                  00011         ORG 0
                      00012                 
0000                  00013 Inicio  
0000   1683           00014         bsf     STATUS,RP0
0001   1006           00015         bcf             LED
0002   1283           00016         bcf             STATUS,RP0
                      00017         
0003                  00018 Principal
0003   1406           00019         bsf             LED
0004   2021           00020         call    Retardo_200ms
0005   2021           00021         call    Retardo_200ms
0006   1006           00022         bcf             LED
0007   2021           00023         call    Retardo_200ms
0008   2023           00024         call    Retardo_100ms
0009   2803           00025         goto    Principal
                      00026 
                      00027 
                      00028         INCLUDE <RETARDOS.INC>
                      00001         CBLOCK
  0000000C            00002         R_ContA
  0000000D            00003         R_ContB
  0000000E            00004         R_ContC
                      00005         ENDC
                      00006 ;----------------------------------------
000A                  00007 Retardo_10micros
000A   0000           00008         nop
000B   0000           00009         nop
000C   0000           00010         nop
000D   0000           00011         nop
000E   0000           00012         nop
000F                  00013 Retardo_5micros
000F   0000           00014         nop
0010                  00015 Retardo_4micros
0010   0008           00016         return
MPASM  5.51                    RETARDO_02.ASM   9-22-2021  12:12:44         PAGE  2


LOC  OBJECT CODE     LINE SOURCE TEXT
  VALUE

                      00017 ;----------------------------------------
0011                  00018 Retardo_500micros
0011   0000           00019         nop
0012   30A4           00020         movlw   d'164'
0013   281D           00021         goto    RetardoMicros
0014                  00022 Retardo_200micros
0014   0000           00023         nop
0015   3040           00024         movlw   d'64'
0016   281D           00025         goto    RetardoMicros
0017                  00026 Retardo_100micros
0017   301F           00027         movlw   d'31'
0018   281D           00028         goto    RetardoMicros
0019                  00029 Retardos_50micros
0019   0000           00030         nop
001A   300E           00031         movlw   d'14'
001B   281D           00032         goto    RetardoMicros
001C                  00033 Retardo_20micros
001C   3005           00034         movlw   d'5'
                      00035 
001D                  00036 RetardoMicros
001D   008C           00037         movwf   R_ContA
001E                  00038 Rmicros_Bucle
001E   0B8C           00039         decfsz  R_ContA,F
001F   281E           00040         goto    Rmicros_Bucle
0020   0008           00041         return
                      00042 ;----------------------------------------
0021                  00043 Retardo_200ms
0021   30C8           00044         movlw   d'200'
0022   2831           00045         goto    Retardos_ms
0023                  00046 Retardo_100ms
0023   3064           00047         movlw   d'100'
0024   2831           00048         goto    Retardos_ms
0025                  00049 Retardo_50ms
0025   3032           00050         movlw   d'50'
0026   2831           00051         goto    Retardos_ms
0027                  00052 Retardo_20ms
0027   3014           00053         movlw   d'20'
0028   2831           00054         goto    Retardos_ms
0029                  00055 Retardo_10ms
0029   300A           00056         movlw   d'10'
002A   2831           00057         goto    Retardos_ms
002B                  00058 Retardo_5ms
002B   3005           00059         movlw   d'5'
002C   2831           00060         goto    Retardos_ms
002D                  00061 Retardo_2ms
002D   3002           00062         movlw   d'2'
002E   2831           00063         goto    Retardos_ms
002F                  00064 Retardo_1ms
002F   3001           00065         movlw   d'1'
0030   2831           00066         goto    Retardos_ms
                      00067 
0031                  00068 Retardos_ms
0031   008D           00069         movwf   R_ContB
MPASM  5.51                    RETARDO_02.ASM   9-22-2021  12:12:44         PAGE  3


LOC  OBJECT CODE     LINE SOURCE TEXT
  VALUE

0032                  00070 Rlms_BucleExterno
0032   30F9           00071         movlw   d'249'
0033   008C           00072         movwf   R_ContA
0034                  00073 Rlms_BucleInterno
0034   0000           00074         nop
0035   0B8C           00075         decfsz  R_ContA,F
0036   2834           00076         goto    Rlms_BucleInterno
0037   0B8D           00077         decfsz  R_ContB,F
0038   2832           00078         goto    Rlms_BucleExterno
0039   0008           00079         return
                      00080 ;----------------------------------------
                      00081 
003A                  00082 Retardo_20s
003A   30C8           00083         movlw   d'200'
003B   2845           00084         goto    Retardo_lDecima
003C                  00085 Retardo_10s
003C   3064           00086         movlw   d'100'
003D   2845           00087         goto    Retardo_lDecima
003E                  00088 Retardo_5s
003E   3032           00089         movlw   d'50'
003F   2845           00090         goto    Retardo_lDecima
0040                  00091 Retardo_2s
0040   3014           00092         movlw   d'20'
0041   2845           00093         goto    Retardo_lDecima
0042                  00094 Retardo_1s
0042   300A           00095         movlw   d'10'
0043   2845           00096         goto    Retardo_lDecima
0044                  00097 Retardo_500ms
0044   3005           00098         movlw   d'5'
0045                  00099 Retardo_lDecima
0045   008E           00100         movwf   R_ContC
0046                  00101 RlDecima_BucleExterno2
0046   3064           00102         movlw   d'100'
0047   008D           00103         movwf   R_ContB
0048                  00104 RlDecima_BucleExterno
0048   30F9           00105         movlw   d'249'
0049   008C           00106         movwf   R_ContA
004A                  00107 RlDecima_BucleInterno
004A   0000           00108         nop
004B   0B8C           00109         decfsz  R_ContA,F
004C   284A           00110         goto    RlDecima_BucleInterno
004D   0B8D           00111         decfsz  R_ContB,F
004E   2848           00112         goto    RlDecima_BucleExterno
004F   0B8E           00113         decfsz  R_ContC,F
0050   2846           00114         goto    RlDecima_BucleExterno2
0051   0008           00115         return
                      00029 
                      00030                 END
MPASM  5.51                    RETARDO_02.ASM   9-22-2021  12:12:44         PAGE  4


SYMBOL TABLE
  LABEL                             VALUE 

C                                 00000000
DC                                00000001
EEADR                             00000009
EECON1                            00000088
EECON2                            00000089
EEDATA                            00000008
EEIE                              00000006
EEIF                              00000004
F                                 00000001
FSR                               00000004
GIE                               00000007
INDF                              00000000
INTCON                            0000000B
INTE                              00000004
INTEDG                            00000006
INTF                              00000001
IRP                               00000007
Inicio                            00000000
LED                               PORTB,0
NOT_PD                            00000003
NOT_RBPU                          00000007
NOT_TO                            00000004
OPTION_REG                        00000081
PCL                               00000002
PCLATH                            0000000A
PORTA                             00000005
PORTB                             00000006
PS0                               00000000
PS1                               00000001
PS2                               00000002
PSA                               00000003
Principal                         00000003
RA0                               00000000
RA1                               00000001
RA2                               00000002
RA3                               00000003
RA4                               00000004
RB0                               00000000
RB1                               00000001
RB2                               00000002
RB3                               00000003
RB4                               00000004
RB5                               00000005
RB6                               00000006
RB7                               00000007
RBIE                              00000003
RBIF                              00000000
RD                                00000000
RP0                               00000005
RP1                               00000006
R_ContA                           0000000C
R_ContB                           0000000D
R_ContC                           0000000E
MPASM  5.51                    RETARDO_02.ASM   9-22-2021  12:12:44         PAGE  5


SYMBOL TABLE
  LABEL                             VALUE 

RetardoMicros                     0000001D
Retardo_100micros                 00000017
Retardo_100ms                     00000023
Retardo_10micros                  0000000A
Retardo_10ms                      00000029
Retardo_10s                       0000003C
Retardo_1ms                       0000002F
Retardo_1s                        00000042
Retardo_200micros                 00000014
Retardo_200ms                     00000021
Retardo_20micros                  0000001C
Retardo_20ms                      00000027
Retardo_20s                       0000003A
Retardo_2ms                       0000002D
Retardo_2s                        00000040
Retardo_4micros                   00000010
Retardo_500micros                 00000011
Retardo_500ms                     00000044
Retardo_50ms                      00000025
Retardo_5micros                   0000000F
Retardo_5ms                       0000002B
Retardo_5s                        0000003E
Retardo_lDecima                   00000045
Retardos_50micros                 00000019
Retardos_ms                       00000031
RlDecima_BucleExterno             00000048
RlDecima_BucleExterno2            00000046
RlDecima_BucleInterno             0000004A
Rlms_BucleExterno                 00000032
Rlms_BucleInterno                 00000034
Rmicros_Bucle                     0000001E
STATUS                            00000003
T0CS                              00000005
T0IE                              00000005
T0IF                              00000002
T0SE                              00000004
TMR0                              00000001
TMR0IE                            00000005
TMR0IF                            00000002
TRISA                             00000085
TRISA0                            00000000
TRISA1                            00000001
TRISA2                            00000002
TRISA3                            00000003
TRISA4                            00000004
TRISB                             00000086
TRISB0                            00000000
TRISB1                            00000001
TRISB2                            00000002
TRISB3                            00000003
TRISB4                            00000004
TRISB5                            00000005
TRISB6                            00000006
MPASM  5.51                    RETARDO_02.ASM   9-22-2021  12:12:44         PAGE  6


SYMBOL TABLE
  LABEL                             VALUE 

TRISB7                            00000007
W                                 00000000
WR                                00000001
WREN                              00000002
WRERR                             00000003
Z                                 00000002
_CONFIG                           00002007
_CP_OFF                           00003FFF
_CP_ON                            0000000F
_DEVID1                           00002006
_FOSC_EXTRC                       00003FFF
_FOSC_HS                          00003FFE
_FOSC_LP                          00003FFC
_FOSC_XT                          00003FFD
_HS_OSC                           00003FFE
_IDLOC0                           00002000
_IDLOC1                           00002001
_IDLOC2                           00002002
_IDLOC3                           00002003
_LP_OSC                           00003FFC
_PWRTE_OFF                        00003FFF
_PWRTE_ON                         00003FF7
_RC_OSC                           00003FFF
_WDTE_OFF                         00003FFB
_WDTE_ON                          00003FFF
_WDT_OFF                          00003FFB
_WDT_ON                           00003FFF
_XT_OSC                           00003FFD
__16F84A                          00000001


MEMORY USAGE MAP ('X' = Used,  '-' = Unused)

0000 : XXXXXXXXXXXXXXXX XXXXXXXXXXXXXXXX XXXXXXXXXXXXXXXX XXXXXXXXXXXXXXXX
0040 : XXXXXXXXXXXXXXXX XX-------------- ---------------- ----------------
2000 : -------X-------- ---------------- ---------------- ----------------

All other memory blocks unused.

Program Memory Words Used:    82
Program Memory Words Free:   942


Errors   :     0
Warnings :     0 reported,     0 suppressed
Messages :     0 reported,     0 suppressed

