MPASM  5.51                        TAREA1.ASM   9-15-2021  11:29:50         PAGE  1


LOC  OBJECT CODE     LINE SOURCE TEXT
  VALUE

2007   3FF1           00001                 __CONFIG _CP_OFF&_WDT_OFF&_PWRTE_ON&_XT_OSC
                      00002                 LIST    P=16F84A
                      00003                 INCLUDE <P16F84A.INC>
                      00001         LIST
                      00002 
                      00003 ;==========================================================================
                      00004 ;  MPASM PIC16F84A processor include
                      00005 ; 
                      00006 ;  (c) Copyright 1999-2013 Microchip Technology, All rights reserved
                      00007 ;==========================================================================
                      00008 
                      00208         LIST
  00000001            00004 Constante1      EQU .1
  00000000            00005 Constante2      EQU     .0
  0000000C            00006 PDel0   EQU     0C
  0000000D            00007 PDel1   EQU 0D  
  00000000            00008 Numero  EQU     d'0'
                      00009 
0000                  00010                 ORG     0
0000                  00011 Inicio
0000   1683           00012                 bsf     STATUS,RP0
Message[302]: Register in operand not in bank 0.  Ensure that bank bits are correct.
0001   0186           00013                 clrf    TRISB
0002   301F           00014                 movlw   b'00011111'
Message[302]: Register in operand not in bank 0.  Ensure that bank bits are correct.
0003   0085           00015                 movwf   TRISA
0004   1283           00016                 bcf             STATUS,RP0
0005                  00017 Principal
0005   3000           00018                 movlw   Numero
0006   0205           00019                 subwf   PORTA,W
0007   3000           00020                 movlw   b'00000000'
0008   1C03           00021                 btfss   STATUS,C
0009   2814           00022                 goto    ActivaSalida
000A   3000           00023                 movlw   b'00000000'
000B   1903           00024                 btfsc   STATUS,Z
000C   2814           00025                 goto    ActivaSalida
000D   3001           00026         movlw   Constante1
000E   0086           00027             movwf       PORTB
000F   2016           00028             call        pausa
0010   3000           00029             movlw       Constante2
0011   0086           00030             movwf       PORTB
0012   2016           00031             call        pausa
0013   2805           00032             goto        Principal
0014                  00033 ActivaSalida
0014   0086           00034                 movwf   PORTB
0015   2805           00035                 goto    Principal
0016                  00036 pausa
0016   3098           00037                 movlw   .152
0017   008C           00038                 movwf   PDel0
0018   3096           00039 PLoop1  movlw   .150
0019   008D           00040                 movwf   PDel1
001A   0064           00041 PLoop2  clrwdt
001B   281C           00042 PDelL1  goto PDelL2
MPASM  5.51                        TAREA1.ASM   9-15-2021  11:29:50         PAGE  2


LOC  OBJECT CODE     LINE SOURCE TEXT
  VALUE

001C   281D           00043 PDelL2  goto PDelL3
001D   0064           00044 PDelL3  clrwdt
001E   0B8D           00045                 decfsz  PDel1,1
001F   281A           00046                 goto    PLoop2
0020   0B8C           00047                 decfsz  PDel0,1
0021   2818           00048                 goto    PLoop1
0022   2823           00049 PDelL4  goto PDelL5
0023   2824           00050 PDelL5  goto PDelL6
0024   2825           00051 PDelL6  goto PDelL7
0025   0064           00052 PDelL7  clrwdt
0026   0008           00053                 return
                      00054                 END
MPASM  5.51                        TAREA1.ASM   9-15-2021  11:29:50         PAGE  3


SYMBOL TABLE
  LABEL                             VALUE 

ActivaSalida                      00000014
C                                 00000000
Constante1                        00000001
Constante2                        00000000
DC                                00000001
EEADR                             00000009
EECON1                            00000088
EECON2                            00000089
EEDATA                            00000008
EEIE                              00000006
EEIF                              00000004
F                                 00000001
FSR                               00000004
GIE                               00000007
INDF                              00000000
INTCON                            0000000B
INTE                              00000004
INTEDG                            00000006
INTF                              00000001
IRP                               00000007
Inicio                            00000000
NOT_PD                            00000003
NOT_RBPU                          00000007
NOT_TO                            00000004
Numero                            00000000
OPTION_REG                        00000081
PCL                               00000002
PCLATH                            0000000A
PDel0                             0000000C
PDel1                             0000000D
PDelL1                            0000001B
PDelL2                            0000001C
PDelL3                            0000001D
PDelL4                            00000022
PDelL5                            00000023
PDelL6                            00000024
PDelL7                            00000025
PLoop1                            00000018
PLoop2                            0000001A
PORTA                             00000005
PORTB                             00000006
PS0                               00000000
PS1                               00000001
PS2                               00000002
PSA                               00000003
Principal                         00000005
RA0                               00000000
RA1                               00000001
RA2                               00000002
RA3                               00000003
RA4                               00000004
RB0                               00000000
RB1                               00000001
MPASM  5.51                        TAREA1.ASM   9-15-2021  11:29:50         PAGE  4


SYMBOL TABLE
  LABEL                             VALUE 

RB2                               00000002
RB3                               00000003
RB4                               00000004
RB5                               00000005
RB6                               00000006
RB7                               00000007
RBIE                              00000003
RBIF                              00000000
RD                                00000000
RP0                               00000005
RP1                               00000006
STATUS                            00000003
T0CS                              00000005
T0IE                              00000005
T0IF                              00000002
T0SE                              00000004
TMR0                              00000001
TMR0IE                            00000005
TMR0IF                            00000002
TRISA                             00000085
TRISA0                            00000000
TRISA1                            00000001
TRISA2                            00000002
TRISA3                            00000003
TRISA4                            00000004
TRISB                             00000086
TRISB0                            00000000
TRISB1                            00000001
TRISB2                            00000002
TRISB3                            00000003
TRISB4                            00000004
TRISB5                            00000005
TRISB6                            00000006
TRISB7                            00000007
W                                 00000000
WR                                00000001
WREN                              00000002
WRERR                             00000003
Z                                 00000002
_CONFIG                           00002007
_CP_OFF                           00003FFF
_CP_ON                            0000000F
_DEVID1                           00002006
_FOSC_EXTRC                       00003FFF
_FOSC_HS                          00003FFE
_FOSC_LP                          00003FFC
_FOSC_XT                          00003FFD
_HS_OSC                           00003FFE
_IDLOC0                           00002000
_IDLOC1                           00002001
_IDLOC2                           00002002
_IDLOC3                           00002003
_LP_OSC                           00003FFC
MPASM  5.51                        TAREA1.ASM   9-15-2021  11:29:50         PAGE  5


SYMBOL TABLE
  LABEL                             VALUE 

_PWRTE_OFF                        00003FFF
_PWRTE_ON                         00003FF7
_RC_OSC                           00003FFF
_WDTE_OFF                         00003FFB
_WDTE_ON                          00003FFF
_WDT_OFF                          00003FFB
_WDT_ON                           00003FFF
_XT_OSC                           00003FFD
__16F84A                          00000001
pausa                             00000016


MEMORY USAGE MAP ('X' = Used,  '-' = Unused)

0000 : XXXXXXXXXXXXXXXX XXXXXXXXXXXXXXXX XXXXXXX--------- ----------------
2000 : -------X-------- ---------------- ---------------- ----------------

All other memory blocks unused.

Program Memory Words Used:    39
Program Memory Words Free:   985


Errors   :     0
Warnings :     0 reported,     0 suppressed
Messages :     2 reported,     0 suppressed

