MPASM  5.51                       TAREA1P.ASM   9-15-2021  11:38:20         PAGE  1


LOC  OBJECT CODE     LINE SOURCE TEXT
  VALUE

2007   3FF1           00001                 __CONFIG _CP_OFF&_WDT_OFF&_PWRTE_ON&_XT_OSC
                      00002                 LIST    P=16F84A
                      00003                 INCLUDE <P16F84A.INC>
                      00001         LIST
                      00002 
                      00003 ;==========================================================================
                      00004 ;  MPASM PIC16F84A processor include
                      00005 ; 
                      00006 ;  (c) Copyright 1999-2013 Microchip Technology, All rights reserved
                      00007 ;==========================================================================
                      00008 
                      00208         LIST
  00000001            00004 Constante1      EQU .1
  00000000            00005 Constante2      EQU     .0
  0000000C            00006 PDel0   EQU     0C
  0000000D            00007 PDel1   EQU 0D  
0000                  00008                 ORG     0
0000                  00009 Inicio
0000   1683           00010                 bsf     STATUS,RP0
Message[302]: Register in operand not in bank 0.  Ensure that bank bits are correct.
0001   0186           00011                 clrf    TRISB
0002   301F           00012                 movlw   b'00011111'
Message[302]: Register in operand not in bank 0.  Ensure that bank bits are correct.
0003   0085           00013                 movwf   TRISA
0004   1283           00014                 bcf             STATUS,RP0
0005                  00015 Principal
0005   0205           00016                 subwf   PORTA,W
0006   1C03           00017                 btfss   STATUS,C
0007   2811           00018                 goto    Fin
0008   1903           00019                 btfsc   STATUS,Z
0009   2811           00020                 goto    Fin
000A   3001           00021         movlw   Constante1
000B   0086           00022             movwf       PORTB
000C   2014           00023             call        pausa
000D   3000           00024             movlw       Constante2
000E   0086           00025             movwf       PORTB
000F   2014           00026             call        pausa
0010   2805           00027             goto        Principal
0011                  00028 Fin
0011   3000           00029                 movlw Constante2
0012   0086           00030                 movwf   PORTB
0013   2805           00031                 goto    Principal
0014                  00032 pausa
0014   3098           00033                 movlw   .152
0015   008C           00034                 movwf   PDel0
0016   3096           00035 PLoop1  movlw   .150
0017   008D           00036                 movwf   PDel1
0018   0064           00037 PLoop2  clrwdt
0019   281A           00038 PDelL1  goto PDelL2
001A   281B           00039 PDelL2  goto PDelL3
001B   0064           00040 PDelL3  clrwdt
001C   0B8D           00041                 decfsz  PDel1,1
001D   2818           00042                 goto    PLoop2
MPASM  5.51                       TAREA1P.ASM   9-15-2021  11:38:20         PAGE  2


LOC  OBJECT CODE     LINE SOURCE TEXT
  VALUE

001E   0B8C           00043                 decfsz  PDel0,1
001F   2816           00044                 goto    PLoop1
0020   2821           00045 PDelL4  goto PDelL5
0021   2822           00046 PDelL5  goto PDelL6
0022   2823           00047 PDelL6  goto PDelL7
0023   0064           00048 PDelL7  clrwdt
0024   0008           00049                 return
                      00050                 END
MPASM  5.51                       TAREA1P.ASM   9-15-2021  11:38:20         PAGE  3


SYMBOL TABLE
  LABEL                             VALUE 

C                                 00000000
Constante1                        00000001
Constante2                        00000000
DC                                00000001
EEADR                             00000009
EECON1                            00000088
EECON2                            00000089
EEDATA                            00000008
EEIE                              00000006
EEIF                              00000004
F                                 00000001
FSR                               00000004
Fin                               00000011
GIE                               00000007
INDF                              00000000
INTCON                            0000000B
INTE                              00000004
INTEDG                            00000006
INTF                              00000001
IRP                               00000007
Inicio                            00000000
NOT_PD                            00000003
NOT_RBPU                          00000007
NOT_TO                            00000004
OPTION_REG                        00000081
PCL                               00000002
PCLATH                            0000000A
PDel0                             0000000C
PDel1                             0000000D
PDelL1                            00000019
PDelL2                            0000001A
PDelL3                            0000001B
PDelL4                            00000020
PDelL5                            00000021
PDelL6                            00000022
PDelL7                            00000023
PLoop1                            00000016
PLoop2                            00000018
PORTA                             00000005
PORTB                             00000006
PS0                               00000000
PS1                               00000001
PS2                               00000002
PSA                               00000003
Principal                         00000005
RA0                               00000000
RA1                               00000001
RA2                               00000002
RA3                               00000003
RA4                               00000004
RB0                               00000000
RB1                               00000001
RB2                               00000002
MPASM  5.51                       TAREA1P.ASM   9-15-2021  11:38:20         PAGE  4


SYMBOL TABLE
  LABEL                             VALUE 

RB3                               00000003
RB4                               00000004
RB5                               00000005
RB6                               00000006
RB7                               00000007
RBIE                              00000003
RBIF                              00000000
RD                                00000000
RP0                               00000005
RP1                               00000006
STATUS                            00000003
T0CS                              00000005
T0IE                              00000005
T0IF                              00000002
T0SE                              00000004
TMR0                              00000001
TMR0IE                            00000005
TMR0IF                            00000002
TRISA                             00000085
TRISA0                            00000000
TRISA1                            00000001
TRISA2                            00000002
TRISA3                            00000003
TRISA4                            00000004
TRISB                             00000086
TRISB0                            00000000
TRISB1                            00000001
TRISB2                            00000002
TRISB3                            00000003
TRISB4                            00000004
TRISB5                            00000005
TRISB6                            00000006
TRISB7                            00000007
W                                 00000000
WR                                00000001
WREN                              00000002
WRERR                             00000003
Z                                 00000002
_CONFIG                           00002007
_CP_OFF                           00003FFF
_CP_ON                            0000000F
_DEVID1                           00002006
_FOSC_EXTRC                       00003FFF
_FOSC_HS                          00003FFE
_FOSC_LP                          00003FFC
_FOSC_XT                          00003FFD
_HS_OSC                           00003FFE
_IDLOC0                           00002000
_IDLOC1                           00002001
_IDLOC2                           00002002
_IDLOC3                           00002003
_LP_OSC                           00003FFC
_PWRTE_OFF                        00003FFF
MPASM  5.51                       TAREA1P.ASM   9-15-2021  11:38:20         PAGE  5


SYMBOL TABLE
  LABEL                             VALUE 

_PWRTE_ON                         00003FF7
_RC_OSC                           00003FFF
_WDTE_OFF                         00003FFB
_WDTE_ON                          00003FFF
_WDT_OFF                          00003FFB
_WDT_ON                           00003FFF
_XT_OSC                           00003FFD
__16F84A                          00000001
pausa                             00000014


MEMORY USAGE MAP ('X' = Used,  '-' = Unused)

0000 : XXXXXXXXXXXXXXXX XXXXXXXXXXXXXXXX XXXXX----------- ----------------
2000 : -------X-------- ---------------- ---------------- ----------------

All other memory blocks unused.

Program Memory Words Used:    37
Program Memory Words Free:   987


Errors   :     0
Warnings :     0 reported,     0 suppressed
Messages :     2 reported,     0 suppressed

