;  LST file generated by mikroListExporter - v.2.0 
; Date/Time: 21/abr./2021 10:16:11 a. m.
;----------------------------------------------

;Address Opcode 	ASM
0x0000	0x2849      	GOTO       73
_____DoICP:
;__Lib_System.c,6 :: 		
;__Lib_System.c,9 :: 		
0x0003	0x1283      	BCF        STATUS, 5
0x0004	0x080D      	MOVF       ___DoICPAddr+1, 0
0x0005	0x008A      	MOVWF      PCLATH
;__Lib_System.c,10 :: 		
0x0006	0x080C      	MOVF       ___DoICPAddr, 0
0x0007	0x0082      	MOVWF      PCL
;__Lib_System.c,12 :: 		
L_end_____DoICP:
0x0008	0x0008      	RETURN
; end of _____DoICP
___CC2DW:
;__Lib_System.c,134 :: 		
;__Lib_System.c,137 :: 		
_CC2D_Loop1:
;__Lib_System.c,139 :: 		
0x0009	0x2003      	CALL       _____DoICP
0x000A	0x118A      	BCF        PCLATH, 3
0x000B	0x120A      	BCF        PCLATH, 4
;__Lib_System.c,141 :: 		
0x000C	0x0080      	MOVWF      INDF
;__Lib_System.c,142 :: 		
0x000D	0x0A84      	INCF       FSR, 1
;__Lib_System.c,143 :: 		
0x000E	0x0A8C      	INCF       ___DoICPAddr, 1
;__Lib_System.c,145 :: 		
0x000F	0x1903      	BTFSC      STATUS, 2
;__Lib_System.c,146 :: 		
0x0010	0x0A8D      	INCF       ___DoICPAddr+1, 1
;__Lib_System.c,147 :: 		
0x0011	0x03C0      	DECF       R0, 1
;__Lib_System.c,149 :: 		
0x0012	0x1D03      	BTFSS      STATUS, 2
;__Lib_System.c,150 :: 		
0x0013	0x2809      	GOTO       _CC2D_Loop1
;__Lib_System.c,152 :: 		
L_end___CC2DW:
0x0014	0x0008      	RETURN
; end of ___CC2DW
_ASCII_a_7Segmentos:
;display_7s.h,1 :: 		int ASCII_a_7Segmentos(char c) {
;display_7s.h,2 :: 		char dt [] = {0x46, 0x04, 0x40, 0x80, 0x00, 0x3F, 0x06, 0x5B, 0x4F, 0x66, 0x6D, 0x7D, 0x07, 0x7F, 0x67, 0x41, 0x88, 0x00, 0x48, 0x00, 0x00, 0x00, 0x77, 0x7C, 0x39, 0x5E, 0x79, 0x71, 0x6F, 0x76, 0x19, 0x1E, 0x7A, 0x38, 0x37, 0x54, 0x3F, 0x73, 0x67, 0x50, 0x6D, 0x78, 0x1C, 0x3E, 0x1D, 0x70, 0x6E, 0x49};
0x0015	0x3055      	MOVLW      ?ICSASCII_a_7Segmentos_dt_L0
0x0016	0x1283      	BCF        STATUS, 5
0x0017	0x008C      	MOVWF      ___DoICPAddr
0x0018	0x3000      	MOVLW      hi_addr(?ICSASCII_a_7Segmentos_dt_L0)
0x0019	0x008D      	MOVWF      ___DoICPAddr+1
0x001A	0x3010      	MOVLW      ASCII_a_7Segmentos_dt_L0
0x001B	0x0084      	MOVWF      FSR
0x001C	0x3030      	MOVLW      48
0x001D	0x00C0      	MOVWF      R0
0x001E	0x2009      	CALL       ___CC2DW
;display_7s.h,3 :: 		if (c >= '+' && c <= 'Z')
0x001F	0x302B      	MOVLW      43
0x0020	0x020F      	SUBWF      FARG_ASCII_a_7Segmentos_c, 0
0x0021	0x1C03      	BTFSS      STATUS, 0
0x0022	0x2834      	GOTO       L_ASCII_a_7Segmentos2
0x0023	0x080F      	MOVF       FARG_ASCII_a_7Segmentos_c, 0
0x0024	0x3C5A      	SUBLW      90
0x0025	0x1C03      	BTFSS      STATUS, 0
0x0026	0x2834      	GOTO       L_ASCII_a_7Segmentos2
L__ASCII_a_7Segmentos11:
;display_7s.h,4 :: 		return dt[c - 43];
0x0027	0x302B      	MOVLW      43
0x0028	0x020F      	SUBWF      FARG_ASCII_a_7Segmentos_c, 0
0x0029	0x00C0      	MOVWF      R0
0x002A	0x01C1      	CLRF       R0+1
0x002B	0x1C03      	BTFSS      STATUS, 0
0x002C	0x03C1      	DECF       R0+1, 1
0x002D	0x0840      	MOVF       R0, 0
0x002E	0x3E10      	ADDLW      ASCII_a_7Segmentos_dt_L0
0x002F	0x0084      	MOVWF      FSR
0x0030	0x0800      	MOVF       INDF, 0
0x0031	0x00C0      	MOVWF      R0
0x0032	0x01C1      	CLRF       R0+1
0x0033	0x2848      	GOTO       L_end_ASCII_a_7Segmentos
L_ASCII_a_7Segmentos2:
;display_7s.h,5 :: 		else if (c == 'Ñ')
0x0034	0x080F      	MOVF       FARG_ASCII_a_7Segmentos_c, 0
0x0035	0x3AD1      	XORLW      209
0x0036	0x1D03      	BTFSS      STATUS, 2
0x0037	0x283D      	GOTO       L_ASCII_a_7Segmentos4
;display_7s.h,6 :: 		return 0x55;
0x0038	0x3055      	MOVLW      85
0x0039	0x00C0      	MOVWF      R0
0x003A	0x3000      	MOVLW      0
0x003B	0x00C1      	MOVWF      R0+1
0x003C	0x2848      	GOTO       L_end_ASCII_a_7Segmentos
L_ASCII_a_7Segmentos4:
;display_7s.h,7 :: 		else if (c == '°')
0x003D	0x080F      	MOVF       FARG_ASCII_a_7Segmentos_c, 0
0x003E	0x3AB0      	XORLW      176
0x003F	0x1D03      	BTFSS      STATUS, 2
0x0040	0x2846      	GOTO       L_ASCII_a_7Segmentos6
;display_7s.h,8 :: 		return 0x63;
0x0041	0x3063      	MOVLW      99
0x0042	0x00C0      	MOVWF      R0
0x0043	0x3000      	MOVLW      0
0x0044	0x00C1      	MOVWF      R0+1
0x0045	0x2848      	GOTO       L_end_ASCII_a_7Segmentos
L_ASCII_a_7Segmentos6:
;display_7s.h,10 :: 		return 0x00;
0x0046	0x01C0      	CLRF       R0
0x0047	0x01C1      	CLRF       R0+1
;display_7s.h,11 :: 		}
L_end_ASCII_a_7Segmentos:
0x0048	0x0008      	RETURN
; end of _ASCII_a_7Segmentos
_main:
;Display_05.c,3 :: 		void main() {
;Display_05.c,4 :: 		char Caracter = 'P';
0x0049	0x3050      	MOVLW      80
0x004A	0x1283      	BCF        STATUS, 5
0x004B	0x008E      	MOVWF      main_Caracter_L0
;Display_05.c,5 :: 		TRISB = 0;
0x004C	0x1683      	BSF        STATUS, 5
0x004D	0x0186      	CLRF       TRISB
;Display_05.c,6 :: 		do {
L_main8:
;Display_05.c,7 :: 		PORTB = ASCII_a_7Segmentos(Caracter);
0x004E	0x080E      	MOVF       main_Caracter_L0, 0
0x004F	0x008F      	MOVWF      FARG_ASCII_a_7Segmentos_c
0x0050	0x2015      	CALL       _ASCII_a_7Segmentos
0x0051	0x0840      	MOVF       R0, 0
0x0052	0x0086      	MOVWF      PORTB
;Display_05.c,8 :: 		}while(1);
0x0053	0x284E      	GOTO       L_main8
;Display_05.c,9 :: 		}
L_end_main:
0x0054	0x2854      	GOTO       $+0
; end of _main
;Display_05.c,0 :: ?ICSASCII_a_7Segmentos_dt_L0
0x0055	0x3446 ;?ICSASCII_a_7Segmentos_dt_L0+0
0x0056	0x3404 ;?ICSASCII_a_7Segmentos_dt_L0+1
0x0057	0x3440 ;?ICSASCII_a_7Segmentos_dt_L0+2
0x0058	0x3480 ;?ICSASCII_a_7Segmentos_dt_L0+3
0x0059	0x3400 ;?ICSASCII_a_7Segmentos_dt_L0+4
0x005A	0x343F ;?ICSASCII_a_7Segmentos_dt_L0+5
0x005B	0x3406 ;?ICSASCII_a_7Segmentos_dt_L0+6
0x005C	0x345B ;?ICSASCII_a_7Segmentos_dt_L0+7
0x005D	0x344F ;?ICSASCII_a_7Segmentos_dt_L0+8
0x005E	0x3466 ;?ICSASCII_a_7Segmentos_dt_L0+9
0x005F	0x346D ;?ICSASCII_a_7Segmentos_dt_L0+10
0x0060	0x347D ;?ICSASCII_a_7Segmentos_dt_L0+11
0x0061	0x3407 ;?ICSASCII_a_7Segmentos_dt_L0+12
0x0062	0x347F ;?ICSASCII_a_7Segmentos_dt_L0+13
0x0063	0x3467 ;?ICSASCII_a_7Segmentos_dt_L0+14
0x0064	0x3441 ;?ICSASCII_a_7Segmentos_dt_L0+15
0x0065	0x3488 ;?ICSASCII_a_7Segmentos_dt_L0+16
0x0066	0x3400 ;?ICSASCII_a_7Segmentos_dt_L0+17
0x0067	0x3448 ;?ICSASCII_a_7Segmentos_dt_L0+18
0x0068	0x3400 ;?ICSASCII_a_7Segmentos_dt_L0+19
0x0069	0x3400 ;?ICSASCII_a_7Segmentos_dt_L0+20
0x006A	0x3400 ;?ICSASCII_a_7Segmentos_dt_L0+21
0x006B	0x3477 ;?ICSASCII_a_7Segmentos_dt_L0+22
0x006C	0x347C ;?ICSASCII_a_7Segmentos_dt_L0+23
0x006D	0x3439 ;?ICSASCII_a_7Segmentos_dt_L0+24
0x006E	0x345E ;?ICSASCII_a_7Segmentos_dt_L0+25
0x006F	0x3479 ;?ICSASCII_a_7Segmentos_dt_L0+26
0x0070	0x3471 ;?ICSASCII_a_7Segmentos_dt_L0+27
0x0071	0x346F ;?ICSASCII_a_7Segmentos_dt_L0+28
0x0072	0x3476 ;?ICSASCII_a_7Segmentos_dt_L0+29
0x0073	0x3419 ;?ICSASCII_a_7Segmentos_dt_L0+30
0x0074	0x341E ;?ICSASCII_a_7Segmentos_dt_L0+31
0x0075	0x347A ;?ICSASCII_a_7Segmentos_dt_L0+32
0x0076	0x3438 ;?ICSASCII_a_7Segmentos_dt_L0+33
0x0077	0x3437 ;?ICSASCII_a_7Segmentos_dt_L0+34
0x0078	0x3454 ;?ICSASCII_a_7Segmentos_dt_L0+35
0x0079	0x343F ;?ICSASCII_a_7Segmentos_dt_L0+36
0x007A	0x3473 ;?ICSASCII_a_7Segmentos_dt_L0+37
0x007B	0x3467 ;?ICSASCII_a_7Segmentos_dt_L0+38
0x007C	0x3450 ;?ICSASCII_a_7Segmentos_dt_L0+39
0x007D	0x346D ;?ICSASCII_a_7Segmentos_dt_L0+40
0x007E	0x3478 ;?ICSASCII_a_7Segmentos_dt_L0+41
0x007F	0x341C ;?ICSASCII_a_7Segmentos_dt_L0+42
0x0080	0x343E ;?ICSASCII_a_7Segmentos_dt_L0+43
0x0081	0x341D ;?ICSASCII_a_7Segmentos_dt_L0+44
0x0082	0x3470 ;?ICSASCII_a_7Segmentos_dt_L0+45
0x0083	0x346E ;?ICSASCII_a_7Segmentos_dt_L0+46
0x0084	0x3449 ;?ICSASCII_a_7Segmentos_dt_L0+47
; end of ?ICSASCII_a_7Segmentos_dt_L0
Symbol List:
//** Routines locations **
//ADDRESS    SIZE    PROCEDURE
//----------------------------------------------
0x0003       [6]    _____DoICP
0x0009      [12]    ___CC2DW
0x0015      [52]    _ASCII_a_7Segmentos
0x0049      [12]    _main
//** Variables locations ** 
//ADDRESS    SIZE    VARIABLE
//----------------------------------------------
0x0000       [1]    INDF
0x0002       [1]    PCL
0x0003       [1]    STATUS
0x0004       [1]    FSR
0x0006       [1]    PORTB
0x000A       [1]    PCLATH
0x000C       [2]    ___DoICPAddr
0x000E       [1]    main_Caracter_L0
0x000F       [1]    FARG_ASCII_a_7Segmentos_c
0x0010      [48]    ASCII_a_7Segmentos_dt_L0
0x0040       [1]    R0
0x0041       [1]    R1
0x0042       [1]    R2
0x0043       [1]    R3
0x0044       [1]    R4
0x0045       [1]    R5
0x0046       [1]    R6
0x0047       [1]    R7
0x0048       [1]    R8
0x0049       [1]    R9
0x004A       [1]    R10
0x004B       [1]    R11
0x004C       [1]    R12
0x004D       [1]    R13
0x004E       [1]    R14
0x004F       [1]    R15
0x0086       [1]    TRISB
//** Constants locations ** 
//ADDRESS    SIZE    CONSTANT
//----------------------------------------------
0x0055      [48]    ?ICSASCII_a_7Segmentos_dt_L0
//** Label List: ** 
//----------------------------------------------
  L_ASCII_a_7Segmentos0
  L_ASCII_a_7Segmentos1
  L_ASCII_a_7Segmentos2
  L_ASCII_a_7Segmentos3
  L_ASCII_a_7Segmentos4
  L_ASCII_a_7Segmentos5
  L_ASCII_a_7Segmentos6
  L_ASCII_a_7Segmentos7
  L_main8
  L_main9
  L_main10
  L__ASCII_a_7Segmentos11
  L_end_ASCII_a_7Segmentos
  _ASCII_a_7Segmentos
  L_end_main
  _main
  L_loopCA2AWs
  L_CA2AWend
  _CCA2AW_Loop1
  L_loopCS2Ss
  L_CS2Send
  _CCS2S_Loop1
  L_CCS2Send
  L_loopFZinSWs
  L_FZinSend
  _CC2D_Loop1
  L_end_____DoICP
  _____DoICP
  L_end_____DoIFC
  _____DoIFC
  L_end___CA2AW
  ___CA2AW
  L_end___CCA2AW
  ___CCA2AW
  L_end___CS2S
  ___CS2S
  L_end___CCS2S
  ___CCS2S
  L_end___FZinS
  ___FZinS
  L_end___CC2DW
  ___CC2DW
  L_end_Swap
  _Swap
