;  LST file generated by mikroListExporter - v.2.0 
; Date/Time: 18/abr./2021 10:18:29 a. m.
;----------------------------------------------

;Address Opcode 	ASM
0x0000	0x29E2      	GOTO       482
_____DoICP:
;__Lib_System.c,6 :: 		
;__Lib_System.c,9 :: 		
0x0003	0x1283      	BCF        STATUS, 5
0x0004	0x080F      	MOVF       ___DoICPAddr+1, 0
0x0005	0x008A      	MOVWF      PCLATH
;__Lib_System.c,10 :: 		
0x0006	0x080E      	MOVF       ___DoICPAddr, 0
0x0007	0x0082      	MOVWF      PCL
;__Lib_System.c,12 :: 		
L_end_____DoICP:
0x0008	0x0008      	RETURN
; end of _____DoICP
___CC2DW:
;__Lib_System.c,134 :: 		
;__Lib_System.c,137 :: 		
_CC2D_Loop1:
;__Lib_System.c,139 :: 		
0x0009	0x2003      	CALL       _____DoICP
0x000A	0x118A      	BCF        PCLATH, 3
0x000B	0x120A      	BCF        PCLATH, 4
;__Lib_System.c,141 :: 		
0x000C	0x0080      	MOVWF      INDF
;__Lib_System.c,142 :: 		
0x000D	0x0A84      	INCF       FSR, 1
;__Lib_System.c,143 :: 		
0x000E	0x0A8E      	INCF       ___DoICPAddr, 1
;__Lib_System.c,145 :: 		
0x000F	0x1903      	BTFSC      STATUS, 2
;__Lib_System.c,146 :: 		
0x0010	0x0A8F      	INCF       ___DoICPAddr+1, 1
;__Lib_System.c,147 :: 		
0x0011	0x03C0      	DECF       R0, 1
;__Lib_System.c,149 :: 		
0x0012	0x1D03      	BTFSS      STATUS, 2
;__Lib_System.c,150 :: 		
0x0013	0x2809      	GOTO       _CC2D_Loop1
;__Lib_System.c,152 :: 		
L_end___CC2DW:
0x0014	0x0008      	RETURN
; end of ___CC2DW
_ASCII_a_7Segmentos:
;display_7s.h,14 :: 		
;display_7s.h,15 :: 		
0x0015	0x1283      	BCF        STATUS, 5
0x0016	0x0810      	MOVF       FARG_ASCII_a_7Segmentos_c, 0
0x0017	0x3A20      	XORLW      32
0x0018	0x1D03      	BTFSS      STATUS, 2
0x0019	0x281D      	GOTO       L_ASCII_a_7Segmentos10
;display_7s.h,16 :: 		
0x001A	0x01C0      	CLRF       R0
0x001B	0x01C1      	CLRF       R0+1
0x001C	0x29E1      	GOTO       L_end_ASCII_a_7Segmentos
;display_7s.h,17 :: 		
L_ASCII_a_7Segmentos10:
;display_7s.h,18 :: 		
0x001D	0x0810      	MOVF       FARG_ASCII_a_7Segmentos_c, 0
0x001E	0x3AD1      	XORLW      209
0x001F	0x1D03      	BTFSS      STATUS, 2
0x0020	0x2826      	GOTO       L_ASCII_a_7Segmentos12
;display_7s.h,19 :: 		
0x0021	0x3055      	MOVLW      85
0x0022	0x00C0      	MOVWF      R0
0x0023	0x3000      	MOVLW      0
0x0024	0x00C1      	MOVWF      R0+1
0x0025	0x29E1      	GOTO       L_end_ASCII_a_7Segmentos
;display_7s.h,20 :: 		
L_ASCII_a_7Segmentos12:
;display_7s.h,21 :: 		
0x0026	0x0810      	MOVF       FARG_ASCII_a_7Segmentos_c, 0
0x0027	0x3AB0      	XORLW      176
0x0028	0x1D03      	BTFSS      STATUS, 2
0x0029	0x282F      	GOTO       L_ASCII_a_7Segmentos14
;display_7s.h,22 :: 		
0x002A	0x3063      	MOVLW      99
0x002B	0x00C0      	MOVWF      R0
0x002C	0x3000      	MOVLW      0
0x002D	0x00C1      	MOVWF      R0+1
0x002E	0x29E1      	GOTO       L_end_ASCII_a_7Segmentos
;display_7s.h,23 :: 		
L_ASCII_a_7Segmentos14:
;display_7s.h,24 :: 		
0x002F	0x302B      	MOVLW      43
0x0030	0x0210      	SUBWF      FARG_ASCII_a_7Segmentos_c, 0
0x0031	0x1C03      	BTFSS      STATUS, 0
0x0032	0x2838      	GOTO       L__ASCII_a_7Segmentos92
0x0033	0x0810      	MOVF       FARG_ASCII_a_7Segmentos_c, 0
0x0034	0x3C5A      	SUBLW      90
0x0035	0x1C03      	BTFSS      STATUS, 0
0x0036	0x2838      	GOTO       L__ASCII_a_7Segmentos92
0x0037	0x283C      	GOTO       L_ASCII_a_7Segmentos18
L__ASCII_a_7Segmentos92:
;display_7s.h,25 :: 		
0x0038	0x3080      	MOVLW      128
0x0039	0x00C0      	MOVWF      R0
0x003A	0x01C1      	CLRF       R0+1
0x003B	0x29E1      	GOTO       L_end_ASCII_a_7Segmentos
;display_7s.h,26 :: 		
L_ASCII_a_7Segmentos18:
;display_7s.h,28 :: 		
0x003C	0x2921      	GOTO       L_ASCII_a_7Segmentos20
;display_7s.h,29 :: 		
L_ASCII_a_7Segmentos22:
0x003D	0x3046      	MOVLW      70
0x003E	0x00C0      	MOVWF      R0
0x003F	0x3000      	MOVLW      0
0x0040	0x00C1      	MOVWF      R0+1
0x0041	0x29E1      	GOTO       L_end_ASCII_a_7Segmentos
;display_7s.h,30 :: 		
L_ASCII_a_7Segmentos23:
0x0042	0x3004      	MOVLW      4
0x0043	0x00C0      	MOVWF      R0
0x0044	0x3000      	MOVLW      0
0x0045	0x00C1      	MOVWF      R0+1
0x0046	0x29E1      	GOTO       L_end_ASCII_a_7Segmentos
;display_7s.h,31 :: 		
L_ASCII_a_7Segmentos24:
0x0047	0x3040      	MOVLW      64
0x0048	0x00C0      	MOVWF      R0
0x0049	0x3000      	MOVLW      0
0x004A	0x00C1      	MOVWF      R0+1
0x004B	0x29E1      	GOTO       L_end_ASCII_a_7Segmentos
;display_7s.h,32 :: 		
L_ASCII_a_7Segmentos25:
0x004C	0x3080      	MOVLW      128
0x004D	0x00C0      	MOVWF      R0
0x004E	0x01C1      	CLRF       R0+1
0x004F	0x29E1      	GOTO       L_end_ASCII_a_7Segmentos
;display_7s.h,33 :: 		
L_ASCII_a_7Segmentos26:
0x0050	0x01C0      	CLRF       R0
0x0051	0x01C1      	CLRF       R0+1
0x0052	0x29E1      	GOTO       L_end_ASCII_a_7Segmentos
;display_7s.h,34 :: 		
L_ASCII_a_7Segmentos27:
0x0053	0x303F      	MOVLW      63
0x0054	0x00C0      	MOVWF      R0
0x0055	0x3000      	MOVLW      0
0x0056	0x00C1      	MOVWF      R0+1
0x0057	0x29E1      	GOTO       L_end_ASCII_a_7Segmentos
;display_7s.h,35 :: 		
L_ASCII_a_7Segmentos28:
0x0058	0x3006      	MOVLW      6
0x0059	0x00C0      	MOVWF      R0
0x005A	0x3000      	MOVLW      0
0x005B	0x00C1      	MOVWF      R0+1
0x005C	0x29E1      	GOTO       L_end_ASCII_a_7Segmentos
;display_7s.h,36 :: 		
L_ASCII_a_7Segmentos29:
0x005D	0x305B      	MOVLW      91
0x005E	0x00C0      	MOVWF      R0
0x005F	0x3000      	MOVLW      0
0x0060	0x00C1      	MOVWF      R0+1
0x0061	0x29E1      	GOTO       L_end_ASCII_a_7Segmentos
;display_7s.h,37 :: 		
L_ASCII_a_7Segmentos30:
0x0062	0x304F      	MOVLW      79
0x0063	0x00C0      	MOVWF      R0
0x0064	0x3000      	MOVLW      0
0x0065	0x00C1      	MOVWF      R0+1
0x0066	0x29E1      	GOTO       L_end_ASCII_a_7Segmentos
;display_7s.h,38 :: 		
L_ASCII_a_7Segmentos31:
0x0067	0x3066      	MOVLW      102
0x0068	0x00C0      	MOVWF      R0
0x0069	0x3000      	MOVLW      0
0x006A	0x00C1      	MOVWF      R0+1
0x006B	0x29E1      	GOTO       L_end_ASCII_a_7Segmentos
;display_7s.h,39 :: 		
L_ASCII_a_7Segmentos32:
0x006C	0x306D      	MOVLW      109
0x006D	0x00C0      	MOVWF      R0
0x006E	0x3000      	MOVLW      0
0x006F	0x00C1      	MOVWF      R0+1
0x0070	0x29E1      	GOTO       L_end_ASCII_a_7Segmentos
;display_7s.h,40 :: 		
L_ASCII_a_7Segmentos33:
0x0071	0x307D      	MOVLW      125
0x0072	0x00C0      	MOVWF      R0
0x0073	0x3000      	MOVLW      0
0x0074	0x00C1      	MOVWF      R0+1
0x0075	0x29E1      	GOTO       L_end_ASCII_a_7Segmentos
;display_7s.h,41 :: 		
L_ASCII_a_7Segmentos34:
0x0076	0x3007      	MOVLW      7
0x0077	0x00C0      	MOVWF      R0
0x0078	0x3000      	MOVLW      0
0x0079	0x00C1      	MOVWF      R0+1
0x007A	0x29E1      	GOTO       L_end_ASCII_a_7Segmentos
;display_7s.h,42 :: 		
L_ASCII_a_7Segmentos35:
0x007B	0x307F      	MOVLW      127
0x007C	0x00C0      	MOVWF      R0
0x007D	0x3000      	MOVLW      0
0x007E	0x00C1      	MOVWF      R0+1
0x007F	0x29E1      	GOTO       L_end_ASCII_a_7Segmentos
;display_7s.h,43 :: 		
L_ASCII_a_7Segmentos36:
0x0080	0x3067      	MOVLW      103
0x0081	0x00C0      	MOVWF      R0
0x0082	0x3000      	MOVLW      0
0x0083	0x00C1      	MOVWF      R0+1
0x0084	0x29E1      	GOTO       L_end_ASCII_a_7Segmentos
;display_7s.h,44 :: 		
L_ASCII_a_7Segmentos37:
0x0085	0x3041      	MOVLW      65
0x0086	0x00C0      	MOVWF      R0
0x0087	0x3000      	MOVLW      0
0x0088	0x00C1      	MOVWF      R0+1
0x0089	0x29E1      	GOTO       L_end_ASCII_a_7Segmentos
;display_7s.h,45 :: 		
L_ASCII_a_7Segmentos38:
0x008A	0x3088      	MOVLW      136
0x008B	0x00C0      	MOVWF      R0
0x008C	0x01C1      	CLRF       R0+1
0x008D	0x29E1      	GOTO       L_end_ASCII_a_7Segmentos
;display_7s.h,46 :: 		
L_ASCII_a_7Segmentos39:
0x008E	0x01C0      	CLRF       R0
0x008F	0x01C1      	CLRF       R0+1
0x0090	0x29E1      	GOTO       L_end_ASCII_a_7Segmentos
;display_7s.h,47 :: 		
L_ASCII_a_7Segmentos40:
0x0091	0x3048      	MOVLW      72
0x0092	0x00C0      	MOVWF      R0
0x0093	0x3000      	MOVLW      0
0x0094	0x00C1      	MOVWF      R0+1
0x0095	0x29E1      	GOTO       L_end_ASCII_a_7Segmentos
;display_7s.h,48 :: 		
L_ASCII_a_7Segmentos41:
0x0096	0x01C0      	CLRF       R0
0x0097	0x01C1      	CLRF       R0+1
0x0098	0x29E1      	GOTO       L_end_ASCII_a_7Segmentos
;display_7s.h,49 :: 		
L_ASCII_a_7Segmentos42:
0x0099	0x01C0      	CLRF       R0
0x009A	0x01C1      	CLRF       R0+1
0x009B	0x29E1      	GOTO       L_end_ASCII_a_7Segmentos
;display_7s.h,50 :: 		
L_ASCII_a_7Segmentos43:
0x009C	0x01C0      	CLRF       R0
0x009D	0x01C1      	CLRF       R0+1
0x009E	0x29E1      	GOTO       L_end_ASCII_a_7Segmentos
;display_7s.h,51 :: 		
L_ASCII_a_7Segmentos44:
0x009F	0x3077      	MOVLW      119
0x00A0	0x00C0      	MOVWF      R0
0x00A1	0x3000      	MOVLW      0
0x00A2	0x00C1      	MOVWF      R0+1
0x00A3	0x29E1      	GOTO       L_end_ASCII_a_7Segmentos
;display_7s.h,52 :: 		
L_ASCII_a_7Segmentos45:
0x00A4	0x307C      	MOVLW      124
0x00A5	0x00C0      	MOVWF      R0
0x00A6	0x3000      	MOVLW      0
0x00A7	0x00C1      	MOVWF      R0+1
0x00A8	0x29E1      	GOTO       L_end_ASCII_a_7Segmentos
;display_7s.h,53 :: 		
L_ASCII_a_7Segmentos46:
0x00A9	0x3039      	MOVLW      57
0x00AA	0x00C0      	MOVWF      R0
0x00AB	0x3000      	MOVLW      0
0x00AC	0x00C1      	MOVWF      R0+1
0x00AD	0x29E1      	GOTO       L_end_ASCII_a_7Segmentos
;display_7s.h,54 :: 		
L_ASCII_a_7Segmentos47:
0x00AE	0x305E      	MOVLW      94
0x00AF	0x00C0      	MOVWF      R0
0x00B0	0x3000      	MOVLW      0
0x00B1	0x00C1      	MOVWF      R0+1
0x00B2	0x29E1      	GOTO       L_end_ASCII_a_7Segmentos
;display_7s.h,55 :: 		
L_ASCII_a_7Segmentos48:
0x00B3	0x3079      	MOVLW      121
0x00B4	0x00C0      	MOVWF      R0
0x00B5	0x3000      	MOVLW      0
0x00B6	0x00C1      	MOVWF      R0+1
0x00B7	0x29E1      	GOTO       L_end_ASCII_a_7Segmentos
;display_7s.h,56 :: 		
L_ASCII_a_7Segmentos49:
0x00B8	0x3071      	MOVLW      113
0x00B9	0x00C0      	MOVWF      R0
0x00BA	0x3000      	MOVLW      0
0x00BB	0x00C1      	MOVWF      R0+1
0x00BC	0x29E1      	GOTO       L_end_ASCII_a_7Segmentos
;display_7s.h,57 :: 		
L_ASCII_a_7Segmentos50:
0x00BD	0x306F      	MOVLW      111
0x00BE	0x00C0      	MOVWF      R0
0x00BF	0x3000      	MOVLW      0
0x00C0	0x00C1      	MOVWF      R0+1
0x00C1	0x29E1      	GOTO       L_end_ASCII_a_7Segmentos
;display_7s.h,58 :: 		
L_ASCII_a_7Segmentos51:
0x00C2	0x3076      	MOVLW      118
0x00C3	0x00C0      	MOVWF      R0
0x00C4	0x3000      	MOVLW      0
0x00C5	0x00C1      	MOVWF      R0+1
0x00C6	0x29E1      	GOTO       L_end_ASCII_a_7Segmentos
;display_7s.h,59 :: 		
L_ASCII_a_7Segmentos52:
0x00C7	0x3019      	MOVLW      25
0x00C8	0x00C0      	MOVWF      R0
0x00C9	0x3000      	MOVLW      0
0x00CA	0x00C1      	MOVWF      R0+1
0x00CB	0x29E1      	GOTO       L_end_ASCII_a_7Segmentos
;display_7s.h,60 :: 		
L_ASCII_a_7Segmentos53:
0x00CC	0x301E      	MOVLW      30
0x00CD	0x00C0      	MOVWF      R0
0x00CE	0x3000      	MOVLW      0
0x00CF	0x00C1      	MOVWF      R0+1
0x00D0	0x29E1      	GOTO       L_end_ASCII_a_7Segmentos
;display_7s.h,61 :: 		
L_ASCII_a_7Segmentos54:
0x00D1	0x307A      	MOVLW      122
0x00D2	0x00C0      	MOVWF      R0
0x00D3	0x3000      	MOVLW      0
0x00D4	0x00C1      	MOVWF      R0+1
0x00D5	0x29E1      	GOTO       L_end_ASCII_a_7Segmentos
;display_7s.h,62 :: 		
L_ASCII_a_7Segmentos55:
0x00D6	0x3038      	MOVLW      56
0x00D7	0x00C0      	MOVWF      R0
0x00D8	0x3000      	MOVLW      0
0x00D9	0x00C1      	MOVWF      R0+1
0x00DA	0x29E1      	GOTO       L_end_ASCII_a_7Segmentos
;display_7s.h,63 :: 		
L_ASCII_a_7Segmentos56:
0x00DB	0x3037      	MOVLW      55
0x00DC	0x00C0      	MOVWF      R0
0x00DD	0x3000      	MOVLW      0
0x00DE	0x00C1      	MOVWF      R0+1
0x00DF	0x29E1      	GOTO       L_end_ASCII_a_7Segmentos
;display_7s.h,64 :: 		
L_ASCII_a_7Segmentos57:
0x00E0	0x3054      	MOVLW      84
0x00E1	0x00C0      	MOVWF      R0
0x00E2	0x3000      	MOVLW      0
0x00E3	0x00C1      	MOVWF      R0+1
0x00E4	0x29E1      	GOTO       L_end_ASCII_a_7Segmentos
;display_7s.h,65 :: 		
L_ASCII_a_7Segmentos58:
0x00E5	0x303F      	MOVLW      63
0x00E6	0x00C0      	MOVWF      R0
0x00E7	0x3000      	MOVLW      0
0x00E8	0x00C1      	MOVWF      R0+1
0x00E9	0x29E1      	GOTO       L_end_ASCII_a_7Segmentos
;display_7s.h,66 :: 		
L_ASCII_a_7Segmentos59:
0x00EA	0x3073      	MOVLW      115
0x00EB	0x00C0      	MOVWF      R0
0x00EC	0x3000      	MOVLW      0
0x00ED	0x00C1      	MOVWF      R0+1
0x00EE	0x29E1      	GOTO       L_end_ASCII_a_7Segmentos
;display_7s.h,67 :: 		
L_ASCII_a_7Segmentos60:
0x00EF	0x3067      	MOVLW      103
0x00F0	0x00C0      	MOVWF      R0
0x00F1	0x3000      	MOVLW      0
0x00F2	0x00C1      	MOVWF      R0+1
0x00F3	0x29E1      	GOTO       L_end_ASCII_a_7Segmentos
;display_7s.h,68 :: 		
L_ASCII_a_7Segmentos61:
0x00F4	0x3050      	MOVLW      80
0x00F5	0x00C0      	MOVWF      R0
0x00F6	0x3000      	MOVLW      0
0x00F7	0x00C1      	MOVWF      R0+1
0x00F8	0x29E1      	GOTO       L_end_ASCII_a_7Segmentos
;display_7s.h,69 :: 		
L_ASCII_a_7Segmentos62:
0x00F9	0x306D      	MOVLW      109
0x00FA	0x00C0      	MOVWF      R0
0x00FB	0x3000      	MOVLW      0
0x00FC	0x00C1      	MOVWF      R0+1
0x00FD	0x29E1      	GOTO       L_end_ASCII_a_7Segmentos
;display_7s.h,70 :: 		
L_ASCII_a_7Segmentos63:
0x00FE	0x3078      	MOVLW      120
0x00FF	0x00C0      	MOVWF      R0
0x0100	0x3000      	MOVLW      0
0x0101	0x00C1      	MOVWF      R0+1
0x0102	0x29E1      	GOTO       L_end_ASCII_a_7Segmentos
;display_7s.h,71 :: 		
L_ASCII_a_7Segmentos64:
0x0103	0x301C      	MOVLW      28
0x0104	0x00C0      	MOVWF      R0
0x0105	0x3000      	MOVLW      0
0x0106	0x00C1      	MOVWF      R0+1
0x0107	0x29E1      	GOTO       L_end_ASCII_a_7Segmentos
;display_7s.h,72 :: 		
L_ASCII_a_7Segmentos65:
0x0108	0x303E      	MOVLW      62
0x0109	0x00C0      	MOVWF      R0
0x010A	0x3000      	MOVLW      0
0x010B	0x00C1      	MOVWF      R0+1
0x010C	0x29E1      	GOTO       L_end_ASCII_a_7Segmentos
;display_7s.h,73 :: 		
L_ASCII_a_7Segmentos66:
0x010D	0x301D      	MOVLW      29
0x010E	0x00C0      	MOVWF      R0
0x010F	0x3000      	MOVLW      0
0x0110	0x00C1      	MOVWF      R0+1
0x0111	0x29E1      	GOTO       L_end_ASCII_a_7Segmentos
;display_7s.h,74 :: 		
L_ASCII_a_7Segmentos67:
0x0112	0x3070      	MOVLW      112
0x0113	0x00C0      	MOVWF      R0
0x0114	0x3000      	MOVLW      0
0x0115	0x00C1      	MOVWF      R0+1
0x0116	0x29E1      	GOTO       L_end_ASCII_a_7Segmentos
;display_7s.h,75 :: 		
L_ASCII_a_7Segmentos68:
0x0117	0x306E      	MOVLW      110
0x0118	0x00C0      	MOVWF      R0
0x0119	0x3000      	MOVLW      0
0x011A	0x00C1      	MOVWF      R0+1
0x011B	0x29E1      	GOTO       L_end_ASCII_a_7Segmentos
;display_7s.h,76 :: 		
L_ASCII_a_7Segmentos69:
0x011C	0x3049      	MOVLW      73
0x011D	0x00C0      	MOVWF      R0
0x011E	0x3000      	MOVLW      0
0x011F	0x00C1      	MOVWF      R0+1
0x0120	0x29E1      	GOTO       L_end_ASCII_a_7Segmentos
;display_7s.h,77 :: 		
L_ASCII_a_7Segmentos20:
0x0121	0x0810      	MOVF       FARG_ASCII_a_7Segmentos_c, 0
0x0122	0x3A2B      	XORLW      43
0x0123	0x1903      	BTFSC      STATUS, 2
0x0124	0x283D      	GOTO       L_ASCII_a_7Segmentos22
0x0125	0x0810      	MOVF       FARG_ASCII_a_7Segmentos_c, 0
0x0126	0x3A27      	XORLW      39
0x0127	0x1903      	BTFSC      STATUS, 2
0x0128	0x2842      	GOTO       L_ASCII_a_7Segmentos23
0x0129	0x0810      	MOVF       FARG_ASCII_a_7Segmentos_c, 0
0x012A	0x3A2D      	XORLW      45
0x012B	0x1903      	BTFSC      STATUS, 2
0x012C	0x2847      	GOTO       L_ASCII_a_7Segmentos24
0x012D	0x0810      	MOVF       FARG_ASCII_a_7Segmentos_c, 0
0x012E	0x3A2E      	XORLW      46
0x012F	0x1903      	BTFSC      STATUS, 2
0x0130	0x284C      	GOTO       L_ASCII_a_7Segmentos25
0x0131	0x0810      	MOVF       FARG_ASCII_a_7Segmentos_c, 0
0x0132	0x3A2F      	XORLW      47
0x0133	0x1903      	BTFSC      STATUS, 2
0x0134	0x2850      	GOTO       L_ASCII_a_7Segmentos26
0x0135	0x0810      	MOVF       FARG_ASCII_a_7Segmentos_c, 0
0x0136	0x3A30      	XORLW      48
0x0137	0x1903      	BTFSC      STATUS, 2
0x0138	0x2853      	GOTO       L_ASCII_a_7Segmentos27
0x0139	0x0810      	MOVF       FARG_ASCII_a_7Segmentos_c, 0
0x013A	0x3A31      	XORLW      49
0x013B	0x1903      	BTFSC      STATUS, 2
0x013C	0x2858      	GOTO       L_ASCII_a_7Segmentos28
0x013D	0x0810      	MOVF       FARG_ASCII_a_7Segmentos_c, 0
0x013E	0x3A32      	XORLW      50
0x013F	0x1903      	BTFSC      STATUS, 2
0x0140	0x285D      	GOTO       L_ASCII_a_7Segmentos29
0x0141	0x0810      	MOVF       FARG_ASCII_a_7Segmentos_c, 0
0x0142	0x3A33      	XORLW      51
0x0143	0x1903      	BTFSC      STATUS, 2
0x0144	0x2862      	GOTO       L_ASCII_a_7Segmentos30
0x0145	0x0810      	MOVF       FARG_ASCII_a_7Segmentos_c, 0
0x0146	0x3A34      	XORLW      52
0x0147	0x1903      	BTFSC      STATUS, 2
0x0148	0x2867      	GOTO       L_ASCII_a_7Segmentos31
0x0149	0x0810      	MOVF       FARG_ASCII_a_7Segmentos_c, 0
0x014A	0x3A35      	XORLW      53
0x014B	0x1903      	BTFSC      STATUS, 2
0x014C	0x286C      	GOTO       L_ASCII_a_7Segmentos32
0x014D	0x0810      	MOVF       FARG_ASCII_a_7Segmentos_c, 0
0x014E	0x3A36      	XORLW      54
0x014F	0x1903      	BTFSC      STATUS, 2
0x0150	0x2871      	GOTO       L_ASCII_a_7Segmentos33
0x0151	0x0810      	MOVF       FARG_ASCII_a_7Segmentos_c, 0
0x0152	0x3A37      	XORLW      55
0x0153	0x1903      	BTFSC      STATUS, 2
0x0154	0x2876      	GOTO       L_ASCII_a_7Segmentos34
0x0155	0x0810      	MOVF       FARG_ASCII_a_7Segmentos_c, 0
0x0156	0x3A38      	XORLW      56
0x0157	0x1903      	BTFSC      STATUS, 2
0x0158	0x287B      	GOTO       L_ASCII_a_7Segmentos35
0x0159	0x0810      	MOVF       FARG_ASCII_a_7Segmentos_c, 0
0x015A	0x3A39      	XORLW      57
0x015B	0x1903      	BTFSC      STATUS, 2
0x015C	0x2880      	GOTO       L_ASCII_a_7Segmentos36
0x015D	0x0810      	MOVF       FARG_ASCII_a_7Segmentos_c, 0
0x015E	0x3A3A      	XORLW      58
0x015F	0x1903      	BTFSC      STATUS, 2
0x0160	0x2885      	GOTO       L_ASCII_a_7Segmentos37
0x0161	0x0810      	MOVF       FARG_ASCII_a_7Segmentos_c, 0
0x0162	0x3A3B      	XORLW      59
0x0163	0x1903      	BTFSC      STATUS, 2
0x0164	0x288A      	GOTO       L_ASCII_a_7Segmentos38
0x0165	0x0810      	MOVF       FARG_ASCII_a_7Segmentos_c, 0
0x0166	0x3A3C      	XORLW      60
0x0167	0x1903      	BTFSC      STATUS, 2
0x0168	0x288E      	GOTO       L_ASCII_a_7Segmentos39
0x0169	0x0810      	MOVF       FARG_ASCII_a_7Segmentos_c, 0
0x016A	0x3A3D      	XORLW      61
0x016B	0x1903      	BTFSC      STATUS, 2
0x016C	0x2891      	GOTO       L_ASCII_a_7Segmentos40
0x016D	0x0810      	MOVF       FARG_ASCII_a_7Segmentos_c, 0
0x016E	0x3A3E      	XORLW      62
0x016F	0x1903      	BTFSC      STATUS, 2
0x0170	0x2896      	GOTO       L_ASCII_a_7Segmentos41
0x0171	0x0810      	MOVF       FARG_ASCII_a_7Segmentos_c, 0
0x0172	0x3A3F      	XORLW      63
0x0173	0x1903      	BTFSC      STATUS, 2
0x0174	0x2899      	GOTO       L_ASCII_a_7Segmentos42
0x0175	0x0810      	MOVF       FARG_ASCII_a_7Segmentos_c, 0
0x0176	0x3A40      	XORLW      64
0x0177	0x1903      	BTFSC      STATUS, 2
0x0178	0x289C      	GOTO       L_ASCII_a_7Segmentos43
0x0179	0x0810      	MOVF       FARG_ASCII_a_7Segmentos_c, 0
0x017A	0x3A41      	XORLW      65
0x017B	0x1903      	BTFSC      STATUS, 2
0x017C	0x289F      	GOTO       L_ASCII_a_7Segmentos44
0x017D	0x0810      	MOVF       FARG_ASCII_a_7Segmentos_c, 0
0x017E	0x3A42      	XORLW      66
0x017F	0x1903      	BTFSC      STATUS, 2
0x0180	0x28A4      	GOTO       L_ASCII_a_7Segmentos45
0x0181	0x0810      	MOVF       FARG_ASCII_a_7Segmentos_c, 0
0x0182	0x3A43      	XORLW      67
0x0183	0x1903      	BTFSC      STATUS, 2
0x0184	0x28A9      	GOTO       L_ASCII_a_7Segmentos46
0x0185	0x0810      	MOVF       FARG_ASCII_a_7Segmentos_c, 0
0x0186	0x3A44      	XORLW      68
0x0187	0x1903      	BTFSC      STATUS, 2
0x0188	0x28AE      	GOTO       L_ASCII_a_7Segmentos47
0x0189	0x0810      	MOVF       FARG_ASCII_a_7Segmentos_c, 0
0x018A	0x3A45      	XORLW      69
0x018B	0x1903      	BTFSC      STATUS, 2
0x018C	0x28B3      	GOTO       L_ASCII_a_7Segmentos48
0x018D	0x0810      	MOVF       FARG_ASCII_a_7Segmentos_c, 0
0x018E	0x3A46      	XORLW      70
0x018F	0x1903      	BTFSC      STATUS, 2
0x0190	0x28B8      	GOTO       L_ASCII_a_7Segmentos49
0x0191	0x0810      	MOVF       FARG_ASCII_a_7Segmentos_c, 0
0x0192	0x3A47      	XORLW      71
0x0193	0x1903      	BTFSC      STATUS, 2
0x0194	0x28BD      	GOTO       L_ASCII_a_7Segmentos50
0x0195	0x0810      	MOVF       FARG_ASCII_a_7Segmentos_c, 0
0x0196	0x3A48      	XORLW      72
0x0197	0x1903      	BTFSC      STATUS, 2
0x0198	0x28C2      	GOTO       L_ASCII_a_7Segmentos51
0x0199	0x0810      	MOVF       FARG_ASCII_a_7Segmentos_c, 0
0x019A	0x3A49      	XORLW      73
0x019B	0x1903      	BTFSC      STATUS, 2
0x019C	0x28C7      	GOTO       L_ASCII_a_7Segmentos52
0x019D	0x0810      	MOVF       FARG_ASCII_a_7Segmentos_c, 0
0x019E	0x3A4A      	XORLW      74
0x019F	0x1903      	BTFSC      STATUS, 2
0x01A0	0x28CC      	GOTO       L_ASCII_a_7Segmentos53
0x01A1	0x0810      	MOVF       FARG_ASCII_a_7Segmentos_c, 0
0x01A2	0x3A4B      	XORLW      75
0x01A3	0x1903      	BTFSC      STATUS, 2
0x01A4	0x28D1      	GOTO       L_ASCII_a_7Segmentos54
0x01A5	0x0810      	MOVF       FARG_ASCII_a_7Segmentos_c, 0
0x01A6	0x3A4C      	XORLW      76
0x01A7	0x1903      	BTFSC      STATUS, 2
0x01A8	0x28D6      	GOTO       L_ASCII_a_7Segmentos55
0x01A9	0x0810      	MOVF       FARG_ASCII_a_7Segmentos_c, 0
0x01AA	0x3A4D      	XORLW      77
0x01AB	0x1903      	BTFSC      STATUS, 2
0x01AC	0x28DB      	GOTO       L_ASCII_a_7Segmentos56
0x01AD	0x0810      	MOVF       FARG_ASCII_a_7Segmentos_c, 0
0x01AE	0x3A4E      	XORLW      78
0x01AF	0x1903      	BTFSC      STATUS, 2
0x01B0	0x28E0      	GOTO       L_ASCII_a_7Segmentos57
0x01B1	0x0810      	MOVF       FARG_ASCII_a_7Segmentos_c, 0
0x01B2	0x3A4F      	XORLW      79
0x01B3	0x1903      	BTFSC      STATUS, 2
0x01B4	0x28E5      	GOTO       L_ASCII_a_7Segmentos58
0x01B5	0x0810      	MOVF       FARG_ASCII_a_7Segmentos_c, 0
0x01B6	0x3A50      	XORLW      80
0x01B7	0x1903      	BTFSC      STATUS, 2
0x01B8	0x28EA      	GOTO       L_ASCII_a_7Segmentos59
0x01B9	0x0810      	MOVF       FARG_ASCII_a_7Segmentos_c, 0
0x01BA	0x3A51      	XORLW      81
0x01BB	0x1903      	BTFSC      STATUS, 2
0x01BC	0x28EF      	GOTO       L_ASCII_a_7Segmentos60
0x01BD	0x0810      	MOVF       FARG_ASCII_a_7Segmentos_c, 0
0x01BE	0x3A52      	XORLW      82
0x01BF	0x1903      	BTFSC      STATUS, 2
0x01C0	0x28F4      	GOTO       L_ASCII_a_7Segmentos61
0x01C1	0x0810      	MOVF       FARG_ASCII_a_7Segmentos_c, 0
0x01C2	0x3A53      	XORLW      83
0x01C3	0x1903      	BTFSC      STATUS, 2
0x01C4	0x28F9      	GOTO       L_ASCII_a_7Segmentos62
0x01C5	0x0810      	MOVF       FARG_ASCII_a_7Segmentos_c, 0
0x01C6	0x3A54      	XORLW      84
0x01C7	0x1903      	BTFSC      STATUS, 2
0x01C8	0x28FE      	GOTO       L_ASCII_a_7Segmentos63
0x01C9	0x0810      	MOVF       FARG_ASCII_a_7Segmentos_c, 0
0x01CA	0x3A55      	XORLW      85
0x01CB	0x1903      	BTFSC      STATUS, 2
0x01CC	0x2903      	GOTO       L_ASCII_a_7Segmentos64
0x01CD	0x0810      	MOVF       FARG_ASCII_a_7Segmentos_c, 0
0x01CE	0x3A56      	XORLW      86
0x01CF	0x1903      	BTFSC      STATUS, 2
0x01D0	0x2908      	GOTO       L_ASCII_a_7Segmentos65
0x01D1	0x0810      	MOVF       FARG_ASCII_a_7Segmentos_c, 0
0x01D2	0x3A57      	XORLW      87
0x01D3	0x1903      	BTFSC      STATUS, 2
0x01D4	0x290D      	GOTO       L_ASCII_a_7Segmentos66
0x01D5	0x0810      	MOVF       FARG_ASCII_a_7Segmentos_c, 0
0x01D6	0x3A58      	XORLW      88
0x01D7	0x1903      	BTFSC      STATUS, 2
0x01D8	0x2912      	GOTO       L_ASCII_a_7Segmentos67
0x01D9	0x0810      	MOVF       FARG_ASCII_a_7Segmentos_c, 0
0x01DA	0x3A59      	XORLW      89
0x01DB	0x1903      	BTFSC      STATUS, 2
0x01DC	0x2917      	GOTO       L_ASCII_a_7Segmentos68
0x01DD	0x0810      	MOVF       FARG_ASCII_a_7Segmentos_c, 0
0x01DE	0x3A5A      	XORLW      90
0x01DF	0x1903      	BTFSC      STATUS, 2
0x01E0	0x291C      	GOTO       L_ASCII_a_7Segmentos69
;display_7s.h,79 :: 		
L_end_ASCII_a_7Segmentos:
0x01E1	0x0008      	RETURN
; end of _ASCII_a_7Segmentos
_main:
0x01E2	0x30A5      	MOVLW      165
0x01E3	0x1283      	BCF        STATUS, 5
0x01E4	0x008C      	MOVWF      _Char
0x01E5	0x018D      	CLRF       13
;Display_ABC.c,5 :: 		void main() {
;Display_ABC.c,6 :: 		TRISB = 0;
0x01E6	0x1683      	BSF        STATUS, 5
0x01E7	0x0186      	CLRF       TRISB
;Display_ABC.c,7 :: 		do {
L_main82:
;Display_ABC.c,8 :: 		if (Char == 167)
0x01E8	0x3000      	MOVLW      0
0x01E9	0x060D      	XORWF      _Char+1, 0
0x01EA	0x1D03      	BTFSS      STATUS, 2
0x01EB	0x29EE      	GOTO       L__main115
0x01EC	0x30A7      	MOVLW      167
0x01ED	0x060C      	XORWF      _Char, 0
L__main115:
0x01EE	0x1D03      	BTFSS      STATUS, 2
0x01EF	0x29F3      	GOTO       L_main85
;Display_ABC.c,9 :: 		PORTB = 0b11111111;
0x01F0	0x30FF      	MOVLW      255
0x01F1	0x1283      	BCF        STATUS, 5
0x01F2	0x0086      	MOVWF      PORTB
L_main85:
;Display_ABC.c,10 :: 		Char = 43;
0x01F3	0x302B      	MOVLW      43
0x01F4	0x008C      	MOVWF      _Char
0x01F5	0x3000      	MOVLW      0
0x01F6	0x008D      	MOVWF      _Char+1
;Display_ABC.c,12 :: 		Char = 48;
L_main86:
;Display_ABC.c,13 :: 		if (Char == 60)
0x01F7	0x3000      	MOVLW      0
0x01F8	0x060D      	XORWF      _Char+1, 0
0x01F9	0x1D03      	BTFSS      STATUS, 2
0x01FA	0x29FD      	GOTO       L__main116
0x01FB	0x303C      	MOVLW      60
0x01FC	0x060C      	XORWF      _Char, 0
L__main116:
0x01FD	0x1D03      	BTFSS      STATUS, 2
0x01FE	0x2A03      	GOTO       L_main87
;Display_ABC.c,14 :: 		Char = 61;
0x01FF	0x303D      	MOVLW      61
0x0200	0x008C      	MOVWF      _Char
0x0201	0x3000      	MOVLW      0
0x0202	0x008D      	MOVWF      _Char+1
L_main87:
;Display_ABC.c,15 :: 		if (Char == 62)
0x0203	0x3000      	MOVLW      0
0x0204	0x060D      	XORWF      _Char+1, 0
0x0205	0x1D03      	BTFSS      STATUS, 2
0x0206	0x2A09      	GOTO       L__main117
0x0207	0x303E      	MOVLW      62
0x0208	0x060C      	XORWF      _Char, 0
L__main117:
0x0209	0x1D03      	BTFSS      STATUS, 2
0x020A	0x2A0F      	GOTO       L_main88
;Display_ABC.c,16 :: 		Char = 65;
0x020B	0x3041      	MOVLW      65
0x020C	0x008C      	MOVWF      _Char
0x020D	0x3000      	MOVLW      0
0x020E	0x008D      	MOVWF      _Char+1
L_main88:
;Display_ABC.c,17 :: 		if (Char == 91)
0x020F	0x3000      	MOVLW      0
0x0210	0x060D      	XORWF      _Char+1, 0
0x0211	0x1D03      	BTFSS      STATUS, 2
0x0212	0x2A15      	GOTO       L__main118
0x0213	0x305B      	MOVLW      91
0x0214	0x060C      	XORWF      _Char, 0
L__main118:
0x0215	0x1D03      	BTFSS      STATUS, 2
0x0216	0x2A1A      	GOTO       L_main89
;Display_ABC.c,18 :: 		Char = 165;
0x0217	0x30A5      	MOVLW      165
0x0218	0x008C      	MOVWF      _Char
0x0219	0x018D      	CLRF       _Char+1
L_main89:
;Display_ABC.c,19 :: 		if (Char == 166)
0x021A	0x3000      	MOVLW      0
0x021B	0x060D      	XORWF      _Char+1, 0
0x021C	0x1D03      	BTFSS      STATUS, 2
0x021D	0x2A20      	GOTO       L__main119
0x021E	0x30A6      	MOVLW      166
0x021F	0x060C      	XORWF      _Char, 0
L__main119:
0x0220	0x1D03      	BTFSS      STATUS, 2
0x0221	0x2A25      	GOTO       L_main90
;Display_ABC.c,20 :: 		Char = 167;
0x0222	0x30A7      	MOVLW      167
0x0223	0x008C      	MOVWF      _Char
0x0224	0x018D      	CLRF       _Char+1
L_main90:
;Display_ABC.c,21 :: 		PORTB = ASCII_a_7Segmentos(Char);
0x0225	0x080C      	MOVF       _Char, 0
0x0226	0x0090      	MOVWF      FARG_ASCII_a_7Segmentos_c
0x0227	0x2015      	CALL       _ASCII_a_7Segmentos
0x0228	0x0840      	MOVF       R0, 0
0x0229	0x0086      	MOVWF      PORTB
;Display_ABC.c,22 :: 		Delay_ms(150);
0x022A	0x30C3      	MOVLW      195
0x022B	0x00CC      	MOVWF      R12
0x022C	0x30CD      	MOVLW      205
0x022D	0x00CD      	MOVWF      R13
L_main91:
0x022E	0x0BCD      	DECFSZ     R13, 1
0x022F	0x2A2E      	GOTO       L_main91
0x0230	0x0BCC      	DECFSZ     R12, 1
0x0231	0x2A2E      	GOTO       L_main91
;Display_ABC.c,23 :: 		Char++;
0x0232	0x0A8C      	INCF       _Char, 1
0x0233	0x1903      	BTFSC      STATUS, 2
0x0234	0x0A8D      	INCF       _Char+1, 1
;Display_ABC.c,24 :: 		} while(1);
0x0235	0x29E8      	GOTO       L_main82
;Display_ABC.c,25 :: 		}
L_end_main:
0x0236	0x2A36      	GOTO       $+0
; end of _main
Symbol List:
//** Routines locations **
//ADDRESS    SIZE    PROCEDURE
//----------------------------------------------
0x0003       [6]    _____DoICP
0x0009      [12]    ___CC2DW
0x0015     [461]    _ASCII_a_7Segmentos
0x01E2      [85]    _main
//** Variables locations ** 
//ADDRESS    SIZE    VARIABLE
//----------------------------------------------
0x0000       [1]    INDF
0x0002       [1]    PCL
0x0003       [1]    STATUS
0x0004       [1]    FSR
0x0006       [1]    PORTB
0x000A       [1]    PCLATH
0x000C       [2]    _Char
0x000E       [2]    ___DoICPAddr
0x0010       [1]    FARG_ASCII_a_7Segmentos_c
0x0040       [1]    R0
0x0041       [1]    R1
0x0042       [1]    R2
0x0043       [1]    R3
0x0044       [1]    R4
0x0045       [1]    R5
0x0046       [1]    R6
0x0047       [1]    R7
0x0048       [1]    R8
0x0049       [1]    R9
0x004A       [1]    R10
0x004B       [1]    R11
0x004C       [1]    R12
0x004D       [1]    R13
0x004E       [1]    R14
0x004F       [1]    R15
0x0086       [1]    TRISB
//** Label List: ** 
//----------------------------------------------
  L_Configuracion0
  L_Configuracion1
  L_Configuracion2
  L_Configuracion3
  L_Configuracion4
  L_Configuracion5
  L_Configuracion6
  L_Configuracion7
  L_Configuracion8
  L_Configuracion9
  L_ASCII_a_7Segmentos10
  L_ASCII_a_7Segmentos11
  L_ASCII_a_7Segmentos12
  L_ASCII_a_7Segmentos13
  L_ASCII_a_7Segmentos14
  L_ASCII_a_7Segmentos15
  L_ASCII_a_7Segmentos16
  L_ASCII_a_7Segmentos17
  L_ASCII_a_7Segmentos18
  L_ASCII_a_7Segmentos19
  L_ASCII_a_7Segmentos20
  L_ASCII_a_7Segmentos21
  L_ASCII_a_7Segmentos22
  L_ASCII_a_7Segmentos23
  L_ASCII_a_7Segmentos24
  L_ASCII_a_7Segmentos25
  L_ASCII_a_7Segmentos26
  L_ASCII_a_7Segmentos27
  L_ASCII_a_7Segmentos28
  L_ASCII_a_7Segmentos29
  L_ASCII_a_7Segmentos30
  L_ASCII_a_7Segmentos31
  L_ASCII_a_7Segmentos32
  L_ASCII_a_7Segmentos33
  L_ASCII_a_7Segmentos34
  L_ASCII_a_7Segmentos35
  L_ASCII_a_7Segmentos36
  L_ASCII_a_7Segmentos37
  L_ASCII_a_7Segmentos38
  L_ASCII_a_7Segmentos39
  L_ASCII_a_7Segmentos40
  L_ASCII_a_7Segmentos41
  L_ASCII_a_7Segmentos42
  L_ASCII_a_7Segmentos43
  L_ASCII_a_7Segmentos44
  L_ASCII_a_7Segmentos45
  L_ASCII_a_7Segmentos46
  L_ASCII_a_7Segmentos47
  L_ASCII_a_7Segmentos48
  L_ASCII_a_7Segmentos49
  L_ASCII_a_7Segmentos50
  L_ASCII_a_7Segmentos51
  L_ASCII_a_7Segmentos52
  L_ASCII_a_7Segmentos53
  L_ASCII_a_7Segmentos54
  L_ASCII_a_7Segmentos55
  L_ASCII_a_7Segmentos56
  L_ASCII_a_7Segmentos57
  L_ASCII_a_7Segmentos58
  L_ASCII_a_7Segmentos59
  L_ASCII_a_7Segmentos60
  L_ASCII_a_7Segmentos61
  L_ASCII_a_7Segmentos62
  L_ASCII_a_7Segmentos63
  L_ASCII_a_7Segmentos64
  L_ASCII_a_7Segmentos65
  L_ASCII_a_7Segmentos66
  L_ASCII_a_7Segmentos67
  L_ASCII_a_7Segmentos68
  L_ASCII_a_7Segmentos69
  L_Numero_a_7Segmentos70
  L_Numero_a_7Segmentos71
  L_Numero_a_7Segmentos72
  L_Numero_a_7Segmentos73
  L_Numero_a_7Segmentos74
  L_Numero_a_7Segmentos75
  L_Numero_a_7Segmentos76
  L_Numero_a_7Segmentos77
  L_Numero_a_7Segmentos78
  L_Numero_a_7Segmentos79
  L_Numero_a_7Segmentos80
  L_Numero_a_7Segmentos81
  L_main82
  L_main83
  L_main84
  L_main85
  L_main86
  L_main87
  L_main88
  L_main89
  L_main90
  L_main91
  L__ASCII_a_7Segmentos92
  L_end_Configuracion
  _Configuracion
  L__Configuracion94
  L__Configuracion95
  L__Configuracion96
  L__Configuracion97
  L__Configuracion98
  L__Configuracion99
  L__Configuracion100
  L__Configuracion101
  L_end_ASCII_a_7Segmentos
  _ASCII_a_7Segmentos
  L_end_Numero_a_7Segmentos
  _Numero_a_7Segmentos
  L__Numero_a_7Segmentos104
  L__Numero_a_7Segmentos105
  L__Numero_a_7Segmentos106
  L__Numero_a_7Segmentos107
  L__Numero_a_7Segmentos108
  L__Numero_a_7Segmentos109
  L__Numero_a_7Segmentos110
  L__Numero_a_7Segmentos111
  L__Numero_a_7Segmentos112
  L__Numero_a_7Segmentos113
  L_end_main
  _main
  L__main115
  L__main116
  L__main117
  L__main118
  L__main119
  L_loopCA2AWs
  L_CA2AWend
  _CCA2AW_Loop1
  L_loopCS2Ss
  L_CS2Send
  _CCS2S_Loop1
  L_CCS2Send
  L_loopFZinSWs
  L_FZinSend
  _CC2D_Loop1
  L_end_____DoICP
  _____DoICP
  L_end_____DoIFC
  _____DoIFC
  L_end___CA2AW
  ___CA2AW
  L_end___CCA2AW
  ___CCA2AW
  L_end___CS2S
  ___CS2S
  L_end___CCS2S
  ___CCS2S
  L_end___FZinS
  ___FZinS
  L_end___CC2DW
  ___CC2DW
  L_end_Swap
  _Swap
