MPASM  5.51                DISPLAY_05_628.ASM   9-27-2021  12:08:16         PAGE  1


LOC  OBJECT CODE     LINE SOURCE TEXT
  VALUE

2007   3F51           00001         __CONFIG _CP_OFF&_WDT_OFF&_PWRTE_ON&_LVP_OFF&_MCLRE_OFF&_INTOSC_OSC_CLKOUT
                      00002         LIST    P=16F628A
                      00003         INCLUDE <P16F628A.INC>
                      00001         LIST
                      00002 
                      00003 ;==========================================================================
                      00004 ;  MPASM PIC16F628A processor include
                      00005 ; 
                      00006 ;  (c) Copyright 1999-2013 Microchip Technology, All rights reserved
                      00007 ;==========================================================================
                      00008 
                      00385         LIST
                      00004 
                      00005         CBLOCK 0x20
                      00006         ENDC
                      00007 
Warning[207]: Found label after column 1. (Caracter)
  0000005A            00008         Caracter EQU    'Z'
                      00009 
0000                  00010         ORG 0
                      00011                 
0000                  00012 Inicio  
0000   1683           00013         bsf     STATUS,RP0
Message[302]: Register in operand not in bank 0.  Ensure that bank bits are correct.
0001   0186           00014         clrf    TRISB
0002   1283           00015         bcf             STATUS,RP0
                      00016         
0003                  00017 Principal
0003   305A           00018         movlw   Caracter
0004   2009           00019         call    ASCII_a_7Segmentos
0005   0086           00020         movwf   PORTB
0006   2803           00021         goto    Principal
                      00022 
                      00023         INCLUDE <DISPLAY_7S.INC>
                      00001         CBLOCK
  00000020            00002         Display7s_Dato
                      00003         ENDC
                      00004         
0007                  00005 Numero_a_7Segmentos
0007   390F           00006         andlw   b'00001111'
0008   3930           00007         andlw   '0'
                      00008 
0009                  00009 ASCII_a_7Segmentos
0009   00A0           00010         movwf   Display7s_Dato
000A   3C20           00011         sublw   ' '
000B   1903           00012         btfsc   STATUS,Z
000C   3400           00013         retlw   00h
000D   0820           00014         movf    Display7s_Dato,W
000E   3CD1           00015         sublw   'Ñ'
000F   1903           00016         btfsc   STATUS,Z
0010   3455           00017         retlw   55h
0011   0820           00018         movf    Display7s_Dato,W
0012   3CB0           00019         sublw   '°'
MPASM  5.51                DISPLAY_05_628.ASM   9-27-2021  12:08:16         PAGE  2


LOC  OBJECT CODE     LINE SOURCE TEXT
  VALUE

0013   1903           00020         btfsc   STATUS,Z
0014   3463           00021         retlw   63h
                      00022 
0015   0820           00023         movf    Display7s_Dato,W
0016   3C5A           00024         sublw   'Z'
0017   1C03           00025         btfss   STATUS,C
0018   3480           00026         retlw   b'10000000'
0019   302B           00027         movlw   '+'
001A   0220           00028         subwf   Display7s_Dato,W
001B   1C03           00029         btfss   STATUS,C
001C   3480           00030         retlw   b'10000000'
                      00031 
001D   0782           00032         addwf   PCL,F
                      00033 
001E                  00034 InicioTablaASCII
001E   3446 3404 3440 00035         DT      46h,04h,40h,80h,00h,3Fh,06h,5Bh,4Fh,66h,6Dh
       3480 3400 343F 
       3406 345B 344F 
       3466 346D 
0029   347D 3407 347F 00036         DT      7Dh,07h,7Fh,67h,41h,88h,00h,48h,00h,00h,00h
       3467 3441 3488 
       3400 3448 3400 
       3400 3400 
0034   3477 347C 3439 00037         DT      77h,7Ch,39h,5Eh,79h,71h,6Fh,76h,19h,1Eh,7Ah,38h,37h
       345E 3479 3471 
       346F 3476 3419 
       341E 347A 3438 
       3437 
0041   3454 343F 3473 00038         DT      54h,3Fh,73h,67h,50h,6Dh,78h,1Ch,3Eh,1Dh,70h,6Eh,49h
       3467 3450 346D 
       3478 341C 343E 
       341D 3470 346E 
       3449 
004E                  00039 FinTablaASCII
                      00040 
                      00041         IF (FinTablaASCII > 0xFF)
                      00042                 ERROR "Cuidado la tabla ha superado el tamaño de la pagina"
                      00043                 MESSG "Primeros 256 bytes de la memoria ROM, NO funcionan correctamente"
                      00044         ENDIF
                      00024 
                      00025                 END
MPASM  5.51                DISPLAY_05_628.ASM   9-27-2021  12:08:16         PAGE  3


SYMBOL TABLE
  LABEL                             VALUE 

ADDEN                             00000003
ADEN                              00000003
ASCII_a_7Segmentos                00000009
BRGH                              00000002
C                                 00000000
C1INV                             00000004
C1OUT                             00000006
C2INV                             00000005
C2OUT                             00000007
CCP1CON                           00000017
CCP1IE                            00000002
CCP1IF                            00000002
CCP1M0                            00000000
CCP1M1                            00000001
CCP1M2                            00000002
CCP1M3                            00000003
CCP1X                             00000005
CCP1Y                             00000004
CCPR1                             00000015
CCPR1H                            00000016
CCPR1L                            00000015
CIS                               00000003
CM0                               00000000
CM1                               00000001
CM2                               00000002
CMCON                             0000001F
CMIE                              00000006
CMIF                              00000006
CREN                              00000004
CSRC                              00000007
Caracter                          0000005A
DATA_CP_OFF                       00003FFF
DATA_CP_ON                        00003EFF
DC                                00000001
Display7s_Dato                    00000020
EEADR                             0000009B
EECON1                            0000009C
EECON2                            0000009D
EEDATA                            0000009A
EEIE                              00000007
EEIF                              00000007
F                                 00000001
FERR                              00000002
FSR                               00000004
FinTablaASCII                     0000004E
GIE                               00000007
INDF                              00000000
INTCON                            0000000B
INTE                              00000004
INTEDG                            00000006
INTF                              00000001
IRP                               00000007
Inicio                            00000000
MPASM  5.51                DISPLAY_05_628.ASM   9-27-2021  12:08:16         PAGE  4


SYMBOL TABLE
  LABEL                             VALUE 

InicioTablaASCII                  0000001E
NOT_BO                            00000000
NOT_BOD                           00000000
NOT_BOR                           00000000
NOT_PD                            00000003
NOT_POR                           00000001
NOT_RBPU                          00000007
NOT_T1SYNC                        00000002
NOT_TO                            00000004
Numero_a_7Segmentos               00000007
OERR                              00000001
OPTION_REG                        00000081
OSCF                              00000003
PCL                               00000002
PCLATH                            0000000A
PCON                              0000008E
PEIE                              00000006
PIE1                              0000008C
PIR1                              0000000C
PORTA                             00000005
PORTB                             00000006
PR2                               00000092
PS0                               00000000
PS1                               00000001
PS2                               00000002
PSA                               00000003
Principal                         00000003
RA0                               00000000
RA1                               00000001
RA2                               00000002
RA3                               00000003
RA4                               00000004
RA5                               00000005
RA6                               00000006
RA7                               00000007
RB0                               00000000
RB1                               00000001
RB2                               00000002
RB3                               00000003
RB4                               00000004
RB5                               00000005
RB6                               00000006
RB7                               00000007
RBIE                              00000003
RBIF                              00000000
RCIE                              00000005
RCIF                              00000005
RCREG                             0000001A
RCSTA                             00000018
RD                                00000000
RP0                               00000005
RP1                               00000006
RX9                               00000006
MPASM  5.51                DISPLAY_05_628.ASM   9-27-2021  12:08:16         PAGE  5


SYMBOL TABLE
  LABEL                             VALUE 

RX9D                              00000000
SPBRG                             00000099
SPEN                              00000007
SREN                              00000005
STATUS                            00000003
SYNC                              00000004
T0CS                              00000005
T0IE                              00000005
T0IF                              00000002
T0SE                              00000004
T1CKPS0                           00000004
T1CKPS1                           00000005
T1CON                             00000010
T1OSCEN                           00000003
T2CKPS0                           00000000
T2CKPS1                           00000001
T2CON                             00000012
TMR0                              00000001
TMR0IE                            00000005
TMR0IF                            00000002
TMR1                              0000000E
TMR1CS                            00000001
TMR1H                             0000000F
TMR1IE                            00000000
TMR1IF                            00000000
TMR1L                             0000000E
TMR1ON                            00000000
TMR2                              00000011
TMR2IE                            00000001
TMR2IF                            00000001
TMR2ON                            00000002
TOUTPS0                           00000003
TOUTPS1                           00000004
TOUTPS2                           00000005
TOUTPS3                           00000006
TRISA                             00000085
TRISA0                            00000000
TRISA1                            00000001
TRISA2                            00000002
TRISA3                            00000003
TRISA4                            00000004
TRISA5                            00000005
TRISA6                            00000006
TRISA7                            00000007
TRISB                             00000086
TRISB0                            00000000
TRISB1                            00000001
TRISB2                            00000002
TRISB3                            00000003
TRISB4                            00000004
TRISB5                            00000005
TRISB6                            00000006
TRISB7                            00000007
MPASM  5.51                DISPLAY_05_628.ASM   9-27-2021  12:08:16         PAGE  6


SYMBOL TABLE
  LABEL                             VALUE 

TRMT                              00000001
TX9                               00000006
TX9D                              00000000
TXEN                              00000005
TXIE                              00000004
TXIF                              00000004
TXREG                             00000019
TXSTA                             00000098
VR0                               00000000
VR1                               00000001
VR2                               00000002
VR3                               00000003
VRCON                             0000009F
VREN                              00000007
VROE                              00000006
VRR                               00000005
W                                 00000000
WR                                00000001
WREN                              00000002
WRERR                             00000003
Z                                 00000002
_BODEN_OFF                        00003FBF
_BODEN_ON                         00003FFF
_BOREN_OFF                        00003FBF
_BOREN_ON                         00003FFF
_CONFIG                           00002007
_CPD_OFF                          00003FFF
_CPD_ON                           00003EFF
_CP_OFF                           00003FFF
_CP_ON                            00001FFF
_DEVID1                           00002006
_ER_OSC_CLKOUT                    00003FFF
_ER_OSC_NOCLKOUT                  00003FFE
_EXTCLK_OSC                       00003FEF
_FOSC_ECIO                        00003FEF
_FOSC_EXTRCCLK                    00003FFF
_FOSC_EXTRCIO                     00003FFE
_FOSC_HS                          00003FEE
_FOSC_INTOSCCLK                   00003FFD
_FOSC_INTOSCIO                    00003FFC
_FOSC_LP                          00003FEC
_FOSC_XT                          00003FED
_HS_OSC                           00003FEE
_IDLOC0                           00002000
_IDLOC1                           00002001
_IDLOC2                           00002002
_IDLOC3                           00002003
_INTOSC_OSC_CLKOUT                00003FFD
_INTOSC_OSC_NOCLKOUT              00003FFC
_INTRC_OSC_CLKOUT                 00003FFD
_INTRC_OSC_NOCLKOUT               00003FFC
_LP_OSC                           00003FEC
_LVP_OFF                          00003F7F
MPASM  5.51                DISPLAY_05_628.ASM   9-27-2021  12:08:16         PAGE  7


SYMBOL TABLE
  LABEL                             VALUE 

_LVP_ON                           00003FFF
_MCLRE_OFF                        00003FDF
_MCLRE_ON                         00003FFF
_PWRTE_OFF                        00003FFF
_PWRTE_ON                         00003FF7
_RC_OSC_CLKOUT                    00003FFF
_RC_OSC_NOCLKOUT                  00003FFE
_WDTE_OFF                         00003FFB
_WDTE_ON                          00003FFF
_WDT_OFF                          00003FFB
_WDT_ON                           00003FFF
_XT_OSC                           00003FED
__16F628A                         00000001


MEMORY USAGE MAP ('X' = Used,  '-' = Unused)

0000 : XXXXXXXXXXXXXXXX XXXXXXXXXXXXXXXX XXXXXXXXXXXXXXXX XXXXXXXXXXXXXXXX
0040 : XXXXXXXXXXXXXX-- ---------------- ---------------- ----------------
2000 : -------X-------- ---------------- ---------------- ----------------

All other memory blocks unused.

Program Memory Words Used:    78
Program Memory Words Free:  1970


Errors   :     0
Warnings :     1 reported,     0 suppressed
Messages :     1 reported,     0 suppressed

